ARM GAS  C:\Users\dshen\AppData\Local\Temp\cc08ffCZ.s 			page 1


   1              		.syntax unified
   2              		.cpu cortex-m3
   3              		.fpu softvfp
   4              		.eabi_attribute 20, 1
   5              		.eabi_attribute 21, 1
   6              		.eabi_attribute 23, 3
   7              		.eabi_attribute 24, 1
   8              		.eabi_attribute 25, 1
   9              		.eabi_attribute 26, 1
  10              		.eabi_attribute 30, 1
  11              		.eabi_attribute 34, 1
  12              		.eabi_attribute 18, 4
  13              		.thumb
  14              		.syntax unified
  15              		.file	"cymetadata.c"
  16              		.text
  17              	.Ltext0:
  18              		.cfi_sections	.debug_frame
  19              		.global	cy_metadata
  20              		.global	cy_meta_flashprotect
  21              		.global	cy_meta_wonvl
  22              		.global	cy_meta_custnvl
  23              		.global	cy_meta_configecc
  24              		.section	.cyconfigecc,"a",%progbits
  25              		.align	2
  26              		.type	cy_meta_configecc, %object
  27              		.size	cy_meta_configecc, 260
  28              	cy_meta_configecc:
  29 0000 04       		.byte	4
  30 0001 4F       		.byte	79
  31 0002 00       		.byte	0
  32 0003 40       		.byte	64
  33 0004 01       		.byte	1
  34 0005 52       		.byte	82
  35 0006 00       		.byte	0
  36 0007 40       		.byte	64
  37 0008 01       		.byte	1
  38 0009 64       		.byte	100
  39 000a 00       		.byte	0
  40 000b 40       		.byte	64
  41 000c 01       		.byte	1
  42 000d 07       		.byte	7
  43 000e 01       		.byte	1
  44 000f 40       		.byte	64
  45 0010 02       		.byte	2
  46 0011 09       		.byte	9
  47 0012 01       		.byte	1
  48 0013 40       		.byte	64
  49 0014 30       		.byte	48
  50 0015 0A       		.byte	10
  51 0016 01       		.byte	1
  52 0017 40       		.byte	64
  53 0018 1C       		.byte	28
  54 0019 0B       		.byte	11
  55 001a 01       		.byte	1
  56 001b 40       		.byte	64
  57 001c 03       		.byte	3
ARM GAS  C:\Users\dshen\AppData\Local\Temp\cc08ffCZ.s 			page 2


  58 001d 42       		.byte	66
  59 001e 01       		.byte	1
  60 001f 40       		.byte	64
  61 0020 03       		.byte	3
  62 0021 43       		.byte	67
  63 0022 01       		.byte	1
  64 0023 40       		.byte	64
  65 0024 02       		.byte	2
  66 0025 45       		.byte	69
  67 0026 01       		.byte	1
  68 0027 40       		.byte	64
  69 0028 03       		.byte	3
  70 0029 46       		.byte	70
  71 002a 01       		.byte	1
  72 002b 40       		.byte	64
  73 002c 02       		.byte	2
  74 002d 50       		.byte	80
  75 002e 01       		.byte	1
  76 002f 40       		.byte	64
  77 0030 01       		.byte	1
  78 0031 10       		.byte	16
  79 0032 0A       		.byte	10
  80 0033 4B       		.byte	75
  81 0034 0D       		.byte	13
  82 0035 20       		.byte	32
  83 0036 16       		.byte	22
  84 0037 4B       		.byte	75
  85 0038 11       		.byte	17
  86 0039 02       		.byte	2
  87 003a 8B       		.byte	-117
  88 003b 0F       		.byte	15
  89 003c EE       		.byte	-18
  90 003d 0C       		.byte	12
  91 003e AB       		.byte	-85
  92 003f 20       		.byte	32
  93 0040 AF       		.byte	-81
  94 0041 01       		.byte	1
  95 0042 38       		.byte	56
  96 0043 22       		.byte	34
  97 0044 3E       		.byte	62
  98 0045 11       		.byte	17
  99 0046 58       		.byte	88
 100 0047 04       		.byte	4
 101 0048 5F       		.byte	95
 102 0049 01       		.byte	1
 103 004a 83       		.byte	-125
 104 004b 02       		.byte	2
 105 004c 88       		.byte	-120
 106 004d 01       		.byte	1
 107 004e 8B       		.byte	-117
 108 004f 01       		.byte	1
 109 0050 8F       		.byte	-113
 110 0051 04       		.byte	4
 111 0052 9C       		.byte	-100
 112 0053 04       		.byte	4
 113 0054 9F       		.byte	-97
 114 0055 05       		.byte	5
ARM GAS  C:\Users\dshen\AppData\Local\Temp\cc08ffCZ.s 			page 3


 115 0056 A6       		.byte	-90
 116 0057 0C       		.byte	12
 117 0058 AE       		.byte	-82
 118 0059 03       		.byte	3
 119 005a B0       		.byte	-80
 120 005b 04       		.byte	4
 121 005c B1       		.byte	-79
 122 005d 02       		.byte	2
 123 005e B2       		.byte	-78
 124 005f 01       		.byte	1
 125 0060 B3       		.byte	-77
 126 0061 01       		.byte	1
 127 0062 B4       		.byte	-76
 128 0063 02       		.byte	2
 129 0064 B5       		.byte	-75
 130 0065 04       		.byte	4
 131 0066 B6       		.byte	-74
 132 0067 08       		.byte	8
 133 0068 BF       		.byte	-65
 134 0069 10       		.byte	16
 135 006a C0       		.byte	-64
 136 006b 10       		.byte	16
 137 006c C1       		.byte	-63
 138 006d 05       		.byte	5
 139 006e C5       		.byte	-59
 140 006f D0       		.byte	-48
 141 0070 C6       		.byte	-58
 142 0071 12       		.byte	18
 143 0072 C7       		.byte	-57
 144 0073 50       		.byte	80
 145 0074 C8       		.byte	-56
 146 0075 2E       		.byte	46
 147 0076 C9       		.byte	-55
 148 0077 FF       		.byte	-1
 149 0078 CA       		.byte	-54
 150 0079 FF       		.byte	-1
 151 007a CB       		.byte	-53
 152 007b FF       		.byte	-1
 153 007c CD       		.byte	-51
 154 007d A0       		.byte	-96
 155 007e CF       		.byte	-49
 156 007f 04       		.byte	4
 157 0080 D0       		.byte	-48
 158 0081 18       		.byte	24
 159 0082 D2       		.byte	-46
 160 0083 80       		.byte	-128
 161 0084 D4       		.byte	-44
 162 0085 07       		.byte	7
 163 0086 D8       		.byte	-40
 164 0087 04       		.byte	4
 165 0088 D9       		.byte	-39
 166 0089 04       		.byte	4
 167 008a DA       		.byte	-38
 168 008b 04       		.byte	4
 169 008c DB       		.byte	-37
 170 008d 04       		.byte	4
 171 008e DF       		.byte	-33
ARM GAS  C:\Users\dshen\AppData\Local\Temp\cc08ffCZ.s 			page 4


 172 008f 01       		.byte	1
 173 0090 E0       		.byte	-32
 174 0091 40       		.byte	64
 175 0092 E2       		.byte	-30
 176 0093 C0       		.byte	-64
 177 0094 E4       		.byte	-28
 178 0095 40       		.byte	64
 179 0096 E5       		.byte	-27
 180 0097 40       		.byte	64
 181 0098 E6       		.byte	-26
 182 0099 C0       		.byte	-64
 183 009a E8       		.byte	-24
 184 009b C0       		.byte	-64
 185 009c EA       		.byte	-22
 186 009d C0       		.byte	-64
 187 009e EC       		.byte	-20
 188 009f C0       		.byte	-64
 189 00a0 EE       		.byte	-18
 190 00a1 C0       		.byte	-64
 191 00a2 05       		.byte	5
 192 00a3 10       		.byte	16
 193 00a4 0E       		.byte	14
 194 00a5 02       		.byte	2
 195 00a6 16       		.byte	22
 196 00a7 21       		.byte	33
 197 00a8 1B       		.byte	27
 198 00a9 21       		.byte	33
 199 00aa 1D       		.byte	29
 200 00ab 10       		.byte	16
 201 00ac 1E       		.byte	30
 202 00ad 62       		.byte	98
 203 00ae 24       		.byte	36
 204 00af 10       		.byte	16
 205 00b0 27       		.byte	39
 206 00b1 88       		.byte	-120
 207 00b2 37       		.byte	55
 208 00b3 80       		.byte	-128
 209 00b4 3C       		.byte	60
 210 00b5 02       		.byte	2
 211 00b6 3E       		.byte	62
 212 00b7 20       		.byte	32
 213 00b8 3F       		.byte	63
 214 00b9 80       		.byte	-128
 215 00ba 47       		.byte	71
 216 00bb 80       		.byte	-128
 217 00bc 4F       		.byte	79
 218 00bd 81       		.byte	-127
 219 00be 56       		.byte	86
 220 00bf 21       		.byte	33
 221 00c0 57       		.byte	87
 222 00c1 40       		.byte	64
 223 00c2 5E       		.byte	94
 224 00c3 60       		.byte	96
 225 00c4 5F       		.byte	95
 226 00c5 09       		.byte	9
 227 00c6 74       		.byte	116
 228 00c7 01       		.byte	1
ARM GAS  C:\Users\dshen\AppData\Local\Temp\cc08ffCZ.s 			page 5


 229 00c8 8C       		.byte	-116
 230 00c9 10       		.byte	16
 231 00ca C0       		.byte	-64
 232 00cb 40       		.byte	64
 233 00cc C2       		.byte	-62
 234 00cd 80       		.byte	-128
 235 00ce C4       		.byte	-60
 236 00cf A0       		.byte	-96
 237 00d0 CC       		.byte	-52
 238 00d1 10       		.byte	16
 239 00d2 CE       		.byte	-50
 240 00d3 B0       		.byte	-80
 241 00d4 D0       		.byte	-48
 242 00d5 10       		.byte	16
 243 00d6 D2       		.byte	-46
 244 00d7 10       		.byte	16
 245 00d8 D6       		.byte	-42
 246 00d9 F0       		.byte	-16
 247 00da 63       		.byte	99
 248 00db 02       		.byte	2
 249 00dc 67       		.byte	103
 250 00dd 02       		.byte	2
 251 00de D6       		.byte	-42
 252 00df C0       		.byte	-64
 253 00e0 AB       		.byte	-85
 254 00e1 01       		.byte	1
 255 00e2 AF       		.byte	-81
 256 00e3 01       		.byte	1
 257 00e4 EE       		.byte	-18
 258 00e5 30       		.byte	48
 259 00e6 5A       		.byte	90
 260 00e7 80       		.byte	-128
 261 00e8 D4       		.byte	-44
 262 00e9 01       		.byte	1
 263 00ea 8E       		.byte	-114
 264 00eb 40       		.byte	64
 265 00ec 96       		.byte	-106
 266 00ed 80       		.byte	-128
 267 00ee E0       		.byte	-32
 268 00ef 08       		.byte	8
 269 00f0 00       		.byte	0
 270 00f1 01       		.byte	1
 271 00f2 0C       		.byte	12
 272 00f3 01       		.byte	1
 273 00f4 00       		.byte	0
 274 00f5 0B       		.byte	11
 275 00f6 0B       		.byte	11
 276 00f7 00       		.byte	0
 277 00f8 00       		.byte	0
 278 00f9 00       		.byte	0
 279 00fa 00       		.byte	0
 280 00fb 00       		.byte	0
 281 00fc 00       		.byte	0
 282 00fd 02       		.byte	2
 283 00fe 02       		.byte	2
 284 00ff 00       		.byte	0
 285 0100 02       		.byte	2
ARM GAS  C:\Users\dshen\AppData\Local\Temp\cc08ffCZ.s 			page 6


 286 0101 00       		.byte	0
 287 0102 00       		.byte	0
 288 0103 00       		.byte	0
 289              		.section	.cywolatch,"a",%progbits
 290              		.align	2
 291              		.type	cy_meta_wonvl, %object
 292              		.size	cy_meta_wonvl, 4
 293              	cy_meta_wonvl:
 294 0000 BC       		.byte	-68
 295 0001 90       		.byte	-112
 296 0002 AC       		.byte	-84
 297 0003 AF       		.byte	-81
 298              		.section	.cycustnvl,"a",%progbits
 299              		.align	2
 300              		.type	cy_meta_custnvl, %object
 301              		.size	cy_meta_custnvl, 4
 302              	cy_meta_custnvl:
 303 0000 00       		.byte	0
 304 0001 00       		.byte	0
 305 0002 40       		.byte	64
 306 0003 05       		.byte	5
 307              		.section	.cymeta,"a",%progbits
 308              		.align	2
 309              		.type	cy_metadata, %object
 310              		.size	cy_metadata, 12
 311              	cy_metadata:
 312 0000 00       		.byte	0
 313 0001 01       		.byte	1
 314 0002 2E       		.byte	46
 315 0003 16       		.byte	22
 316 0004 10       		.byte	16
 317 0005 69       		.byte	105
 318 0006 00       		.byte	0
 319 0007 01       		.byte	1
 320 0008 00       		.byte	0
 321 0009 00       		.byte	0
 322 000a 00       		.byte	0
 323 000b 00       		.byte	0
 324              		.section	.cyflashprotect,"a",%progbits
 325              		.align	2
 326              		.type	cy_meta_flashprotect, %object
 327              		.size	cy_meta_flashprotect, 256
 328              	cy_meta_flashprotect:
 329 0000 00000000 		.space	256
 329      00000000 
 329      00000000 
 329      00000000 
 329      00000000 
 330              		.text
 331              	.Letext0:
 332              		.file 1 "c:\\program files (x86)\\cypress\\psoc creator\\4.3\\psoc creator\\import\\gnu\\arm\\5.4.
 333              		.file 2 "c:\\program files (x86)\\cypress\\psoc creator\\4.3\\psoc creator\\import\\gnu\\arm\\5.4.
 334              		.file 3 "Generated_Source\\PSoC5\\cymetadata.c"
 335              		.section	.debug_info,"",%progbits
 336              	.Ldebug_info0:
 337 0000 31010000 		.4byte	0x131
 338 0004 0400     		.2byte	0x4
ARM GAS  C:\Users\dshen\AppData\Local\Temp\cc08ffCZ.s 			page 7


 339 0006 00000000 		.4byte	.Ldebug_abbrev0
 340 000a 04       		.byte	0x4
 341 000b 01       		.uleb128 0x1
 342 000c 24000000 		.4byte	.LASF17
 343 0010 0C       		.byte	0xc
 344 0011 CF010000 		.4byte	.LASF18
 345 0015 F9000000 		.4byte	.LASF19
 346 0019 00000000 		.4byte	.Ldebug_line0
 347 001d 02       		.uleb128 0x2
 348 001e 01       		.byte	0x1
 349 001f 06       		.byte	0x6
 350 0020 C3010000 		.4byte	.LASF0
 351 0024 03       		.uleb128 0x3
 352 0025 00000000 		.4byte	.LASF9
 353 0029 01       		.byte	0x1
 354 002a 1D       		.byte	0x1d
 355 002b 2F000000 		.4byte	0x2f
 356 002f 02       		.uleb128 0x2
 357 0030 01       		.byte	0x1
 358 0031 08       		.byte	0x8
 359 0032 16000000 		.4byte	.LASF1
 360 0036 02       		.uleb128 0x2
 361 0037 02       		.byte	0x2
 362 0038 05       		.byte	0x5
 363 0039 B0010000 		.4byte	.LASF2
 364 003d 02       		.uleb128 0x2
 365 003e 02       		.byte	0x2
 366 003f 07       		.byte	0x7
 367 0040 C4000000 		.4byte	.LASF3
 368 0044 02       		.uleb128 0x2
 369 0045 04       		.byte	0x4
 370 0046 05       		.byte	0x5
 371 0047 BA010000 		.4byte	.LASF4
 372 004b 02       		.uleb128 0x2
 373 004c 04       		.byte	0x4
 374 004d 07       		.byte	0x7
 375 004e B2000000 		.4byte	.LASF5
 376 0052 02       		.uleb128 0x2
 377 0053 08       		.byte	0x8
 378 0054 05       		.byte	0x5
 379 0055 A2010000 		.4byte	.LASF6
 380 0059 02       		.uleb128 0x2
 381 005a 08       		.byte	0x8
 382 005b 07       		.byte	0x7
 383 005c 57010000 		.4byte	.LASF7
 384 0060 04       		.uleb128 0x4
 385 0061 04       		.byte	0x4
 386 0062 05       		.byte	0x5
 387 0063 696E7400 		.ascii	"int\000"
 388 0067 02       		.uleb128 0x2
 389 0068 04       		.byte	0x4
 390 0069 07       		.byte	0x7
 391 006a 4A010000 		.4byte	.LASF8
 392 006e 03       		.uleb128 0x3
 393 006f 6E010000 		.4byte	.LASF10
 394 0073 02       		.byte	0x2
 395 0074 18       		.byte	0x18
ARM GAS  C:\Users\dshen\AppData\Local\Temp\cc08ffCZ.s 			page 8


 396 0075 24000000 		.4byte	0x24
 397 0079 05       		.uleb128 0x5
 398 007a 91000000 		.4byte	0x91
 399 007e 8A000000 		.4byte	0x8a
 400 0082 06       		.uleb128 0x6
 401 0083 8A000000 		.4byte	0x8a
 402 0087 0301     		.2byte	0x103
 403 0089 00       		.byte	0
 404 008a 02       		.uleb128 0x2
 405 008b 04       		.byte	0x4
 406 008c 07       		.byte	0x7
 407 008d 99010000 		.4byte	.LASF11
 408 0091 07       		.uleb128 0x7
 409 0092 6E000000 		.4byte	0x6e
 410 0096 08       		.uleb128 0x8
 411 0097 E7000000 		.4byte	.LASF12
 412 009b 03       		.byte	0x3
 413 009c 1F       		.byte	0x1f
 414 009d A7000000 		.4byte	0xa7
 415 00a1 05       		.uleb128 0x5
 416 00a2 03       		.byte	0x3
 417 00a3 00000000 		.4byte	cy_meta_configecc
 418 00a7 07       		.uleb128 0x7
 419 00a8 79000000 		.4byte	0x79
 420 00ac 05       		.uleb128 0x5
 421 00ad 91000000 		.4byte	0x91
 422 00b1 BC000000 		.4byte	0xbc
 423 00b5 09       		.uleb128 0x9
 424 00b6 8A000000 		.4byte	0x8a
 425 00ba 03       		.byte	0x3
 426 00bb 00       		.byte	0
 427 00bc 08       		.uleb128 0x8
 428 00bd D7000000 		.4byte	.LASF13
 429 00c1 03       		.byte	0x3
 430 00c2 4D       		.byte	0x4d
 431 00c3 CD000000 		.4byte	0xcd
 432 00c7 05       		.uleb128 0x5
 433 00c8 03       		.byte	0x3
 434 00c9 00000000 		.4byte	cy_meta_custnvl
 435 00cd 07       		.uleb128 0x7
 436 00ce AC000000 		.4byte	0xac
 437 00d2 08       		.uleb128 0x8
 438 00d3 8B010000 		.4byte	.LASF14
 439 00d7 03       		.byte	0x3
 440 00d8 5B       		.byte	0x5b
 441 00d9 E3000000 		.4byte	0xe3
 442 00dd 05       		.uleb128 0x5
 443 00de 03       		.byte	0x3
 444 00df 00000000 		.4byte	cy_meta_wonvl
 445 00e3 07       		.uleb128 0x7
 446 00e4 AC000000 		.4byte	0xac
 447 00e8 05       		.uleb128 0x5
 448 00e9 91000000 		.4byte	0x91
 449 00ed F8000000 		.4byte	0xf8
 450 00f1 09       		.uleb128 0x9
 451 00f2 8A000000 		.4byte	0x8a
 452 00f6 FF       		.byte	0xff
ARM GAS  C:\Users\dshen\AppData\Local\Temp\cc08ffCZ.s 			page 9


 453 00f7 00       		.byte	0
 454 00f8 08       		.uleb128 0x8
 455 00f9 76010000 		.4byte	.LASF15
 456 00fd 03       		.byte	0x3
 457 00fe 69       		.byte	0x69
 458 00ff 09010000 		.4byte	0x109
 459 0103 05       		.uleb128 0x5
 460 0104 03       		.byte	0x3
 461 0105 00000000 		.4byte	cy_meta_flashprotect
 462 0109 07       		.uleb128 0x7
 463 010a E8000000 		.4byte	0xe8
 464 010e 05       		.uleb128 0x5
 465 010f 91000000 		.4byte	0x91
 466 0113 1E010000 		.4byte	0x11e
 467 0117 09       		.uleb128 0x9
 468 0118 8A000000 		.4byte	0x8a
 469 011c 0B       		.byte	0xb
 470 011d 00       		.byte	0
 471 011e 08       		.uleb128 0x8
 472 011f 0A000000 		.4byte	.LASF16
 473 0123 03       		.byte	0x3
 474 0124 96       		.byte	0x96
 475 0125 2F010000 		.4byte	0x12f
 476 0129 05       		.uleb128 0x5
 477 012a 03       		.byte	0x3
 478 012b 00000000 		.4byte	cy_metadata
 479 012f 07       		.uleb128 0x7
 480 0130 0E010000 		.4byte	0x10e
 481 0134 00       		.byte	0
 482              		.section	.debug_abbrev,"",%progbits
 483              	.Ldebug_abbrev0:
 484 0000 01       		.uleb128 0x1
 485 0001 11       		.uleb128 0x11
 486 0002 01       		.byte	0x1
 487 0003 25       		.uleb128 0x25
 488 0004 0E       		.uleb128 0xe
 489 0005 13       		.uleb128 0x13
 490 0006 0B       		.uleb128 0xb
 491 0007 03       		.uleb128 0x3
 492 0008 0E       		.uleb128 0xe
 493 0009 1B       		.uleb128 0x1b
 494 000a 0E       		.uleb128 0xe
 495 000b 10       		.uleb128 0x10
 496 000c 17       		.uleb128 0x17
 497 000d 00       		.byte	0
 498 000e 00       		.byte	0
 499 000f 02       		.uleb128 0x2
 500 0010 24       		.uleb128 0x24
 501 0011 00       		.byte	0
 502 0012 0B       		.uleb128 0xb
 503 0013 0B       		.uleb128 0xb
 504 0014 3E       		.uleb128 0x3e
 505 0015 0B       		.uleb128 0xb
 506 0016 03       		.uleb128 0x3
 507 0017 0E       		.uleb128 0xe
 508 0018 00       		.byte	0
 509 0019 00       		.byte	0
ARM GAS  C:\Users\dshen\AppData\Local\Temp\cc08ffCZ.s 			page 10


 510 001a 03       		.uleb128 0x3
 511 001b 16       		.uleb128 0x16
 512 001c 00       		.byte	0
 513 001d 03       		.uleb128 0x3
 514 001e 0E       		.uleb128 0xe
 515 001f 3A       		.uleb128 0x3a
 516 0020 0B       		.uleb128 0xb
 517 0021 3B       		.uleb128 0x3b
 518 0022 0B       		.uleb128 0xb
 519 0023 49       		.uleb128 0x49
 520 0024 13       		.uleb128 0x13
 521 0025 00       		.byte	0
 522 0026 00       		.byte	0
 523 0027 04       		.uleb128 0x4
 524 0028 24       		.uleb128 0x24
 525 0029 00       		.byte	0
 526 002a 0B       		.uleb128 0xb
 527 002b 0B       		.uleb128 0xb
 528 002c 3E       		.uleb128 0x3e
 529 002d 0B       		.uleb128 0xb
 530 002e 03       		.uleb128 0x3
 531 002f 08       		.uleb128 0x8
 532 0030 00       		.byte	0
 533 0031 00       		.byte	0
 534 0032 05       		.uleb128 0x5
 535 0033 01       		.uleb128 0x1
 536 0034 01       		.byte	0x1
 537 0035 49       		.uleb128 0x49
 538 0036 13       		.uleb128 0x13
 539 0037 01       		.uleb128 0x1
 540 0038 13       		.uleb128 0x13
 541 0039 00       		.byte	0
 542 003a 00       		.byte	0
 543 003b 06       		.uleb128 0x6
 544 003c 21       		.uleb128 0x21
 545 003d 00       		.byte	0
 546 003e 49       		.uleb128 0x49
 547 003f 13       		.uleb128 0x13
 548 0040 2F       		.uleb128 0x2f
 549 0041 05       		.uleb128 0x5
 550 0042 00       		.byte	0
 551 0043 00       		.byte	0
 552 0044 07       		.uleb128 0x7
 553 0045 26       		.uleb128 0x26
 554 0046 00       		.byte	0
 555 0047 49       		.uleb128 0x49
 556 0048 13       		.uleb128 0x13
 557 0049 00       		.byte	0
 558 004a 00       		.byte	0
 559 004b 08       		.uleb128 0x8
 560 004c 34       		.uleb128 0x34
 561 004d 00       		.byte	0
 562 004e 03       		.uleb128 0x3
 563 004f 0E       		.uleb128 0xe
 564 0050 3A       		.uleb128 0x3a
 565 0051 0B       		.uleb128 0xb
 566 0052 3B       		.uleb128 0x3b
ARM GAS  C:\Users\dshen\AppData\Local\Temp\cc08ffCZ.s 			page 11


 567 0053 0B       		.uleb128 0xb
 568 0054 49       		.uleb128 0x49
 569 0055 13       		.uleb128 0x13
 570 0056 3F       		.uleb128 0x3f
 571 0057 19       		.uleb128 0x19
 572 0058 02       		.uleb128 0x2
 573 0059 18       		.uleb128 0x18
 574 005a 00       		.byte	0
 575 005b 00       		.byte	0
 576 005c 09       		.uleb128 0x9
 577 005d 21       		.uleb128 0x21
 578 005e 00       		.byte	0
 579 005f 49       		.uleb128 0x49
 580 0060 13       		.uleb128 0x13
 581 0061 2F       		.uleb128 0x2f
 582 0062 0B       		.uleb128 0xb
 583 0063 00       		.byte	0
 584 0064 00       		.byte	0
 585 0065 00       		.byte	0
 586              		.section	.debug_aranges,"",%progbits
 587 0000 14000000 		.4byte	0x14
 588 0004 0200     		.2byte	0x2
 589 0006 00000000 		.4byte	.Ldebug_info0
 590 000a 04       		.byte	0x4
 591 000b 00       		.byte	0
 592 000c 0000     		.2byte	0
 593 000e 0000     		.2byte	0
 594 0010 00000000 		.4byte	0
 595 0014 00000000 		.4byte	0
 596              		.section	.debug_line,"",%progbits
 597              	.Ldebug_line0:
 598 0000 3D010000 		.section	.debug_str,"MS",%progbits,1
 598      02003701 
 598      00000201 
 598      FB0E0D00 
 598      01010101 
 599              	.LASF9:
 600 0000 5F5F7569 		.ascii	"__uint8_t\000"
 600      6E74385F 
 600      7400
 601              	.LASF16:
 602 000a 63795F6D 		.ascii	"cy_metadata\000"
 602      65746164 
 602      61746100 
 603              	.LASF1:
 604 0016 756E7369 		.ascii	"unsigned char\000"
 604      676E6564 
 604      20636861 
 604      7200
 605              	.LASF17:
 606 0024 474E5520 		.ascii	"GNU C11 5.4.1 20160609 (release) [ARM/embedded-5-br"
 606      43313120 
 606      352E342E 
 606      31203230 
 606      31363036 
 607 0057 616E6368 		.ascii	"anch revision 237715] -mcpu=cortex-m3 -mthumb -g -O"
 607      20726576 
ARM GAS  C:\Users\dshen\AppData\Local\Temp\cc08ffCZ.s 			page 12


 607      6973696F 
 607      6E203233 
 607      37373135 
 608 008a 67202D66 		.ascii	"g -ffunction-sections -ffat-lto-objects\000"
 608      66756E63 
 608      74696F6E 
 608      2D736563 
 608      74696F6E 
 609              	.LASF5:
 610 00b2 6C6F6E67 		.ascii	"long unsigned int\000"
 610      20756E73 
 610      69676E65 
 610      6420696E 
 610      7400
 611              	.LASF3:
 612 00c4 73686F72 		.ascii	"short unsigned int\000"
 612      7420756E 
 612      7369676E 
 612      65642069 
 612      6E7400
 613              	.LASF13:
 614 00d7 63795F6D 		.ascii	"cy_meta_custnvl\000"
 614      6574615F 
 614      63757374 
 614      6E766C00 
 615              	.LASF12:
 616 00e7 63795F6D 		.ascii	"cy_meta_configecc\000"
 616      6574615F 
 616      636F6E66 
 616      69676563 
 616      6300
 617              	.LASF19:
 618 00f9 433A5C55 		.ascii	"C:\\Users\\dshen\\Documents\\school\\me135\\symphon"
 618      73657273 
 618      5C647368 
 618      656E5C44 
 618      6F63756D 
 619 0126 6975735C 		.ascii	"ius\\Symphonius\\TimerInterrupt.cydsn\000"
 619      53796D70 
 619      686F6E69 
 619      75735C54 
 619      696D6572 
 620              	.LASF8:
 621 014a 756E7369 		.ascii	"unsigned int\000"
 621      676E6564 
 621      20696E74 
 621      00
 622              	.LASF7:
 623 0157 6C6F6E67 		.ascii	"long long unsigned int\000"
 623      206C6F6E 
 623      6720756E 
 623      7369676E 
 623      65642069 
 624              	.LASF10:
 625 016e 75696E74 		.ascii	"uint8_t\000"
 625      385F7400 
 626              	.LASF15:
ARM GAS  C:\Users\dshen\AppData\Local\Temp\cc08ffCZ.s 			page 13


 627 0176 63795F6D 		.ascii	"cy_meta_flashprotect\000"
 627      6574615F 
 627      666C6173 
 627      6870726F 
 627      74656374 
 628              	.LASF14:
 629 018b 63795F6D 		.ascii	"cy_meta_wonvl\000"
 629      6574615F 
 629      776F6E76 
 629      6C00
 630              	.LASF11:
 631 0199 73697A65 		.ascii	"sizetype\000"
 631      74797065 
 631      00
 632              	.LASF6:
 633 01a2 6C6F6E67 		.ascii	"long long int\000"
 633      206C6F6E 
 633      6720696E 
 633      7400
 634              	.LASF2:
 635 01b0 73686F72 		.ascii	"short int\000"
 635      7420696E 
 635      7400
 636              	.LASF4:
 637 01ba 6C6F6E67 		.ascii	"long int\000"
 637      20696E74 
 637      00
 638              	.LASF0:
 639 01c3 7369676E 		.ascii	"signed char\000"
 639      65642063 
 639      68617200 
 640              	.LASF18:
 641 01cf 47656E65 		.ascii	"Generated_Source\\PSoC5\\cymetadata.c\000"
 641      72617465 
 641      645F536F 
 641      75726365 
 641      5C50536F 
 642              		.ident	"GCC: (GNU Tools for ARM Embedded Processors) 5.4.1 20160609 (release) [ARM/embedded-5-bran
