ARM GAS  C:\Users\dshen\AppData\Local\Temp\ccr8ivTm.s 			page 1


   1              		.syntax unified
   2              		.cpu cortex-m3
   3              		.fpu softvfp
   4              		.eabi_attribute 20, 1
   5              		.eabi_attribute 21, 1
   6              		.eabi_attribute 23, 3
   7              		.eabi_attribute 24, 1
   8              		.eabi_attribute 25, 1
   9              		.eabi_attribute 26, 1
  10              		.eabi_attribute 30, 1
  11              		.eabi_attribute 34, 1
  12              		.eabi_attribute 18, 4
  13              		.thumb
  14              		.syntax unified
  15              		.file	"cymetadata.c"
  16              		.text
  17              	.Ltext0:
  18              		.cfi_sections	.debug_frame
  19              		.global	cy_metadata
  20              		.global	cy_meta_flashprotect
  21              		.global	cy_meta_wonvl
  22              		.global	cy_meta_custnvl
  23              		.global	cy_meta_configecc
  24              		.section	.cyconfigecc,"a",%progbits
  25              		.align	2
  26              		.type	cy_meta_configecc, %object
  27              		.size	cy_meta_configecc, 1492
  28              	cy_meta_configecc:
  29 0000 04       		.byte	4
  30 0001 4F       		.byte	79
  31 0002 00       		.byte	0
  32 0003 40       		.byte	64
  33 0004 04       		.byte	4
  34 0005 64       		.byte	100
  35 0006 00       		.byte	0
  36 0007 40       		.byte	64
  37 0008 03       		.byte	3
  38 0009 65       		.byte	101
  39 000a 00       		.byte	0
  40 000b 40       		.byte	64
  41 000c 01       		.byte	1
  42 000d 07       		.byte	7
  43 000e 01       		.byte	1
  44 000f 40       		.byte	64
  45 0010 57       		.byte	87
  46 0011 08       		.byte	8
  47 0012 01       		.byte	1
  48 0013 40       		.byte	64
  49 0014 4A       		.byte	74
  50 0015 09       		.byte	9
  51 0016 01       		.byte	1
  52 0017 40       		.byte	64
  53 0018 28       		.byte	40
  54 0019 0A       		.byte	10
  55 001a 01       		.byte	1
  56 001b 40       		.byte	64
  57 001c 3D       		.byte	61
ARM GAS  C:\Users\dshen\AppData\Local\Temp\ccr8ivTm.s 			page 2


  58 001d 0B       		.byte	11
  59 001e 01       		.byte	1
  60 001f 40       		.byte	64
  61 0020 02       		.byte	2
  62 0021 17       		.byte	23
  63 0022 01       		.byte	1
  64 0023 40       		.byte	64
  65 0024 52       		.byte	82
  66 0025 18       		.byte	24
  67 0026 01       		.byte	1
  68 0027 40       		.byte	64
  69 0028 43       		.byte	67
  70 0029 19       		.byte	25
  71 002a 01       		.byte	1
  72 002b 40       		.byte	64
  73 002c 53       		.byte	83
  74 002d 1A       		.byte	26
  75 002e 01       		.byte	1
  76 002f 40       		.byte	64
  77 0030 43       		.byte	67
  78 0031 1B       		.byte	27
  79 0032 01       		.byte	1
  80 0033 40       		.byte	64
  81 0034 03       		.byte	3
  82 0035 40       		.byte	64
  83 0036 01       		.byte	1
  84 0037 40       		.byte	64
  85 0038 02       		.byte	2
  86 0039 41       		.byte	65
  87 003a 01       		.byte	1
  88 003b 40       		.byte	64
  89 003c 02       		.byte	2
  90 003d 42       		.byte	66
  91 003e 01       		.byte	1
  92 003f 40       		.byte	64
  93 0040 07       		.byte	7
  94 0041 43       		.byte	67
  95 0042 01       		.byte	1
  96 0043 40       		.byte	64
  97 0044 02       		.byte	2
  98 0045 45       		.byte	69
  99 0046 01       		.byte	1
 100 0047 40       		.byte	64
 101 0048 01       		.byte	1
 102 0049 46       		.byte	70
 103 004a 01       		.byte	1
 104 004b 40       		.byte	64
 105 004c 02       		.byte	2
 106 004d 47       		.byte	71
 107 004e 01       		.byte	1
 108 004f 40       		.byte	64
 109 0050 05       		.byte	5
 110 0051 48       		.byte	72
 111 0052 01       		.byte	1
 112 0053 40       		.byte	64
 113 0054 02       		.byte	2
 114 0055 4C       		.byte	76
ARM GAS  C:\Users\dshen\AppData\Local\Temp\ccr8ivTm.s 			page 3


 115 0056 01       		.byte	1
 116 0057 40       		.byte	64
 117 0058 07       		.byte	7
 118 0059 4D       		.byte	77
 119 005a 01       		.byte	1
 120 005b 40       		.byte	64
 121 005c 04       		.byte	4
 122 005d 50       		.byte	80
 123 005e 01       		.byte	1
 124 005f 40       		.byte	64
 125 0060 01       		.byte	1
 126 0061 51       		.byte	81
 127 0062 01       		.byte	1
 128 0063 40       		.byte	64
 129 0064 01       		.byte	1
 130 0065 30       		.byte	48
 131 0066 0A       		.byte	10
 132 0067 27       		.byte	39
 133 0068 0D       		.byte	13
 134 0069 40       		.byte	64
 135 006a 16       		.byte	22
 136 006b 27       		.byte	39
 137 006c 79       		.byte	121
 138 006d 01       		.byte	1
 139 006e 88       		.byte	-120
 140 006f 0F       		.byte	15
 141 0070 89       		.byte	-119
 142 0071 67       		.byte	103
 143 0072 8A       		.byte	-118
 144 0073 72       		.byte	114
 145 0074 79       		.byte	121
 146 0075 01       		.byte	1
 147 0076 89       		.byte	-119
 148 0077 38       		.byte	56
 149 0078 8B       		.byte	-117
 150 0079 0F       		.byte	15
 151 007a E6       		.byte	-26
 152 007b 01       		.byte	1
 153 007c 02       		.byte	2
 154 007d 04       		.byte	4
 155 007e 0C       		.byte	12
 156 007f 08       		.byte	8
 157 0080 10       		.byte	16
 158 0081 01       		.byte	1
 159 0082 13       		.byte	19
 160 0083 01       		.byte	1
 161 0084 1A       		.byte	26
 162 0085 03       		.byte	3
 163 0086 1B       		.byte	27
 164 0087 06       		.byte	6
 165 0088 1D       		.byte	29
 166 0089 04       		.byte	4
 167 008a 28       		.byte	40
 168 008b 0C       		.byte	12
 169 008c 30       		.byte	48
 170 008d 02       		.byte	2
 171 008e 32       		.byte	50
ARM GAS  C:\Users\dshen\AppData\Local\Temp\ccr8ivTm.s 			page 4


 172 008f 01       		.byte	1
 173 0090 33       		.byte	51
 174 0091 01       		.byte	1
 175 0092 34       		.byte	52
 176 0093 08       		.byte	8
 177 0094 35       		.byte	53
 178 0095 04       		.byte	4
 179 0096 36       		.byte	54
 180 0097 04       		.byte	4
 181 0098 37       		.byte	55
 182 0099 02       		.byte	2
 183 009a 38       		.byte	56
 184 009b 20       		.byte	32
 185 009c 39       		.byte	57
 186 009d 02       		.byte	2
 187 009e 3E       		.byte	62
 188 009f 50       		.byte	80
 189 00a0 3F       		.byte	63
 190 00a1 11       		.byte	17
 191 00a2 54       		.byte	84
 192 00a3 07       		.byte	7
 193 00a4 58       		.byte	88
 194 00a5 04       		.byte	4
 195 00a6 59       		.byte	89
 196 00a7 04       		.byte	4
 197 00a8 5B       		.byte	91
 198 00a9 04       		.byte	4
 199 00aa 5C       		.byte	92
 200 00ab 10       		.byte	16
 201 00ac 5F       		.byte	95
 202 00ad 01       		.byte	1
 203 00ae 81       		.byte	-127
 204 00af 03       		.byte	3
 205 00b0 83       		.byte	-125
 206 00b1 1C       		.byte	28
 207 00b2 85       		.byte	-123
 208 00b3 18       		.byte	24
 209 00b4 89       		.byte	-119
 210 00b5 08       		.byte	8
 211 00b6 8A       		.byte	-118
 212 00b7 01       		.byte	1
 213 00b8 8F       		.byte	-113
 214 00b9 03       		.byte	3
 215 00ba 91       		.byte	-111
 216 00bb 01       		.byte	1
 217 00bc 93       		.byte	-109
 218 00bd 80       		.byte	-128
 219 00be 95       		.byte	-107
 220 00bf 03       		.byte	3
 221 00c0 97       		.byte	-105
 222 00c1 40       		.byte	64
 223 00c2 99       		.byte	-103
 224 00c3 02       		.byte	2
 225 00c4 9B       		.byte	-101
 226 00c5 80       		.byte	-128
 227 00c6 9D       		.byte	-99
 228 00c7 1B       		.byte	27
ARM GAS  C:\Users\dshen\AppData\Local\Temp\ccr8ivTm.s 			page 5


 229 00c8 A1       		.byte	-95
 230 00c9 10       		.byte	16
 231 00ca A2       		.byte	-94
 232 00cb 02       		.byte	2
 233 00cc A5       		.byte	-91
 234 00cd 18       		.byte	24
 235 00ce A7       		.byte	-89
 236 00cf 03       		.byte	3
 237 00d0 A9       		.byte	-87
 238 00d1 1B       		.byte	27
 239 00d2 AB       		.byte	-85
 240 00d3 20       		.byte	32
 241 00d4 AD       		.byte	-83
 242 00d5 23       		.byte	35
 243 00d6 AE       		.byte	-82
 244 00d7 01       		.byte	1
 245 00d8 AF       		.byte	-81
 246 00d9 04       		.byte	4
 247 00da B0       		.byte	-80
 248 00db 02       		.byte	2
 249 00dc B1       		.byte	-79
 250 00dd 1F       		.byte	31
 251 00de B3       		.byte	-77
 252 00df C0       		.byte	-64
 253 00e0 B4       		.byte	-76
 254 00e1 01       		.byte	1
 255 00e2 B5       		.byte	-75
 256 00e3 20       		.byte	32
 257 00e4 BB       		.byte	-69
 258 00e5 02       		.byte	2
 259 00e6 BE       		.byte	-66
 260 00e7 10       		.byte	16
 261 00e8 BF       		.byte	-65
 262 00e9 04       		.byte	4
 263 00ea C0       		.byte	-64
 264 00eb 12       		.byte	18
 265 00ec C1       		.byte	-63
 266 00ed 05       		.byte	5
 267 00ee C6       		.byte	-58
 268 00ef C2       		.byte	-62
 269 00f0 C7       		.byte	-57
 270 00f1 4E       		.byte	78
 271 00f2 C8       		.byte	-56
 272 00f3 3D       		.byte	61
 273 00f4 C9       		.byte	-55
 274 00f5 FF       		.byte	-1
 275 00f6 CA       		.byte	-54
 276 00f7 FF       		.byte	-1
 277 00f8 CB       		.byte	-53
 278 00f9 FF       		.byte	-1
 279 00fa CD       		.byte	-51
 280 00fb A0       		.byte	-96
 281 00fc CF       		.byte	-49
 282 00fd 01       		.byte	1
 283 00fe D0       		.byte	-48
 284 00ff 18       		.byte	24
 285 0100 D4       		.byte	-44
ARM GAS  C:\Users\dshen\AppData\Local\Temp\ccr8ivTm.s 			page 6


 286 0101 07       		.byte	7
 287 0102 D6       		.byte	-42
 288 0103 04       		.byte	4
 289 0104 D8       		.byte	-40
 290 0105 04       		.byte	4
 291 0106 D9       		.byte	-39
 292 0107 04       		.byte	4
 293 0108 DA       		.byte	-38
 294 0109 04       		.byte	4
 295 010a DB       		.byte	-37
 296 010b 04       		.byte	4
 297 010c DC       		.byte	-36
 298 010d 22       		.byte	34
 299 010e DD       		.byte	-35
 300 010f 11       		.byte	17
 301 0110 DF       		.byte	-33
 302 0111 05       		.byte	5
 303 0112 E0       		.byte	-32
 304 0113 40       		.byte	64
 305 0114 E2       		.byte	-30
 306 0115 80       		.byte	-128
 307 0116 E4       		.byte	-28
 308 0117 40       		.byte	64
 309 0118 E5       		.byte	-27
 310 0119 40       		.byte	64
 311 011a E6       		.byte	-26
 312 011b 80       		.byte	-128
 313 011c E8       		.byte	-24
 314 011d 40       		.byte	64
 315 011e EA       		.byte	-22
 316 011f 50       		.byte	80
 317 0120 EB       		.byte	-21
 318 0121 A8       		.byte	-88
 319 0122 EC       		.byte	-20
 320 0123 40       		.byte	64
 321 0124 ED       		.byte	-19
 322 0125 20       		.byte	32
 323 0126 EE       		.byte	-18
 324 0127 50       		.byte	80
 325 0128 EF       		.byte	-17
 326 0129 A8       		.byte	-88
 327 012a 00       		.byte	0
 328 012b 98       		.byte	-104
 329 012c 01       		.byte	1
 330 012d 88       		.byte	-120
 331 012e 04       		.byte	4
 332 012f 02       		.byte	2
 333 0130 07       		.byte	7
 334 0131 01       		.byte	1
 335 0132 0C       		.byte	12
 336 0133 20       		.byte	32
 337 0134 0E       		.byte	14
 338 0135 40       		.byte	64
 339 0136 10       		.byte	16
 340 0137 02       		.byte	2
 341 0138 13       		.byte	19
 342 0139 02       		.byte	2
ARM GAS  C:\Users\dshen\AppData\Local\Temp\ccr8ivTm.s 			page 7


 343 013a 17       		.byte	23
 344 013b 20       		.byte	32
 345 013c 18       		.byte	24
 346 013d 04       		.byte	4
 347 013e 1A       		.byte	26
 348 013f 80       		.byte	-128
 349 0140 1B       		.byte	27
 350 0141 01       		.byte	1
 351 0142 1D       		.byte	29
 352 0143 40       		.byte	64
 353 0144 1E       		.byte	30
 354 0145 64       		.byte	100
 355 0146 20       		.byte	32
 356 0147 80       		.byte	-128
 357 0148 21       		.byte	33
 358 0149 05       		.byte	5
 359 014a 22       		.byte	34
 360 014b 10       		.byte	16
 361 014c 26       		.byte	38
 362 014d 81       		.byte	-127
 363 014e 27       		.byte	39
 364 014f 24       		.byte	36
 365 0150 28       		.byte	40
 366 0151 08       		.byte	8
 367 0152 29       		.byte	41
 368 0153 08       		.byte	8
 369 0154 2A       		.byte	42
 370 0155 02       		.byte	2
 371 0156 2B       		.byte	43
 372 0157 01       		.byte	1
 373 0158 31       		.byte	49
 374 0159 A1       		.byte	-95
 375 015a 32       		.byte	50
 376 015b 08       		.byte	8
 377 015c 36       		.byte	54
 378 015d A2       		.byte	-94
 379 015e 38       		.byte	56
 380 015f 28       		.byte	40
 381 0160 39       		.byte	57
 382 0161 82       		.byte	-126
 383 0162 40       		.byte	64
 384 0163 01       		.byte	1
 385 0164 42       		.byte	66
 386 0165 04       		.byte	4
 387 0166 4A       		.byte	74
 388 0167 21       		.byte	33
 389 0168 50       		.byte	80
 390 0169 01       		.byte	1
 391 016a 51       		.byte	81
 392 016b 08       		.byte	8
 393 016c 52       		.byte	82
 394 016d 12       		.byte	18
 395 016e 53       		.byte	83
 396 016f 80       		.byte	-128
 397 0170 58       		.byte	88
 398 0171 20       		.byte	32
 399 0172 59       		.byte	89
ARM GAS  C:\Users\dshen\AppData\Local\Temp\ccr8ivTm.s 			page 8


 400 0173 40       		.byte	64
 401 0174 5B       		.byte	91
 402 0175 04       		.byte	4
 403 0176 5D       		.byte	93
 404 0177 02       		.byte	2
 405 0178 5E       		.byte	94
 406 0179 A0       		.byte	-96
 407 017a 5F       		.byte	95
 408 017b 08       		.byte	8
 409 017c 60       		.byte	96
 410 017d 80       		.byte	-128
 411 017e 61       		.byte	97
 412 017f 08       		.byte	8
 413 0180 62       		.byte	98
 414 0181 10       		.byte	16
 415 0182 6B       		.byte	107
 416 0183 02       		.byte	2
 417 0184 79       		.byte	121
 418 0185 40       		.byte	64
 419 0186 82       		.byte	-126
 420 0187 01       		.byte	1
 421 0188 88       		.byte	-120
 422 0189 20       		.byte	32
 423 018a 8B       		.byte	-117
 424 018b 80       		.byte	-128
 425 018c 90       		.byte	-112
 426 018d 38       		.byte	56
 427 018e 91       		.byte	-111
 428 018f 14       		.byte	20
 429 0190 95       		.byte	-107
 430 0191 88       		.byte	-120
 431 0192 96       		.byte	-106
 432 0193 20       		.byte	32
 433 0194 98       		.byte	-104
 434 0195 18       		.byte	24
 435 0196 99       		.byte	-103
 436 0197 02       		.byte	2
 437 0198 9A       		.byte	-102
 438 0199 43       		.byte	67
 439 019a 9B       		.byte	-101
 440 019b 08       		.byte	8
 441 019c 9D       		.byte	-99
 442 019d 08       		.byte	8
 443 019e A0       		.byte	-96
 444 019f 22       		.byte	34
 445 01a0 A2       		.byte	-94
 446 01a1 40       		.byte	64
 447 01a2 A4       		.byte	-92
 448 01a3 44       		.byte	68
 449 01a4 A7       		.byte	-89
 450 01a5 01       		.byte	1
 451 01a6 B2       		.byte	-78
 452 01a7 04       		.byte	4
 453 01a8 C0       		.byte	-64
 454 01a9 92       		.byte	-110
 455 01aa C2       		.byte	-62
 456 01ab 50       		.byte	80
ARM GAS  C:\Users\dshen\AppData\Local\Temp\ccr8ivTm.s 			page 9


 457 01ac C4       		.byte	-60
 458 01ad 49       		.byte	73
 459 01ae CA       		.byte	-54
 460 01af 0F       		.byte	15
 461 01b0 CC       		.byte	-52
 462 01b1 BF       		.byte	-65
 463 01b2 CE       		.byte	-50
 464 01b3 0F       		.byte	15
 465 01b4 D0       		.byte	-48
 466 01b5 0C       		.byte	12
 467 01b6 D2       		.byte	-46
 468 01b7 08       		.byte	8
 469 01b8 D6       		.byte	-42
 470 01b9 FE       		.byte	-2
 471 01ba D8       		.byte	-40
 472 01bb 07       		.byte	7
 473 01bc DE       		.byte	-34
 474 01bd 08       		.byte	8
 475 01be 87       		.byte	-121
 476 01bf 01       		.byte	1
 477 01c0 8B       		.byte	-117
 478 01c1 02       		.byte	2
 479 01c2 96       		.byte	-106
 480 01c3 01       		.byte	1
 481 01c4 AA       		.byte	-86
 482 01c5 05       		.byte	5
 483 01c6 AB       		.byte	-85
 484 01c7 02       		.byte	2
 485 01c8 AD       		.byte	-83
 486 01c9 01       		.byte	1
 487 01ca AE       		.byte	-82
 488 01cb 02       		.byte	2
 489 01cc B0       		.byte	-80
 490 01cd 04       		.byte	4
 491 01ce B2       		.byte	-78
 492 01cf 02       		.byte	2
 493 01d0 B4       		.byte	-76
 494 01d1 01       		.byte	1
 495 01d2 B5       		.byte	-75
 496 01d3 02       		.byte	2
 497 01d4 B7       		.byte	-73
 498 01d5 01       		.byte	1
 499 01d6 BF       		.byte	-65
 500 01d7 10       		.byte	16
 501 01d8 C0       		.byte	-64
 502 01d9 30       		.byte	48
 503 01da C1       		.byte	-63
 504 01db 06       		.byte	6
 505 01dc C5       		.byte	-59
 506 01dd D5       		.byte	-43
 507 01de C6       		.byte	-58
 508 01df 20       		.byte	32
 509 01e0 C7       		.byte	-57
 510 01e1 01       		.byte	1
 511 01e2 C8       		.byte	-56
 512 01e3 1B       		.byte	27
 513 01e4 C9       		.byte	-55
ARM GAS  C:\Users\dshen\AppData\Local\Temp\ccr8ivTm.s 			page 10


 514 01e5 FF       		.byte	-1
 515 01e6 CA       		.byte	-54
 516 01e7 FF       		.byte	-1
 517 01e8 CB       		.byte	-53
 518 01e9 FF       		.byte	-1
 519 01ea CD       		.byte	-51
 520 01eb A0       		.byte	-96
 521 01ec CF       		.byte	-49
 522 01ed 04       		.byte	4
 523 01ee D0       		.byte	-48
 524 01ef 18       		.byte	24
 525 01f0 D2       		.byte	-46
 526 01f1 80       		.byte	-128
 527 01f2 D8       		.byte	-40
 528 01f3 04       		.byte	4
 529 01f4 D9       		.byte	-39
 530 01f5 04       		.byte	4
 531 01f6 DA       		.byte	-38
 532 01f7 04       		.byte	4
 533 01f8 DB       		.byte	-37
 534 01f9 04       		.byte	4
 535 01fa DF       		.byte	-33
 536 01fb 01       		.byte	1
 537 01fc E0       		.byte	-32
 538 01fd 40       		.byte	64
 539 01fe E2       		.byte	-30
 540 01ff C0       		.byte	-64
 541 0200 E4       		.byte	-28
 542 0201 40       		.byte	64
 543 0202 E5       		.byte	-27
 544 0203 40       		.byte	64
 545 0204 E6       		.byte	-26
 546 0205 C0       		.byte	-64
 547 0206 E8       		.byte	-24
 548 0207 C0       		.byte	-64
 549 0208 EA       		.byte	-22
 550 0209 C0       		.byte	-64
 551 020a EC       		.byte	-20
 552 020b C0       		.byte	-64
 553 020c EE       		.byte	-18
 554 020d C0       		.byte	-64
 555 020e 00       		.byte	0
 556 020f C8       		.byte	-56
 557 0210 02       		.byte	2
 558 0211 02       		.byte	2
 559 0212 08       		.byte	8
 560 0213 18       		.byte	24
 561 0214 09       		.byte	9
 562 0215 20       		.byte	32
 563 0216 0A       		.byte	10
 564 0217 20       		.byte	32
 565 0218 0D       		.byte	13
 566 0219 08       		.byte	8
 567 021a 11       		.byte	17
 568 021b 40       		.byte	64
 569 021c 12       		.byte	18
 570 021d 01       		.byte	1
ARM GAS  C:\Users\dshen\AppData\Local\Temp\ccr8ivTm.s 			page 11


 571 021e 16       		.byte	22
 572 021f 08       		.byte	8
 573 0220 17       		.byte	23
 574 0221 40       		.byte	64
 575 0222 18       		.byte	24
 576 0223 10       		.byte	16
 577 0224 19       		.byte	25
 578 0225 01       		.byte	1
 579 0226 1D       		.byte	29
 580 0227 08       		.byte	8
 581 0228 1E       		.byte	30
 582 0229 04       		.byte	4
 583 022a 1F       		.byte	31
 584 022b 0A       		.byte	10
 585 022c 20       		.byte	32
 586 022d 02       		.byte	2
 587 022e 21       		.byte	33
 588 022f A0       		.byte	-96
 589 0230 22       		.byte	34
 590 0231 08       		.byte	8
 591 0232 23       		.byte	35
 592 0233 40       		.byte	64
 593 0234 26       		.byte	38
 594 0235 40       		.byte	64
 595 0236 27       		.byte	39
 596 0237 08       		.byte	8
 597 0238 28       		.byte	40
 598 0239 08       		.byte	8
 599 023a 29       		.byte	41
 600 023b 08       		.byte	8
 601 023c 2B       		.byte	43
 602 023d 81       		.byte	-127
 603 023e 2F       		.byte	47
 604 023f 0A       		.byte	10
 605 0240 30       		.byte	48
 606 0241 08       		.byte	8
 607 0242 31       		.byte	49
 608 0243 A0       		.byte	-96
 609 0244 32       		.byte	50
 610 0245 02       		.byte	2
 611 0246 38       		.byte	56
 612 0247 28       		.byte	40
 613 0248 3A       		.byte	58
 614 0249 02       		.byte	2
 615 024a 3B       		.byte	59
 616 024b 40       		.byte	64
 617 024c 3E       		.byte	62
 618 024d 08       		.byte	8
 619 024e 3F       		.byte	63
 620 024f 20       		.byte	32
 621 0250 40       		.byte	64
 622 0251 48       		.byte	72
 623 0252 41       		.byte	65
 624 0253 44       		.byte	68
 625 0254 43       		.byte	67
 626 0255 80       		.byte	-128
 627 0256 45       		.byte	69
ARM GAS  C:\Users\dshen\AppData\Local\Temp\ccr8ivTm.s 			page 12


 628 0257 08       		.byte	8
 629 0258 48       		.byte	72
 630 0259 01       		.byte	1
 631 025a 4C       		.byte	76
 632 025b 20       		.byte	32
 633 025c 4D       		.byte	77
 634 025d 02       		.byte	2
 635 025e 4F       		.byte	79
 636 025f 20       		.byte	32
 637 0260 50       		.byte	80
 638 0261 0A       		.byte	10
 639 0262 56       		.byte	86
 640 0263 08       		.byte	8
 641 0264 57       		.byte	87
 642 0265 10       		.byte	16
 643 0266 59       		.byte	89
 644 0267 01       		.byte	1
 645 0268 69       		.byte	105
 646 0269 54       		.byte	84
 647 026a 70       		.byte	112
 648 026b 14       		.byte	20
 649 026c 72       		.byte	114
 650 026d 02       		.byte	2
 651 026e 77       		.byte	119
 652 026f 40       		.byte	64
 653 0270 7B       		.byte	123
 654 0271 01       		.byte	1
 655 0272 8A       		.byte	-118
 656 0273 48       		.byte	72
 657 0274 C0       		.byte	-64
 658 0275 05       		.byte	5
 659 0276 C2       		.byte	-62
 660 0277 26       		.byte	38
 661 0278 C4       		.byte	-60
 662 0279 C0       		.byte	-64
 663 027a CA       		.byte	-54
 664 027b 3F       		.byte	63
 665 027c CC       		.byte	-52
 666 027d 0F       		.byte	15
 667 027e CE       		.byte	-50
 668 027f 6F       		.byte	111
 669 0280 D0       		.byte	-48
 670 0281 4F       		.byte	79
 671 0282 D2       		.byte	-46
 672 0283 28       		.byte	40
 673 0284 D6       		.byte	-42
 674 0285 01       		.byte	1
 675 0286 DE       		.byte	-34
 676 0287 08       		.byte	8
 677 0288 E6       		.byte	-26
 678 0289 01       		.byte	1
 679 028a EE       		.byte	-18
 680 028b 01       		.byte	1
 681 028c 01       		.byte	1
 682 028d 01       		.byte	1
 683 028e 02       		.byte	2
 684 028f 0C       		.byte	12
ARM GAS  C:\Users\dshen\AppData\Local\Temp\ccr8ivTm.s 			page 13


 685 0290 03       		.byte	3
 686 0291 02       		.byte	2
 687 0292 05       		.byte	5
 688 0293 20       		.byte	32
 689 0294 06       		.byte	6
 690 0295 08       		.byte	8
 691 0296 07       		.byte	7
 692 0297 44       		.byte	68
 693 0298 08       		.byte	8
 694 0299 02       		.byte	2
 695 029a 0A       		.byte	10
 696 029b 05       		.byte	5
 697 029c 0B       		.byte	11
 698 029d 08       		.byte	8
 699 029e 0C       		.byte	12
 700 029f 0C       		.byte	12
 701 02a0 0E       		.byte	14
 702 02a1 13       		.byte	19
 703 02a2 15       		.byte	21
 704 02a3 D0       		.byte	-48
 705 02a4 17       		.byte	23
 706 02a5 0E       		.byte	14
 707 02a6 19       		.byte	25
 708 02a7 D0       		.byte	-48
 709 02a8 1B       		.byte	27
 710 02a9 05       		.byte	5
 711 02aa 1C       		.byte	28
 712 02ab 1F       		.byte	31
 713 02ac 21       		.byte	33
 714 02ad 89       		.byte	-119
 715 02ae 23       		.byte	35
 716 02af 14       		.byte	20
 717 02b0 24       		.byte	36
 718 02b1 01       		.byte	1
 719 02b2 26       		.byte	38
 720 02b3 0E       		.byte	14
 721 02b4 28       		.byte	40
 722 02b5 10       		.byte	16
 723 02b6 2F       		.byte	47
 724 02b7 09       		.byte	9
 725 02b8 33       		.byte	51
 726 02b9 C0       		.byte	-64
 727 02ba 35       		.byte	53
 728 02bb 0F       		.byte	15
 729 02bc 36       		.byte	54
 730 02bd 1F       		.byte	31
 731 02be 37       		.byte	55
 732 02bf 30       		.byte	48
 733 02c0 39       		.byte	57
 734 02c1 88       		.byte	-120
 735 02c2 3B       		.byte	59
 736 02c3 20       		.byte	32
 737 02c4 3F       		.byte	63
 738 02c5 04       		.byte	4
 739 02c6 40       		.byte	64
 740 02c7 02       		.byte	2
 741 02c8 46       		.byte	70
ARM GAS  C:\Users\dshen\AppData\Local\Temp\ccr8ivTm.s 			page 14


 742 02c9 40       		.byte	64
 743 02ca 49       		.byte	73
 744 02cb FF       		.byte	-1
 745 02cc 4A       		.byte	74
 746 02cd 07       		.byte	7
 747 02ce 4B       		.byte	75
 748 02cf FF       		.byte	-1
 749 02d0 4C       		.byte	76
 750 02d1 40       		.byte	64
 751 02d2 4D       		.byte	77
 752 02d3 20       		.byte	32
 753 02d4 4E       		.byte	78
 754 02d5 F0       		.byte	-16
 755 02d6 4F       		.byte	79
 756 02d7 05       		.byte	5
 757 02d8 50       		.byte	80
 758 02d9 08       		.byte	8
 759 02da 58       		.byte	88
 760 02db 04       		.byte	4
 761 02dc 59       		.byte	89
 762 02dd 04       		.byte	4
 763 02de 5A       		.byte	90
 764 02df 04       		.byte	4
 765 02e0 5C       		.byte	92
 766 02e1 22       		.byte	34
 767 02e2 5D       		.byte	93
 768 02e3 02       		.byte	2
 769 02e4 5F       		.byte	95
 770 02e5 09       		.byte	9
 771 02e6 60       		.byte	96
 772 02e7 40       		.byte	64
 773 02e8 61       		.byte	97
 774 02e9 A8       		.byte	-88
 775 02ea 62       		.byte	98
 776 02eb 40       		.byte	64
 777 02ec 63       		.byte	99
 778 02ed 20       		.byte	32
 779 02ee 83       		.byte	-125
 780 02ef 03       		.byte	3
 781 02f0 85       		.byte	-123
 782 02f1 FC       		.byte	-4
 783 02f2 88       		.byte	-120
 784 02f3 01       		.byte	1
 785 02f4 89       		.byte	-119
 786 02f5 FC       		.byte	-4
 787 02f6 8F       		.byte	-113
 788 02f7 03       		.byte	3
 789 02f8 91       		.byte	-111
 790 02f9 29       		.byte	41
 791 02fa 92       		.byte	-110
 792 02fb 01       		.byte	1
 793 02fc 93       		.byte	-109
 794 02fd 44       		.byte	68
 795 02fe 95       		.byte	-107
 796 02ff 07       		.byte	7
 797 0300 97       		.byte	-105
 798 0301 18       		.byte	24
ARM GAS  C:\Users\dshen\AppData\Local\Temp\ccr8ivTm.s 			page 15


 799 0302 99       		.byte	-103
 800 0303 52       		.byte	82
 801 0304 9B       		.byte	-101
 802 0305 24       		.byte	36
 803 0306 9D       		.byte	-99
 804 0307 7F       		.byte	127
 805 0308 9E       		.byte	-98
 806 0309 03       		.byte	3
 807 030a A1       		.byte	-95
 808 030b 80       		.byte	-128
 809 030c A7       		.byte	-89
 810 030d 03       		.byte	3
 811 030e A9       		.byte	-87
 812 030f 03       		.byte	3
 813 0310 AD       		.byte	-83
 814 0311 03       		.byte	3
 815 0312 B1       		.byte	-79
 816 0313 03       		.byte	3
 817 0314 B2       		.byte	-78
 818 0315 02       		.byte	2
 819 0316 B3       		.byte	-77
 820 0317 1C       		.byte	28
 821 0318 B5       		.byte	-75
 822 0319 60       		.byte	96
 823 031a B6       		.byte	-74
 824 031b 01       		.byte	1
 825 031c B7       		.byte	-73
 826 031d 80       		.byte	-128
 827 031e BE       		.byte	-66
 828 031f 40       		.byte	64
 829 0320 D4       		.byte	-44
 830 0321 18       		.byte	24
 831 0322 D6       		.byte	-42
 832 0323 04       		.byte	4
 833 0324 D8       		.byte	-40
 834 0325 04       		.byte	4
 835 0326 D9       		.byte	-39
 836 0327 04       		.byte	4
 837 0328 DB       		.byte	-37
 838 0329 04       		.byte	4
 839 032a DC       		.byte	-36
 840 032b 21       		.byte	33
 841 032c DD       		.byte	-35
 842 032d 20       		.byte	32
 843 032e DF       		.byte	-33
 844 032f 05       		.byte	5
 845 0330 00       		.byte	0
 846 0331 10       		.byte	16
 847 0332 04       		.byte	4
 848 0333 02       		.byte	2
 849 0334 05       		.byte	5
 850 0335 60       		.byte	96
 851 0336 06       		.byte	6
 852 0337 A0       		.byte	-96
 853 0338 08       		.byte	8
 854 0339 80       		.byte	-128
 855 033a 0A       		.byte	10
ARM GAS  C:\Users\dshen\AppData\Local\Temp\ccr8ivTm.s 			page 16


 856 033b 40       		.byte	64
 857 033c 0F       		.byte	15
 858 033d 02       		.byte	2
 859 033e 16       		.byte	22
 860 033f 08       		.byte	8
 861 0340 17       		.byte	23
 862 0341 04       		.byte	4
 863 0342 18       		.byte	24
 864 0343 11       		.byte	17
 865 0344 1D       		.byte	29
 866 0345 40       		.byte	64
 867 0346 1F       		.byte	31
 868 0347 80       		.byte	-128
 869 0348 21       		.byte	33
 870 0349 60       		.byte	96
 871 034a 22       		.byte	34
 872 034b 09       		.byte	9
 873 034c 24       		.byte	36
 874 034d 02       		.byte	2
 875 034e 27       		.byte	39
 876 034f 24       		.byte	36
 877 0350 28       		.byte	40
 878 0351 18       		.byte	24
 879 0352 29       		.byte	41
 880 0353 80       		.byte	-128
 881 0354 2A       		.byte	42
 882 0355 01       		.byte	1
 883 0356 2E       		.byte	46
 884 0357 80       		.byte	-128
 885 0358 2F       		.byte	47
 886 0359 80       		.byte	-128
 887 035a 31       		.byte	49
 888 035b 21       		.byte	33
 889 035c 32       		.byte	50
 890 035d 48       		.byte	72
 891 035e 36       		.byte	54
 892 035f 20       		.byte	32
 893 0360 37       		.byte	55
 894 0361 04       		.byte	4
 895 0362 39       		.byte	57
 896 0363 96       		.byte	-106
 897 0364 3E       		.byte	62
 898 0365 28       		.byte	40
 899 0366 3F       		.byte	63
 900 0367 02       		.byte	2
 901 0368 47       		.byte	71
 902 0369 20       		.byte	32
 903 036a 56       		.byte	86
 904 036b 28       		.byte	40
 905 036c 5A       		.byte	90
 906 036d 02       		.byte	2
 907 036e 60       		.byte	96
 908 036f 84       		.byte	-124
 909 0370 62       		.byte	98
 910 0371 40       		.byte	64
 911 0372 69       		.byte	105
 912 0373 40       		.byte	64
ARM GAS  C:\Users\dshen\AppData\Local\Temp\ccr8ivTm.s 			page 17


 913 0374 6B       		.byte	107
 914 0375 01       		.byte	1
 915 0376 7B       		.byte	123
 916 0377 01       		.byte	1
 917 0378 7E       		.byte	126
 918 0379 40       		.byte	64
 919 037a 80       		.byte	-128
 920 037b 80       		.byte	-128
 921 037c 8D       		.byte	-115
 922 037d 01       		.byte	1
 923 037e 8F       		.byte	-113
 924 037f 10       		.byte	16
 925 0380 90       		.byte	-112
 926 0381 2C       		.byte	44
 927 0382 91       		.byte	-111
 928 0383 14       		.byte	20
 929 0384 92       		.byte	-110
 930 0385 80       		.byte	-128
 931 0386 94       		.byte	-108
 932 0387 01       		.byte	1
 933 0388 95       		.byte	-107
 934 0389 C0       		.byte	-64
 935 038a 98       		.byte	-104
 936 038b 18       		.byte	24
 937 038c 99       		.byte	-103
 938 038d 80       		.byte	-128
 939 038e 9A       		.byte	-102
 940 038f 43       		.byte	67
 941 0390 9D       		.byte	-99
 942 0391 01       		.byte	1
 943 0392 9F       		.byte	-97
 944 0393 01       		.byte	1
 945 0394 A3       		.byte	-93
 946 0395 01       		.byte	1
 947 0396 A4       		.byte	-92
 948 0397 04       		.byte	4
 949 0398 A5       		.byte	-91
 950 0399 20       		.byte	32
 951 039a A6       		.byte	-90
 952 039b 08       		.byte	8
 953 039c A8       		.byte	-88
 954 039d 80       		.byte	-128
 955 039e B0       		.byte	-80
 956 039f 10       		.byte	16
 957 03a0 B1       		.byte	-79
 958 03a1 80       		.byte	-128
 959 03a2 C0       		.byte	-64
 960 03a3 F2       		.byte	-14
 961 03a4 C2       		.byte	-62
 962 03a5 89       		.byte	-119
 963 03a6 C4       		.byte	-60
 964 03a7 60       		.byte	96
 965 03a8 CA       		.byte	-54
 966 03a9 9F       		.byte	-97
 967 03aa CC       		.byte	-52
 968 03ab 6F       		.byte	111
 969 03ac CE       		.byte	-50
ARM GAS  C:\Users\dshen\AppData\Local\Temp\ccr8ivTm.s 			page 18


 970 03ad EF       		.byte	-17
 971 03ae D0       		.byte	-48
 972 03af 20       		.byte	32
 973 03b0 D6       		.byte	-42
 974 03b1 01       		.byte	1
 975 03b2 D8       		.byte	-40
 976 03b3 0D       		.byte	13
 977 03b4 DE       		.byte	-34
 978 03b5 88       		.byte	-120
 979 03b6 05       		.byte	5
 980 03b7 0C       		.byte	12
 981 03b8 09       		.byte	9
 982 03b9 04       		.byte	4
 983 03ba 0F       		.byte	15
 984 03bb 21       		.byte	33
 985 03bc 13       		.byte	19
 986 03bd 02       		.byte	2
 987 03be 15       		.byte	21
 988 03bf 0E       		.byte	14
 989 03c0 17       		.byte	23
 990 03c1 30       		.byte	48
 991 03c2 19       		.byte	25
 992 03c3 02       		.byte	2
 993 03c4 1B       		.byte	27
 994 03c5 40       		.byte	64
 995 03c6 1D       		.byte	29
 996 03c7 4F       		.byte	79
 997 03c8 1F       		.byte	31
 998 03c9 10       		.byte	16
 999 03ca 21       		.byte	33
 1000 03cb 08       		.byte	8
 1001 03cc 25       		.byte	37
 1002 03cd 0E       		.byte	14
 1003 03ce 27       		.byte	39
 1004 03cf 01       		.byte	1
 1005 03d0 29       		.byte	41
 1006 03d1 2F       		.byte	47
 1007 03d2 2D       		.byte	45
 1008 03d3 23       		.byte	35
 1009 03d4 2F       		.byte	47
 1010 03d5 0C       		.byte	12
 1011 03d6 31       		.byte	49
 1012 03d7 40       		.byte	64
 1013 03d8 35       		.byte	53
 1014 03d9 3F       		.byte	63
 1015 03da 3B       		.byte	59
 1016 03db 20       		.byte	32
 1017 03dc 52       		.byte	82
 1018 03dd 80       		.byte	-128
 1019 03de 59       		.byte	89
 1020 03df 04       		.byte	4
 1021 03e0 5B       		.byte	91
 1022 03e1 04       		.byte	4
 1023 03e2 5C       		.byte	92
 1024 03e3 20       		.byte	32
 1025 03e4 5D       		.byte	93
 1026 03e5 10       		.byte	16
ARM GAS  C:\Users\dshen\AppData\Local\Temp\ccr8ivTm.s 			page 19


 1027 03e6 5F       		.byte	95
 1028 03e7 01       		.byte	1
 1029 03e8 80       		.byte	-128
 1030 03e9 09       		.byte	9
 1031 03ea 81       		.byte	-127
 1032 03eb 03       		.byte	3
 1033 03ec 82       		.byte	-126
 1034 03ed 10       		.byte	16
 1035 03ee 83       		.byte	-125
 1036 03ef 04       		.byte	4
 1037 03f0 84       		.byte	-124
 1038 03f1 10       		.byte	16
 1039 03f2 87       		.byte	-121
 1040 03f3 29       		.byte	41
 1041 03f4 88       		.byte	-120
 1042 03f5 10       		.byte	16
 1043 03f6 8A       		.byte	-118
 1044 03f7 0C       		.byte	12
 1045 03f8 8C       		.byte	-116
 1046 03f9 1C       		.byte	28
 1047 03fa 8E       		.byte	-114
 1048 03fb 02       		.byte	2
 1049 03fc 92       		.byte	-110
 1050 03fd 20       		.byte	32
 1051 03fe 94       		.byte	-108
 1052 03ff 14       		.byte	20
 1053 0400 95       		.byte	-107
 1054 0401 23       		.byte	35
 1055 0402 97       		.byte	-105
 1056 0403 08       		.byte	8
 1057 0404 99       		.byte	-103
 1058 0405 23       		.byte	35
 1059 0406 9B       		.byte	-101
 1060 0407 1C       		.byte	28
 1061 0408 9C       		.byte	-100
 1062 0409 80       		.byte	-128
 1063 040a 9D       		.byte	-99
 1064 040b 12       		.byte	18
 1065 040c 9E       		.byte	-98
 1066 040d 03       		.byte	3
 1067 040e 9F       		.byte	-97
 1068 040f 28       		.byte	40
 1069 0410 A0       		.byte	-96
 1070 0411 3F       		.byte	63
 1071 0412 A1       		.byte	-95
 1072 0413 03       		.byte	3
 1073 0414 A3       		.byte	-93
 1074 0415 28       		.byte	40
 1075 0416 A4       		.byte	-92
 1076 0417 0C       		.byte	12
 1077 0418 A6       		.byte	-90
 1078 0419 11       		.byte	17
 1079 041a A8       		.byte	-88
 1080 041b 40       		.byte	64
 1081 041c AF       		.byte	-81
 1082 041d 10       		.byte	16
 1083 041e B0       		.byte	-80
ARM GAS  C:\Users\dshen\AppData\Local\Temp\ccr8ivTm.s 			page 20


 1084 041f 20       		.byte	32
 1085 0420 B1       		.byte	-79
 1086 0421 20       		.byte	32
 1087 0422 B2       		.byte	-78
 1088 0423 80       		.byte	-128
 1089 0424 B4       		.byte	-76
 1090 0425 40       		.byte	64
 1091 0426 B5       		.byte	-75
 1092 0427 1F       		.byte	31
 1093 0428 B6       		.byte	-74
 1094 0429 1F       		.byte	31
 1095 042a BB       		.byte	-69
 1096 042b 20       		.byte	32
 1097 042c BE       		.byte	-66
 1098 042d 14       		.byte	20
 1099 042e BF       		.byte	-65
 1100 042f 01       		.byte	1
 1101 0430 C0       		.byte	-64
 1102 0431 62       		.byte	98
 1103 0432 C1       		.byte	-63
 1104 0433 03       		.byte	3
 1105 0434 C6       		.byte	-58
 1106 0435 BC       		.byte	-68
 1107 0436 C7       		.byte	-57
 1108 0437 0E       		.byte	14
 1109 0438 C8       		.byte	-56
 1110 0439 1C       		.byte	28
 1111 043a C9       		.byte	-55
 1112 043b FF       		.byte	-1
 1113 043c CA       		.byte	-54
 1114 043d FF       		.byte	-1
 1115 043e CB       		.byte	-53
 1116 043f FF       		.byte	-1
 1117 0440 CE       		.byte	-50
 1118 0441 F0       		.byte	-16
 1119 0442 CF       		.byte	-49
 1120 0443 44       		.byte	68
 1121 0444 D0       		.byte	-48
 1122 0445 0C       		.byte	12
 1123 0446 D4       		.byte	-44
 1124 0447 01       		.byte	1
 1125 0448 D8       		.byte	-40
 1126 0449 04       		.byte	4
 1127 044a D9       		.byte	-39
 1128 044b 04       		.byte	4
 1129 044c DA       		.byte	-38
 1130 044d 04       		.byte	4
 1131 044e DB       		.byte	-37
 1132 044f 04       		.byte	4
 1133 0450 DC       		.byte	-36
 1134 0451 22       		.byte	34
 1135 0452 DD       		.byte	-35
 1136 0453 22       		.byte	34
 1137 0454 DF       		.byte	-33
 1138 0455 0D       		.byte	13
 1139 0456 E6       		.byte	-26
 1140 0457 C0       		.byte	-64
ARM GAS  C:\Users\dshen\AppData\Local\Temp\ccr8ivTm.s 			page 21


 1141 0458 EA       		.byte	-22
 1142 0459 40       		.byte	64
 1143 045a EB       		.byte	-21
 1144 045b 02       		.byte	2
 1145 045c 04       		.byte	4
 1146 045d 02       		.byte	2
 1147 045e 05       		.byte	5
 1148 045f 60       		.byte	96
 1149 0460 06       		.byte	6
 1150 0461 A0       		.byte	-96
 1151 0462 0E       		.byte	14
 1152 0463 81       		.byte	-127
 1153 0464 0F       		.byte	15
 1154 0465 20       		.byte	32
 1155 0466 15       		.byte	21
 1156 0467 01       		.byte	1
 1157 0468 16       		.byte	22
 1158 0469 04       		.byte	4
 1159 046a 17       		.byte	23
 1160 046b 04       		.byte	4
 1161 046c 1E       		.byte	30
 1162 046d A9       		.byte	-87
 1163 046e 20       		.byte	32
 1164 046f 08       		.byte	8
 1165 0470 22       		.byte	34
 1166 0471 01       		.byte	1
 1167 0472 24       		.byte	36
 1168 0473 40       		.byte	64
 1169 0474 26       		.byte	38
 1170 0475 20       		.byte	32
 1171 0476 28       		.byte	40
 1172 0477 18       		.byte	24
 1173 0478 29       		.byte	41
 1174 0479 80       		.byte	-128
 1175 047a 2A       		.byte	42
 1176 047b 02       		.byte	2
 1177 047c 2E       		.byte	46
 1178 047d 80       		.byte	-128
 1179 047e 2F       		.byte	47
 1180 047f 80       		.byte	-128
 1181 0480 30       		.byte	48
 1182 0481 08       		.byte	8
 1183 0482 32       		.byte	50
 1184 0483 41       		.byte	65
 1185 0484 33       		.byte	51
 1186 0485 10       		.byte	16
 1187 0486 35       		.byte	53
 1188 0487 60       		.byte	96
 1189 0488 36       		.byte	54
 1190 0489 20       		.byte	32
 1191 048a 37       		.byte	55
 1192 048b 04       		.byte	4
 1193 048c 38       		.byte	56
 1194 048d 28       		.byte	40
 1195 048e 39       		.byte	57
 1196 048f 80       		.byte	-128
 1197 0490 3D       		.byte	61
ARM GAS  C:\Users\dshen\AppData\Local\Temp\ccr8ivTm.s 			page 22


 1198 0491 01       		.byte	1
 1199 0492 3E       		.byte	62
 1200 0493 08       		.byte	8
 1201 0494 46       		.byte	70
 1202 0495 08       		.byte	8
 1203 0496 47       		.byte	71
 1204 0497 04       		.byte	4
 1205 0498 48       		.byte	72
 1206 0499 0C       		.byte	12
 1207 049a 4D       		.byte	77
 1208 049b 20       		.byte	32
 1209 049c 56       		.byte	86
 1210 049d 04       		.byte	4
 1211 049e 57       		.byte	87
 1212 049f 90       		.byte	-112
 1213 04a0 5C       		.byte	92
 1214 04a1 60       		.byte	96
 1215 04a2 5E       		.byte	94
 1216 04a3 08       		.byte	8
 1217 04a4 5F       		.byte	95
 1218 04a5 01       		.byte	1
 1219 04a6 72       		.byte	114
 1220 04a7 40       		.byte	64
 1221 04a8 7D       		.byte	125
 1222 04a9 01       		.byte	1
 1223 04aa 7E       		.byte	126
 1224 04ab 40       		.byte	64
 1225 04ac 8A       		.byte	-118
 1226 04ad 10       		.byte	16
 1227 04ae 8C       		.byte	-116
 1228 04af 20       		.byte	32
 1229 04b0 8E       		.byte	-114
 1230 04b1 04       		.byte	4
 1231 04b2 8F       		.byte	-113
 1232 04b3 81       		.byte	-127
 1233 04b4 90       		.byte	-112
 1234 04b5 2A       		.byte	42
 1235 04b6 91       		.byte	-111
 1236 04b7 80       		.byte	-128
 1237 04b8 92       		.byte	-110
 1238 04b9 80       		.byte	-128
 1239 04ba 96       		.byte	-106
 1240 04bb 40       		.byte	64
 1241 04bc 98       		.byte	-104
 1242 04bd 18       		.byte	24
 1243 04be 99       		.byte	-103
 1244 04bf C0       		.byte	-64
 1245 04c0 9A       		.byte	-102
 1246 04c1 2A       		.byte	42
 1247 04c2 9B       		.byte	-101
 1248 04c3 14       		.byte	20
 1249 04c4 9D       		.byte	-99
 1250 04c5 20       		.byte	32
 1251 04c6 A4       		.byte	-92
 1252 04c7 04       		.byte	4
 1253 04c8 A6       		.byte	-90
 1254 04c9 20       		.byte	32
ARM GAS  C:\Users\dshen\AppData\Local\Temp\ccr8ivTm.s 			page 23


 1255 04ca B0       		.byte	-80
 1256 04cb 04       		.byte	4
 1257 04cc B1       		.byte	-79
 1258 04cd 01       		.byte	1
 1259 04ce C0       		.byte	-64
 1260 04cf F0       		.byte	-16
 1261 04d0 C2       		.byte	-62
 1262 04d1 B0       		.byte	-80
 1263 04d2 C4       		.byte	-60
 1264 04d3 70       		.byte	112
 1265 04d4 CA       		.byte	-54
 1266 04d5 9F       		.byte	-97
 1267 04d6 CC       		.byte	-52
 1268 04d7 7F       		.byte	127
 1269 04d8 CE       		.byte	-50
 1270 04d9 CE       		.byte	-50
 1271 04da D0       		.byte	-48
 1272 04db 60       		.byte	96
 1273 04dc D2       		.byte	-46
 1274 04dd 20       		.byte	32
 1275 04de D6       		.byte	-42
 1276 04df F0       		.byte	-16
 1277 04e0 DE       		.byte	-34
 1278 04e1 80       		.byte	-128
 1279 04e2 32       		.byte	50
 1280 04e3 40       		.byte	64
 1281 04e4 34       		.byte	52
 1282 04e5 80       		.byte	-128
 1283 04e6 CC       		.byte	-52
 1284 04e7 30       		.byte	48
 1285 04e8 96       		.byte	-106
 1286 04e9 80       		.byte	-128
 1287 04ea 9C       		.byte	-100
 1288 04eb 80       		.byte	-128
 1289 04ec 96       		.byte	-106
 1290 04ed 80       		.byte	-128
 1291 04ee 9C       		.byte	-100
 1292 04ef 80       		.byte	-128
 1293 04f0 6B       		.byte	107
 1294 04f1 40       		.byte	64
 1295 04f2 6F       		.byte	111
 1296 04f3 40       		.byte	64
 1297 04f4 83       		.byte	-125
 1298 04f5 40       		.byte	64
 1299 04f6 96       		.byte	-106
 1300 04f7 80       		.byte	-128
 1301 04f8 9C       		.byte	-100
 1302 04f9 80       		.byte	-128
 1303 04fa DC       		.byte	-36
 1304 04fb 60       		.byte	96
 1305 04fc E6       		.byte	-26
 1306 04fd 80       		.byte	-128
 1307 04fe 50       		.byte	80
 1308 04ff 20       		.byte	32
 1309 0500 D4       		.byte	-44
 1310 0501 04       		.byte	4
 1311 0502 A4       		.byte	-92
ARM GAS  C:\Users\dshen\AppData\Local\Temp\ccr8ivTm.s 			page 24


 1312 0503 20       		.byte	32
 1313 0504 B0       		.byte	-80
 1314 0505 20       		.byte	32
 1315 0506 EC       		.byte	-20
 1316 0507 04       		.byte	4
 1317 0508 82       		.byte	-126
 1318 0509 40       		.byte	64
 1319 050a 96       		.byte	-106
 1320 050b 80       		.byte	-128
 1321 050c A8       		.byte	-88
 1322 050d 80       		.byte	-128
 1323 050e E6       		.byte	-26
 1324 050f 80       		.byte	-128
 1325 0510 EE       		.byte	-18
 1326 0511 80       		.byte	-128
 1327 0512 8D       		.byte	-115
 1328 0513 04       		.byte	4
 1329 0514 E6       		.byte	-26
 1330 0515 02       		.byte	2
 1331 0516 11       		.byte	17
 1332 0517 08       		.byte	8
 1333 0518 75       		.byte	117
 1334 0519 02       		.byte	2
 1335 051a 89       		.byte	-119
 1336 051b 02       		.byte	2
 1337 051c A5       		.byte	-91
 1338 051d 04       		.byte	4
 1339 051e C4       		.byte	-60
 1340 051f 08       		.byte	8
 1341 0520 DE       		.byte	-34
 1342 0521 04       		.byte	4
 1343 0522 E0       		.byte	-32
 1344 0523 01       		.byte	1
 1345 0524 00       		.byte	0
 1346 0525 07       		.byte	7
 1347 0526 0C       		.byte	12
 1348 0527 07       		.byte	7
 1349 0528 10       		.byte	16
 1350 0529 06       		.byte	6
 1351 052a 1C       		.byte	28
 1352 052b 06       		.byte	6
 1353 052c 00       		.byte	0
 1354 052d 0F       		.byte	15
 1355 052e 00       		.byte	0
 1356 052f 00       		.byte	0
 1357 0530 80       		.byte	-128
 1358 0531 80       		.byte	-128
 1359 0532 00       		.byte	0
 1360 0533 00       		.byte	0
 1361 0534 40       		.byte	64
 1362 0535 00       		.byte	0
 1363 0536 00       		.byte	0
 1364 0537 00       		.byte	0
 1365 0538 00       		.byte	0
 1366 0539 04       		.byte	4
 1367 053a 00       		.byte	0
 1368 053b 00       		.byte	0
ARM GAS  C:\Users\dshen\AppData\Local\Temp\ccr8ivTm.s 			page 25


 1369 053c 01       		.byte	1
 1370 053d 06       		.byte	6
 1371 053e 02       		.byte	2
 1372 053f 00       		.byte	0
 1373 0540 00       		.byte	0
 1374 0541 02       		.byte	2
 1375 0542 00       		.byte	0
 1376 0543 00       		.byte	0
 1377 0544 03       		.byte	3
 1378 0545 00       		.byte	0
 1379 0546 00       		.byte	0
 1380 0547 08       		.byte	8
 1381 0548 00       		.byte	0
 1382 0549 21       		.byte	33
 1383 054a 00       		.byte	0
 1384 054b 06       		.byte	6
 1385 054c 03       		.byte	3
 1386 054d 00       		.byte	0
 1387 054e 00       		.byte	0
 1388 054f 40       		.byte	64
 1389 0550 01       		.byte	1
 1390 0551 06       		.byte	6
 1391 0552 02       		.byte	2
 1392 0553 31       		.byte	49
 1393 0554 00       		.byte	0
 1394 0555 00       		.byte	0
 1395 0556 00       		.byte	0
 1396 0557 40       		.byte	64
 1397 0558 00       		.byte	0
 1398 0559 00       		.byte	0
 1399 055a 00       		.byte	0
 1400 055b 21       		.byte	33
 1401 055c 00       		.byte	0
 1402 055d 07       		.byte	7
 1403 055e 00       		.byte	0
 1404 055f 20       		.byte	32
 1405 0560 00       		.byte	0
 1406 0561 27       		.byte	39
 1407 0562 00       		.byte	0
 1408 0563 00       		.byte	0
 1409 0564 00       		.byte	0
 1410 0565 0F       		.byte	15
 1411 0566 00       		.byte	0
 1412 0567 10       		.byte	16
 1413 0568 01       		.byte	1
 1414 0569 08       		.byte	8
 1415 056a 02       		.byte	2
 1416 056b 40       		.byte	64
 1417 056c 00       		.byte	0
 1418 056d 36       		.byte	54
 1419 056e 00       		.byte	0
 1420 056f 07       		.byte	7
 1421 0570 08       		.byte	8
 1422 0571 00       		.byte	0
 1423 0572 00       		.byte	0
 1424 0573 20       		.byte	32
 1425 0574 00       		.byte	0
ARM GAS  C:\Users\dshen\AppData\Local\Temp\ccr8ivTm.s 			page 26


 1426 0575 00       		.byte	0
 1427 0576 01       		.byte	1
 1428 0577 04       		.byte	4
 1429 0578 41       		.byte	65
 1430 0579 02       		.byte	2
 1431 057a 05       		.byte	5
 1432 057b 00       		.byte	0
 1433 057c 03       		.byte	3
 1434 057d 00       		.byte	0
 1435 057e 00       		.byte	0
 1436 057f EC       		.byte	-20
 1437 0580 30       		.byte	48
 1438 0581 FF       		.byte	-1
 1439 0582 FF       		.byte	-1
 1440 0583 FF       		.byte	-1
 1441 0584 62       		.byte	98
 1442 0585 A0       		.byte	-96
 1443 0586 F0       		.byte	-16
 1444 0587 41       		.byte	65
 1445 0588 0C       		.byte	12
 1446 0589 00       		.byte	0
 1447 058a 00       		.byte	0
 1448 058b 00       		.byte	0
 1449 058c 00       		.byte	0
 1450 058d 00       		.byte	0
 1451 058e 02       		.byte	2
 1452 058f 13       		.byte	19
 1453 0590 04       		.byte	4
 1454 0591 04       		.byte	4
 1455 0592 04       		.byte	4
 1456 0593 04       		.byte	4
 1457 0594 22       		.byte	34
 1458 0595 22       		.byte	34
 1459 0596 08       		.byte	8
 1460 0597 09       		.byte	9
 1461 0598 00       		.byte	0
 1462 0599 00       		.byte	0
 1463 059a 00       		.byte	0
 1464 059b 00       		.byte	0
 1465 059c 00       		.byte	0
 1466 059d 00       		.byte	0
 1467 059e 40       		.byte	64
 1468 059f 02       		.byte	2
 1469 05a0 00       		.byte	0
 1470 05a1 10       		.byte	16
 1471 05a2 30       		.byte	48
 1472 05a3 10       		.byte	16
 1473 05a4 00       		.byte	0
 1474 05a5 10       		.byte	16
 1475 05a6 10       		.byte	16
 1476 05a7 12       		.byte	18
 1477 05a8 00       		.byte	0
 1478 05a9 00       		.byte	0
 1479 05aa 00       		.byte	0
 1480 05ab 00       		.byte	0
 1481 05ac 00       		.byte	0
 1482 05ad 00       		.byte	0
ARM GAS  C:\Users\dshen\AppData\Local\Temp\ccr8ivTm.s 			page 27


 1483 05ae 00       		.byte	0
 1484 05af 00       		.byte	0
 1485 05b0 00       		.byte	0
 1486 05b1 00       		.byte	0
 1487 05b2 00       		.byte	0
 1488 05b3 00       		.byte	0
 1489 05b4 00       		.byte	0
 1490 05b5 00       		.byte	0
 1491 05b6 00       		.byte	0
 1492 05b7 00       		.byte	0
 1493 05b8 80       		.byte	-128
 1494 05b9 00       		.byte	0
 1495 05ba 40       		.byte	64
 1496 05bb 80       		.byte	-128
 1497 05bc 80       		.byte	-128
 1498 05bd 00       		.byte	0
 1499 05be 80       		.byte	-128
 1500 05bf 00       		.byte	0
 1501 05c0 00       		.byte	0
 1502 05c1 00       		.byte	0
 1503 05c2 00       		.byte	0
 1504 05c3 00       		.byte	0
 1505 05c4 00       		.byte	0
 1506 05c5 0B       		.byte	11
 1507 05c6 0B       		.byte	11
 1508 05c7 00       		.byte	0
 1509 05c8 00       		.byte	0
 1510 05c9 00       		.byte	0
 1511 05ca 00       		.byte	0
 1512 05cb 00       		.byte	0
 1513 05cc 00       		.byte	0
 1514 05cd 02       		.byte	2
 1515 05ce 02       		.byte	2
 1516 05cf 00       		.byte	0
 1517 05d0 02       		.byte	2
 1518 05d1 00       		.byte	0
 1519 05d2 00       		.byte	0
 1520 05d3 00       		.byte	0
 1521              		.section	.cywolatch,"a",%progbits
 1522              		.align	2
 1523              		.type	cy_meta_wonvl, %object
 1524              		.size	cy_meta_wonvl, 4
 1525              	cy_meta_wonvl:
 1526 0000 BC       		.byte	-68
 1527 0001 90       		.byte	-112
 1528 0002 AC       		.byte	-84
 1529 0003 AF       		.byte	-81
 1530              		.section	.cycustnvl,"a",%progbits
 1531              		.align	2
 1532              		.type	cy_meta_custnvl, %object
 1533              		.size	cy_meta_custnvl, 4
 1534              	cy_meta_custnvl:
 1535 0000 00       		.byte	0
 1536 0001 00       		.byte	0
 1537 0002 40       		.byte	64
 1538 0003 05       		.byte	5
 1539              		.section	.cymeta,"a",%progbits
ARM GAS  C:\Users\dshen\AppData\Local\Temp\ccr8ivTm.s 			page 28


 1540              		.align	2
 1541              		.type	cy_metadata, %object
 1542              		.size	cy_metadata, 12
 1543              	cy_metadata:
 1544 0000 00       		.byte	0
 1545 0001 01       		.byte	1
 1546 0002 2E       		.byte	46
 1547 0003 16       		.byte	22
 1548 0004 10       		.byte	16
 1549 0005 69       		.byte	105
 1550 0006 00       		.byte	0
 1551 0007 01       		.byte	1
 1552 0008 00       		.byte	0
 1553 0009 00       		.byte	0
 1554 000a 00       		.byte	0
 1555 000b 00       		.byte	0
 1556              		.section	.cyflashprotect,"a",%progbits
 1557              		.align	2
 1558              		.type	cy_meta_flashprotect, %object
 1559              		.size	cy_meta_flashprotect, 256
 1560              	cy_meta_flashprotect:
 1561 0000 00000000 		.space	256
 1561      00000000 
 1561      00000000 
 1561      00000000 
 1561      00000000 
 1562              		.text
 1563              	.Letext0:
 1564              		.file 1 "c:\\program files (x86)\\cypress\\psoc creator\\4.3\\psoc creator\\import\\gnu\\arm\\5.4.
 1565              		.file 2 "c:\\program files (x86)\\cypress\\psoc creator\\4.3\\psoc creator\\import\\gnu\\arm\\5.4.
 1566              		.file 3 "Generated_Source\\PSoC5\\cymetadata.c"
 1567              		.section	.debug_info,"",%progbits
 1568              	.Ldebug_info0:
 1569 0000 33010000 		.4byte	0x133
 1570 0004 0400     		.2byte	0x4
 1571 0006 00000000 		.4byte	.Ldebug_abbrev0
 1572 000a 04       		.byte	0x4
 1573 000b 01       		.uleb128 0x1
 1574 000c 24000000 		.4byte	.LASF17
 1575 0010 0C       		.byte	0xc
 1576 0011 CB010000 		.4byte	.LASF18
 1577 0015 D7000000 		.4byte	.LASF19
 1578 0019 00000000 		.4byte	.Ldebug_line0
 1579 001d 02       		.uleb128 0x2
 1580 001e 01       		.byte	0x1
 1581 001f 06       		.byte	0x6
 1582 0020 BF010000 		.4byte	.LASF0
 1583 0024 03       		.uleb128 0x3
 1584 0025 00000000 		.4byte	.LASF9
 1585 0029 01       		.byte	0x1
 1586 002a 1D       		.byte	0x1d
 1587 002b 2F000000 		.4byte	0x2f
 1588 002f 02       		.uleb128 0x2
 1589 0030 01       		.byte	0x1
 1590 0031 08       		.byte	0x8
 1591 0032 16000000 		.4byte	.LASF1
 1592 0036 02       		.uleb128 0x2
ARM GAS  C:\Users\dshen\AppData\Local\Temp\ccr8ivTm.s 			page 29


 1593 0037 02       		.byte	0x2
 1594 0038 05       		.byte	0x5
 1595 0039 AC010000 		.4byte	.LASF2
 1596 003d 02       		.uleb128 0x2
 1597 003e 02       		.byte	0x2
 1598 003f 07       		.byte	0x7
 1599 0040 C4000000 		.4byte	.LASF3
 1600 0044 02       		.uleb128 0x2
 1601 0045 04       		.byte	0x4
 1602 0046 05       		.byte	0x5
 1603 0047 B6010000 		.4byte	.LASF4
 1604 004b 02       		.uleb128 0x2
 1605 004c 04       		.byte	0x4
 1606 004d 07       		.byte	0x7
 1607 004e B2000000 		.4byte	.LASF5
 1608 0052 02       		.uleb128 0x2
 1609 0053 08       		.byte	0x8
 1610 0054 05       		.byte	0x5
 1611 0055 9E010000 		.4byte	.LASF6
 1612 0059 02       		.uleb128 0x2
 1613 005a 08       		.byte	0x8
 1614 005b 07       		.byte	0x7
 1615 005c 53010000 		.4byte	.LASF7
 1616 0060 04       		.uleb128 0x4
 1617 0061 04       		.byte	0x4
 1618 0062 05       		.byte	0x5
 1619 0063 696E7400 		.ascii	"int\000"
 1620 0067 02       		.uleb128 0x2
 1621 0068 04       		.byte	0x4
 1622 0069 07       		.byte	0x7
 1623 006a 46010000 		.4byte	.LASF8
 1624 006e 03       		.uleb128 0x3
 1625 006f 6A010000 		.4byte	.LASF10
 1626 0073 02       		.byte	0x2
 1627 0074 18       		.byte	0x18
 1628 0075 24000000 		.4byte	0x24
 1629 0079 05       		.uleb128 0x5
 1630 007a 91000000 		.4byte	0x91
 1631 007e 8A000000 		.4byte	0x8a
 1632 0082 06       		.uleb128 0x6
 1633 0083 8A000000 		.4byte	0x8a
 1634 0087 D305     		.2byte	0x5d3
 1635 0089 00       		.byte	0
 1636 008a 02       		.uleb128 0x2
 1637 008b 04       		.byte	0x4
 1638 008c 07       		.byte	0x7
 1639 008d 95010000 		.4byte	.LASF11
 1640 0091 07       		.uleb128 0x7
 1641 0092 6E000000 		.4byte	0x6e
 1642 0096 08       		.uleb128 0x8
 1643 0097 34010000 		.4byte	.LASF12
 1644 009b 03       		.byte	0x3
 1645 009c 1F       		.byte	0x1f
 1646 009d A7000000 		.4byte	0xa7
 1647 00a1 05       		.uleb128 0x5
 1648 00a2 03       		.byte	0x3
 1649 00a3 00000000 		.4byte	cy_meta_configecc
ARM GAS  C:\Users\dshen\AppData\Local\Temp\ccr8ivTm.s 			page 30


 1650 00a7 07       		.uleb128 0x7
 1651 00a8 79000000 		.4byte	0x79
 1652 00ac 05       		.uleb128 0x5
 1653 00ad 91000000 		.4byte	0x91
 1654 00b1 BC000000 		.4byte	0xbc
 1655 00b5 09       		.uleb128 0x9
 1656 00b6 8A000000 		.4byte	0x8a
 1657 00ba 03       		.byte	0x3
 1658 00bb 00       		.byte	0
 1659 00bc 08       		.uleb128 0x8
 1660 00bd 24010000 		.4byte	.LASF13
 1661 00c1 03       		.byte	0x3
 1662 00c2 E7       		.byte	0xe7
 1663 00c3 CD000000 		.4byte	0xcd
 1664 00c7 05       		.uleb128 0x5
 1665 00c8 03       		.byte	0x3
 1666 00c9 00000000 		.4byte	cy_meta_custnvl
 1667 00cd 07       		.uleb128 0x7
 1668 00ce AC000000 		.4byte	0xac
 1669 00d2 08       		.uleb128 0x8
 1670 00d3 87010000 		.4byte	.LASF14
 1671 00d7 03       		.byte	0x3
 1672 00d8 F5       		.byte	0xf5
 1673 00d9 E3000000 		.4byte	0xe3
 1674 00dd 05       		.uleb128 0x5
 1675 00de 03       		.byte	0x3
 1676 00df 00000000 		.4byte	cy_meta_wonvl
 1677 00e3 07       		.uleb128 0x7
 1678 00e4 AC000000 		.4byte	0xac
 1679 00e8 05       		.uleb128 0x5
 1680 00e9 91000000 		.4byte	0x91
 1681 00ed F8000000 		.4byte	0xf8
 1682 00f1 09       		.uleb128 0x9
 1683 00f2 8A000000 		.4byte	0x8a
 1684 00f6 FF       		.byte	0xff
 1685 00f7 00       		.byte	0
 1686 00f8 0A       		.uleb128 0xa
 1687 00f9 72010000 		.4byte	.LASF15
 1688 00fd 03       		.byte	0x3
 1689 00fe 0301     		.2byte	0x103
 1690 0100 0A010000 		.4byte	0x10a
 1691 0104 05       		.uleb128 0x5
 1692 0105 03       		.byte	0x3
 1693 0106 00000000 		.4byte	cy_meta_flashprotect
 1694 010a 07       		.uleb128 0x7
 1695 010b E8000000 		.4byte	0xe8
 1696 010f 05       		.uleb128 0x5
 1697 0110 91000000 		.4byte	0x91
 1698 0114 1F010000 		.4byte	0x11f
 1699 0118 09       		.uleb128 0x9
 1700 0119 8A000000 		.4byte	0x8a
 1701 011d 0B       		.byte	0xb
 1702 011e 00       		.byte	0
 1703 011f 0A       		.uleb128 0xa
 1704 0120 0A000000 		.4byte	.LASF16
 1705 0124 03       		.byte	0x3
 1706 0125 3001     		.2byte	0x130
ARM GAS  C:\Users\dshen\AppData\Local\Temp\ccr8ivTm.s 			page 31


 1707 0127 31010000 		.4byte	0x131
 1708 012b 05       		.uleb128 0x5
 1709 012c 03       		.byte	0x3
 1710 012d 00000000 		.4byte	cy_metadata
 1711 0131 07       		.uleb128 0x7
 1712 0132 0F010000 		.4byte	0x10f
 1713 0136 00       		.byte	0
 1714              		.section	.debug_abbrev,"",%progbits
 1715              	.Ldebug_abbrev0:
 1716 0000 01       		.uleb128 0x1
 1717 0001 11       		.uleb128 0x11
 1718 0002 01       		.byte	0x1
 1719 0003 25       		.uleb128 0x25
 1720 0004 0E       		.uleb128 0xe
 1721 0005 13       		.uleb128 0x13
 1722 0006 0B       		.uleb128 0xb
 1723 0007 03       		.uleb128 0x3
 1724 0008 0E       		.uleb128 0xe
 1725 0009 1B       		.uleb128 0x1b
 1726 000a 0E       		.uleb128 0xe
 1727 000b 10       		.uleb128 0x10
 1728 000c 17       		.uleb128 0x17
 1729 000d 00       		.byte	0
 1730 000e 00       		.byte	0
 1731 000f 02       		.uleb128 0x2
 1732 0010 24       		.uleb128 0x24
 1733 0011 00       		.byte	0
 1734 0012 0B       		.uleb128 0xb
 1735 0013 0B       		.uleb128 0xb
 1736 0014 3E       		.uleb128 0x3e
 1737 0015 0B       		.uleb128 0xb
 1738 0016 03       		.uleb128 0x3
 1739 0017 0E       		.uleb128 0xe
 1740 0018 00       		.byte	0
 1741 0019 00       		.byte	0
 1742 001a 03       		.uleb128 0x3
 1743 001b 16       		.uleb128 0x16
 1744 001c 00       		.byte	0
 1745 001d 03       		.uleb128 0x3
 1746 001e 0E       		.uleb128 0xe
 1747 001f 3A       		.uleb128 0x3a
 1748 0020 0B       		.uleb128 0xb
 1749 0021 3B       		.uleb128 0x3b
 1750 0022 0B       		.uleb128 0xb
 1751 0023 49       		.uleb128 0x49
 1752 0024 13       		.uleb128 0x13
 1753 0025 00       		.byte	0
 1754 0026 00       		.byte	0
 1755 0027 04       		.uleb128 0x4
 1756 0028 24       		.uleb128 0x24
 1757 0029 00       		.byte	0
 1758 002a 0B       		.uleb128 0xb
 1759 002b 0B       		.uleb128 0xb
 1760 002c 3E       		.uleb128 0x3e
 1761 002d 0B       		.uleb128 0xb
 1762 002e 03       		.uleb128 0x3
 1763 002f 08       		.uleb128 0x8
ARM GAS  C:\Users\dshen\AppData\Local\Temp\ccr8ivTm.s 			page 32


 1764 0030 00       		.byte	0
 1765 0031 00       		.byte	0
 1766 0032 05       		.uleb128 0x5
 1767 0033 01       		.uleb128 0x1
 1768 0034 01       		.byte	0x1
 1769 0035 49       		.uleb128 0x49
 1770 0036 13       		.uleb128 0x13
 1771 0037 01       		.uleb128 0x1
 1772 0038 13       		.uleb128 0x13
 1773 0039 00       		.byte	0
 1774 003a 00       		.byte	0
 1775 003b 06       		.uleb128 0x6
 1776 003c 21       		.uleb128 0x21
 1777 003d 00       		.byte	0
 1778 003e 49       		.uleb128 0x49
 1779 003f 13       		.uleb128 0x13
 1780 0040 2F       		.uleb128 0x2f
 1781 0041 05       		.uleb128 0x5
 1782 0042 00       		.byte	0
 1783 0043 00       		.byte	0
 1784 0044 07       		.uleb128 0x7
 1785 0045 26       		.uleb128 0x26
 1786 0046 00       		.byte	0
 1787 0047 49       		.uleb128 0x49
 1788 0048 13       		.uleb128 0x13
 1789 0049 00       		.byte	0
 1790 004a 00       		.byte	0
 1791 004b 08       		.uleb128 0x8
 1792 004c 34       		.uleb128 0x34
 1793 004d 00       		.byte	0
 1794 004e 03       		.uleb128 0x3
 1795 004f 0E       		.uleb128 0xe
 1796 0050 3A       		.uleb128 0x3a
 1797 0051 0B       		.uleb128 0xb
 1798 0052 3B       		.uleb128 0x3b
 1799 0053 0B       		.uleb128 0xb
 1800 0054 49       		.uleb128 0x49
 1801 0055 13       		.uleb128 0x13
 1802 0056 3F       		.uleb128 0x3f
 1803 0057 19       		.uleb128 0x19
 1804 0058 02       		.uleb128 0x2
 1805 0059 18       		.uleb128 0x18
 1806 005a 00       		.byte	0
 1807 005b 00       		.byte	0
 1808 005c 09       		.uleb128 0x9
 1809 005d 21       		.uleb128 0x21
 1810 005e 00       		.byte	0
 1811 005f 49       		.uleb128 0x49
 1812 0060 13       		.uleb128 0x13
 1813 0061 2F       		.uleb128 0x2f
 1814 0062 0B       		.uleb128 0xb
 1815 0063 00       		.byte	0
 1816 0064 00       		.byte	0
 1817 0065 0A       		.uleb128 0xa
 1818 0066 34       		.uleb128 0x34
 1819 0067 00       		.byte	0
 1820 0068 03       		.uleb128 0x3
ARM GAS  C:\Users\dshen\AppData\Local\Temp\ccr8ivTm.s 			page 33


 1821 0069 0E       		.uleb128 0xe
 1822 006a 3A       		.uleb128 0x3a
 1823 006b 0B       		.uleb128 0xb
 1824 006c 3B       		.uleb128 0x3b
 1825 006d 05       		.uleb128 0x5
 1826 006e 49       		.uleb128 0x49
 1827 006f 13       		.uleb128 0x13
 1828 0070 3F       		.uleb128 0x3f
 1829 0071 19       		.uleb128 0x19
 1830 0072 02       		.uleb128 0x2
 1831 0073 18       		.uleb128 0x18
 1832 0074 00       		.byte	0
 1833 0075 00       		.byte	0
 1834 0076 00       		.byte	0
 1835              		.section	.debug_aranges,"",%progbits
 1836 0000 14000000 		.4byte	0x14
 1837 0004 0200     		.2byte	0x2
 1838 0006 00000000 		.4byte	.Ldebug_info0
 1839 000a 04       		.byte	0x4
 1840 000b 00       		.byte	0
 1841 000c 0000     		.2byte	0
 1842 000e 0000     		.2byte	0
 1843 0010 00000000 		.4byte	0
 1844 0014 00000000 		.4byte	0
 1845              		.section	.debug_line,"",%progbits
 1846              	.Ldebug_line0:
 1847 0000 3D010000 		.section	.debug_str,"MS",%progbits,1
 1847      02003701 
 1847      00000201 
 1847      FB0E0D00 
 1847      01010101 
 1848              	.LASF9:
 1849 0000 5F5F7569 		.ascii	"__uint8_t\000"
 1849      6E74385F 
 1849      7400
 1850              	.LASF16:
 1851 000a 63795F6D 		.ascii	"cy_metadata\000"
 1851      65746164 
 1851      61746100 
 1852              	.LASF1:
 1853 0016 756E7369 		.ascii	"unsigned char\000"
 1853      676E6564 
 1853      20636861 
 1853      7200
 1854              	.LASF17:
 1855 0024 474E5520 		.ascii	"GNU C11 5.4.1 20160609 (release) [ARM/embedded-5-br"
 1855      43313120 
 1855      352E342E 
 1855      31203230 
 1855      31363036 
 1856 0057 616E6368 		.ascii	"anch revision 237715] -mcpu=cortex-m3 -mthumb -g -O"
 1856      20726576 
 1856      6973696F 
 1856      6E203233 
 1856      37373135 
 1857 008a 67202D66 		.ascii	"g -ffunction-sections -ffat-lto-objects\000"
 1857      66756E63 
ARM GAS  C:\Users\dshen\AppData\Local\Temp\ccr8ivTm.s 			page 34


 1857      74696F6E 
 1857      2D736563 
 1857      74696F6E 
 1858              	.LASF5:
 1859 00b2 6C6F6E67 		.ascii	"long unsigned int\000"
 1859      20756E73 
 1859      69676E65 
 1859      6420696E 
 1859      7400
 1860              	.LASF3:
 1861 00c4 73686F72 		.ascii	"short unsigned int\000"
 1861      7420756E 
 1861      7369676E 
 1861      65642069 
 1861      6E7400
 1862              	.LASF19:
 1863 00d7 433A5C55 		.ascii	"C:\\Users\\dshen\\Documents\\school\\me135\\symphon"
 1863      73657273 
 1863      5C647368 
 1863      656E5C44 
 1863      6F63756D 
 1864 0104 6975735C 		.ascii	"ius\\Symphonius\\Symphonius.cydsn\000"
 1864      53796D70 
 1864      686F6E69 
 1864      75735C53 
 1864      796D7068 
 1865              	.LASF13:
 1866 0124 63795F6D 		.ascii	"cy_meta_custnvl\000"
 1866      6574615F 
 1866      63757374 
 1866      6E766C00 
 1867              	.LASF12:
 1868 0134 63795F6D 		.ascii	"cy_meta_configecc\000"
 1868      6574615F 
 1868      636F6E66 
 1868      69676563 
 1868      6300
 1869              	.LASF8:
 1870 0146 756E7369 		.ascii	"unsigned int\000"
 1870      676E6564 
 1870      20696E74 
 1870      00
 1871              	.LASF7:
 1872 0153 6C6F6E67 		.ascii	"long long unsigned int\000"
 1872      206C6F6E 
 1872      6720756E 
 1872      7369676E 
 1872      65642069 
 1873              	.LASF10:
 1874 016a 75696E74 		.ascii	"uint8_t\000"
 1874      385F7400 
 1875              	.LASF15:
 1876 0172 63795F6D 		.ascii	"cy_meta_flashprotect\000"
 1876      6574615F 
 1876      666C6173 
 1876      6870726F 
 1876      74656374 
ARM GAS  C:\Users\dshen\AppData\Local\Temp\ccr8ivTm.s 			page 35


 1877              	.LASF14:
 1878 0187 63795F6D 		.ascii	"cy_meta_wonvl\000"
 1878      6574615F 
 1878      776F6E76 
 1878      6C00
 1879              	.LASF11:
 1880 0195 73697A65 		.ascii	"sizetype\000"
 1880      74797065 
 1880      00
 1881              	.LASF6:
 1882 019e 6C6F6E67 		.ascii	"long long int\000"
 1882      206C6F6E 
 1882      6720696E 
 1882      7400
 1883              	.LASF2:
 1884 01ac 73686F72 		.ascii	"short int\000"
 1884      7420696E 
 1884      7400
 1885              	.LASF4:
 1886 01b6 6C6F6E67 		.ascii	"long int\000"
 1886      20696E74 
 1886      00
 1887              	.LASF0:
 1888 01bf 7369676E 		.ascii	"signed char\000"
 1888      65642063 
 1888      68617200 
 1889              	.LASF18:
 1890 01cb 47656E65 		.ascii	"Generated_Source\\PSoC5\\cymetadata.c\000"
 1890      72617465 
 1890      645F536F 
 1890      75726365 
 1890      5C50536F 
 1891              		.ident	"GCC: (GNU Tools for ARM Embedded Processors) 5.4.1 20160609 (release) [ARM/embedded-5-bran
