ARM GAS  C:\Users\dshen\AppData\Local\Temp\cc4y2F8a.s 			page 1


   1              		.syntax unified
   2              		.cpu cortex-m3
   3              		.fpu softvfp
   4              		.eabi_attribute 20, 1
   5              		.eabi_attribute 21, 1
   6              		.eabi_attribute 23, 3
   7              		.eabi_attribute 24, 1
   8              		.eabi_attribute 25, 1
   9              		.eabi_attribute 26, 1
  10              		.eabi_attribute 30, 1
  11              		.eabi_attribute 34, 1
  12              		.eabi_attribute 18, 4
  13              		.thumb
  14              		.syntax unified
  15              		.file	"queue.c"
  16              		.text
  17              	.Ltext0:
  18              		.cfi_sections	.debug_frame
  19              		.section	.text.createQueue,"ax",%progbits
  20              		.align	2
  21              		.global	createQueue
  22              		.thumb
  23              		.thumb_func
  24              		.type	createQueue, %function
  25              	createQueue:
  26              	.LFB64:
  27              		.file 1 "queue.c"
   1:queue.c       **** /** Queue Library. Implementation taken from
   2:queue.c       ****  *  https://www.geeksforgeeks.org/queue-set-1introduction-and-array-implementation/
   3:queue.c       ****  */
   4:queue.c       **** #include "project.h"
   5:queue.c       **** #include <stdio.h> 
   6:queue.c       **** #include <stdlib.h> 
   7:queue.c       **** #include <limits.h> 
   8:queue.c       **** #include "queue.h"
   9:queue.c       **** 
  10:queue.c       **** // function to create a queue.
  11:queue.c       **** struct Queue* createQueue(unsigned capacity) 
  12:queue.c       **** { 
  28              		.loc 1 12 0
  29              		.cfi_startproc
  30              		@ args = 0, pretend = 0, frame = 0
  31              		@ frame_needed = 0, uses_anonymous_args = 0
  32              	.LVL0:
  33 0000 38B5     		push	{r3, r4, r5, lr}
  34              		.cfi_def_cfa_offset 16
  35              		.cfi_offset 3, -16
  36              		.cfi_offset 4, -12
  37              		.cfi_offset 5, -8
  38              		.cfi_offset 14, -4
  39 0002 0546     		mov	r5, r0
  13:queue.c       ****     struct Queue* queue = (struct Queue*) malloc(sizeof(struct Queue)); 
  40              		.loc 1 13 0
  41 0004 1420     		movs	r0, #20
  42              	.LVL1:
  43 0006 FFF7FEFF 		bl	malloc
  44              	.LVL2:
ARM GAS  C:\Users\dshen\AppData\Local\Temp\cc4y2F8a.s 			page 2


  45 000a 0446     		mov	r4, r0
  46              	.LVL3:
  14:queue.c       ****     queue->capacity = capacity; 
  47              		.loc 1 14 0
  48 000c C560     		str	r5, [r0, #12]
  15:queue.c       ****     queue-> size = 0;
  49              		.loc 1 15 0
  50 000e 0023     		movs	r3, #0
  51 0010 8360     		str	r3, [r0, #8]
  16:queue.c       ****     queue->front = 0;  
  52              		.loc 1 16 0
  53 0012 0360     		str	r3, [r0]
  17:queue.c       ****     queue->rear = capacity - 1;  // This is important, see the enqueue 
  54              		.loc 1 17 0
  55 0014 6B1E     		subs	r3, r5, #1
  56 0016 4360     		str	r3, [r0, #4]
  18:queue.c       ****     queue->array = (int*) malloc(queue->capacity * sizeof(int)); 
  57              		.loc 1 18 0
  58 0018 A800     		lsls	r0, r5, #2
  59              	.LVL4:
  60 001a FFF7FEFF 		bl	malloc
  61              	.LVL5:
  62 001e 2061     		str	r0, [r4, #16]
  19:queue.c       ****     return queue; 
  20:queue.c       **** } 
  63              		.loc 1 20 0
  64 0020 2046     		mov	r0, r4
  65 0022 38BD     		pop	{r3, r4, r5, pc}
  66              		.cfi_endproc
  67              	.LFE64:
  68              		.size	createQueue, .-createQueue
  69              		.section	.text.isFull,"ax",%progbits
  70              		.align	2
  71              		.global	isFull
  72              		.thumb
  73              		.thumb_func
  74              		.type	isFull, %function
  75              	isFull:
  76              	.LFB65:
  21:queue.c       ****   
  22:queue.c       **** // Queue is full when size becomes equal to the capacity  
  23:queue.c       **** int isFull(struct Queue* queue) 
  24:queue.c       **** {  return (queue->size == queue->capacity);  } 
  77              		.loc 1 24 0
  78              		.cfi_startproc
  79              		@ args = 0, pretend = 0, frame = 0
  80              		@ frame_needed = 0, uses_anonymous_args = 0
  81              		@ link register save eliminated.
  82              	.LVL6:
  83              		.loc 1 24 0
  84 0000 8268     		ldr	r2, [r0, #8]
  85 0002 C068     		ldr	r0, [r0, #12]
  86              	.LVL7:
  87 0004 8242     		cmp	r2, r0
  88 0006 14BF     		ite	ne
  89 0008 0020     		movne	r0, #0
  90 000a 0120     		moveq	r0, #1
ARM GAS  C:\Users\dshen\AppData\Local\Temp\cc4y2F8a.s 			page 3


  91 000c 7047     		bx	lr
  92              		.cfi_endproc
  93              	.LFE65:
  94              		.size	isFull, .-isFull
  95 000e 00BF     		.section	.text.isEmpty,"ax",%progbits
  96              		.align	2
  97              		.global	isEmpty
  98              		.thumb
  99              		.thumb_func
 100              		.type	isEmpty, %function
 101              	isEmpty:
 102              	.LFB66:
  25:queue.c       ****   
  26:queue.c       **** // Queue is empty when size is 0 
  27:queue.c       **** int isEmpty(struct Queue* queue) 
  28:queue.c       **** {  return (queue->size == 0); } 
 103              		.loc 1 28 0
 104              		.cfi_startproc
 105              		@ args = 0, pretend = 0, frame = 0
 106              		@ frame_needed = 0, uses_anonymous_args = 0
 107              		@ link register save eliminated.
 108              	.LVL8:
 109              		.loc 1 28 0
 110 0000 8068     		ldr	r0, [r0, #8]
 111              	.LVL9:
 112 0002 B0FA80F0 		clz	r0, r0
 113 0006 4009     		lsrs	r0, r0, #5
 114 0008 7047     		bx	lr
 115              		.cfi_endproc
 116              	.LFE66:
 117              		.size	isEmpty, .-isEmpty
 118 000a 00BF     		.section	.text.enqueue,"ax",%progbits
 119              		.align	2
 120              		.global	enqueue
 121              		.thumb
 122              		.thumb_func
 123              		.type	enqueue, %function
 124              	enqueue:
 125              	.LFB67:
  29:queue.c       ****   
  30:queue.c       **** // Function to add an item to the queue.   
  31:queue.c       **** // It changes rear and size 
  32:queue.c       **** void enqueue(struct Queue* queue, int item) 
  33:queue.c       **** { 
 126              		.loc 1 33 0
 127              		.cfi_startproc
 128              		@ args = 0, pretend = 0, frame = 0
 129              		@ frame_needed = 0, uses_anonymous_args = 0
 130              	.LVL10:
 131 0000 38B5     		push	{r3, r4, r5, lr}
 132              		.cfi_def_cfa_offset 16
 133              		.cfi_offset 3, -16
 134              		.cfi_offset 4, -12
 135              		.cfi_offset 5, -8
 136              		.cfi_offset 14, -4
 137 0002 0446     		mov	r4, r0
 138 0004 0D46     		mov	r5, r1
ARM GAS  C:\Users\dshen\AppData\Local\Temp\cc4y2F8a.s 			page 4


  34:queue.c       ****     if (isFull(queue)) 
 139              		.loc 1 34 0
 140 0006 FFF7FEFF 		bl	isFull
 141              	.LVL11:
 142 000a 68B9     		cbnz	r0, .L5
  35:queue.c       ****         return; 
  36:queue.c       ****     queue->rear = (queue->rear + 1)%queue->capacity; 
 143              		.loc 1 36 0
 144 000c 6368     		ldr	r3, [r4, #4]
 145 000e 0133     		adds	r3, r3, #1
 146 0010 E168     		ldr	r1, [r4, #12]
 147 0012 93FBF1F2 		sdiv	r2, r3, r1
 148 0016 01FB1233 		mls	r3, r1, r2, r3
 149 001a 6360     		str	r3, [r4, #4]
  37:queue.c       ****     queue->array[queue->rear] = item; 
 150              		.loc 1 37 0
 151 001c 2269     		ldr	r2, [r4, #16]
 152 001e 42F82350 		str	r5, [r2, r3, lsl #2]
  38:queue.c       ****     queue->size = queue->size + 1;
 153              		.loc 1 38 0
 154 0022 A368     		ldr	r3, [r4, #8]
 155 0024 0133     		adds	r3, r3, #1
 156 0026 A360     		str	r3, [r4, #8]
 157              	.L5:
 158 0028 38BD     		pop	{r3, r4, r5, pc}
 159              		.cfi_endproc
 160              	.LFE67:
 161              		.size	enqueue, .-enqueue
 162 002a 00BF     		.section	.text.dequeue,"ax",%progbits
 163              		.align	2
 164              		.global	dequeue
 165              		.thumb
 166              		.thumb_func
 167              		.type	dequeue, %function
 168              	dequeue:
 169              	.LFB68:
  39:queue.c       **** } 
  40:queue.c       ****   
  41:queue.c       **** // Function to remove an item from queue.  
  42:queue.c       **** // It changes front and size 
  43:queue.c       **** int dequeue(struct Queue* queue) 
  44:queue.c       **** { 
 170              		.loc 1 44 0
 171              		.cfi_startproc
 172              		@ args = 0, pretend = 0, frame = 0
 173              		@ frame_needed = 0, uses_anonymous_args = 0
 174              	.LVL12:
 175 0000 10B5     		push	{r4, lr}
 176              		.cfi_def_cfa_offset 8
 177              		.cfi_offset 4, -8
 178              		.cfi_offset 14, -4
 179 0002 0446     		mov	r4, r0
  45:queue.c       ****     if (isEmpty(queue)) 
 180              		.loc 1 45 0
 181 0004 FFF7FEFF 		bl	isEmpty
 182              	.LVL13:
 183 0008 70B9     		cbnz	r0, .L10
ARM GAS  C:\Users\dshen\AppData\Local\Temp\cc4y2F8a.s 			page 5


  46:queue.c       ****         return INT_MIN; 
  47:queue.c       ****     int item = queue->array[queue->front]; 
 184              		.loc 1 47 0
 185 000a 2269     		ldr	r2, [r4, #16]
 186 000c 2368     		ldr	r3, [r4]
 187 000e 52F82300 		ldr	r0, [r2, r3, lsl #2]
 188              	.LVL14:
  48:queue.c       ****     queue->front = (queue->front + 1)%queue->capacity; 
 189              		.loc 1 48 0
 190 0012 0133     		adds	r3, r3, #1
 191 0014 E168     		ldr	r1, [r4, #12]
 192 0016 93FBF1F2 		sdiv	r2, r3, r1
 193 001a 01FB1233 		mls	r3, r1, r2, r3
 194 001e 2360     		str	r3, [r4]
  49:queue.c       ****     queue->size = queue->size - 1; 
 195              		.loc 1 49 0
 196 0020 A368     		ldr	r3, [r4, #8]
 197 0022 013B     		subs	r3, r3, #1
 198 0024 A360     		str	r3, [r4, #8]
  50:queue.c       ****     return item; 
 199              		.loc 1 50 0
 200 0026 10BD     		pop	{r4, pc}
 201              	.LVL15:
 202              	.L10:
  46:queue.c       ****     int item = queue->array[queue->front]; 
 203              		.loc 1 46 0
 204 0028 4FF00040 		mov	r0, #-2147483648
  51:queue.c       **** }
 205              		.loc 1 51 0
 206 002c 10BD     		pop	{r4, pc}
 207              		.cfi_endproc
 208              	.LFE68:
 209              		.size	dequeue, .-dequeue
 210 002e 00BF     		.section	.text.front,"ax",%progbits
 211              		.align	2
 212              		.global	front
 213              		.thumb
 214              		.thumb_func
 215              		.type	front, %function
 216              	front:
 217              	.LFB69:
  52:queue.c       ****   
  53:queue.c       **** // Function to get front of queue 
  54:queue.c       **** int front(struct Queue* queue) 
  55:queue.c       **** { 
 218              		.loc 1 55 0
 219              		.cfi_startproc
 220              		@ args = 0, pretend = 0, frame = 0
 221              		@ frame_needed = 0, uses_anonymous_args = 0
 222              	.LVL16:
 223 0000 10B5     		push	{r4, lr}
 224              		.cfi_def_cfa_offset 8
 225              		.cfi_offset 4, -8
 226              		.cfi_offset 14, -4
 227 0002 0446     		mov	r4, r0
  56:queue.c       ****     if (isEmpty(queue)) 
 228              		.loc 1 56 0
ARM GAS  C:\Users\dshen\AppData\Local\Temp\cc4y2F8a.s 			page 6


 229 0004 FFF7FEFF 		bl	isEmpty
 230              	.LVL17:
 231 0008 20B9     		cbnz	r0, .L14
  57:queue.c       ****         return INT_MIN; 
  58:queue.c       ****     return queue->array[queue->front]; 
 232              		.loc 1 58 0
 233 000a 2369     		ldr	r3, [r4, #16]
 234 000c 2268     		ldr	r2, [r4]
 235 000e 53F82200 		ldr	r0, [r3, r2, lsl #2]
 236 0012 10BD     		pop	{r4, pc}
 237              	.LVL18:
 238              	.L14:
  57:queue.c       ****         return INT_MIN; 
 239              		.loc 1 57 0
 240 0014 4FF00040 		mov	r0, #-2147483648
  59:queue.c       **** } 
 241              		.loc 1 59 0
 242 0018 10BD     		pop	{r4, pc}
 243              		.cfi_endproc
 244              	.LFE69:
 245              		.size	front, .-front
 246 001a 00BF     		.section	.text.rear,"ax",%progbits
 247              		.align	2
 248              		.global	rear
 249              		.thumb
 250              		.thumb_func
 251              		.type	rear, %function
 252              	rear:
 253              	.LFB70:
  60:queue.c       ****   
  61:queue.c       **** // Function to get rear of queue 
  62:queue.c       **** int rear(struct Queue* queue) 
  63:queue.c       **** { 
 254              		.loc 1 63 0
 255              		.cfi_startproc
 256              		@ args = 0, pretend = 0, frame = 0
 257              		@ frame_needed = 0, uses_anonymous_args = 0
 258              	.LVL19:
 259 0000 10B5     		push	{r4, lr}
 260              		.cfi_def_cfa_offset 8
 261              		.cfi_offset 4, -8
 262              		.cfi_offset 14, -4
 263 0002 0446     		mov	r4, r0
  64:queue.c       ****     if (isEmpty(queue)) 
 264              		.loc 1 64 0
 265 0004 FFF7FEFF 		bl	isEmpty
 266              	.LVL20:
 267 0008 20B9     		cbnz	r0, .L18
  65:queue.c       ****         return INT_MIN; 
  66:queue.c       ****     return queue->array[queue->rear]; 
 268              		.loc 1 66 0
 269 000a 2369     		ldr	r3, [r4, #16]
 270 000c 6268     		ldr	r2, [r4, #4]
 271 000e 53F82200 		ldr	r0, [r3, r2, lsl #2]
 272 0012 10BD     		pop	{r4, pc}
 273              	.LVL21:
 274              	.L18:
ARM GAS  C:\Users\dshen\AppData\Local\Temp\cc4y2F8a.s 			page 7


  65:queue.c       ****         return INT_MIN; 
 275              		.loc 1 65 0
 276 0014 4FF00040 		mov	r0, #-2147483648
  67:queue.c       **** } ...
 277              		.loc 1 67 0
 278 0018 10BD     		pop	{r4, pc}
 279              		.cfi_endproc
 280              	.LFE70:
 281              		.size	rear, .-rear
 282 001a 00BF     		.text
 283              	.Letext0:
 284              		.file 2 "c:\\program files (x86)\\cypress\\psoc creator\\4.3\\psoc creator\\import\\gnu\\arm\\5.4.
 285              		.file 3 "c:\\program files (x86)\\cypress\\psoc creator\\4.3\\psoc creator\\import\\gnu\\arm\\5.4.
 286              		.file 4 "queue.h"
 287              		.file 5 "Generated_Source\\PSoC5/core_cm3.h"
 288              		.file 6 "c:\\program files (x86)\\cypress\\psoc creator\\4.3\\psoc creator\\import\\gnu\\arm\\5.4.
 289              		.section	.debug_info,"",%progbits
 290              	.Ldebug_info0:
 291 0000 BF020000 		.4byte	0x2bf
 292 0004 0400     		.2byte	0x4
 293 0006 00000000 		.4byte	.Ldebug_abbrev0
 294 000a 04       		.byte	0x4
 295 000b 01       		.uleb128 0x1
 296 000c 35000000 		.4byte	.LASF27
 297 0010 0C       		.byte	0xc
 298 0011 5D010000 		.4byte	.LASF28
 299 0015 E8000000 		.4byte	.LASF29
 300 0019 00000000 		.4byte	.Ldebug_ranges0+0
 301 001d 00000000 		.4byte	0
 302 0021 00000000 		.4byte	.Ldebug_line0
 303 0025 02       		.uleb128 0x2
 304 0026 01       		.byte	0x1
 305 0027 06       		.byte	0x6
 306 0028 FC010000 		.4byte	.LASF0
 307 002c 02       		.uleb128 0x2
 308 002d 01       		.byte	0x1
 309 002e 08       		.byte	0x8
 310 002f 48010000 		.4byte	.LASF1
 311 0033 02       		.uleb128 0x2
 312 0034 02       		.byte	0x2
 313 0035 05       		.byte	0x5
 314 0036 D5010000 		.4byte	.LASF2
 315 003a 02       		.uleb128 0x2
 316 003b 02       		.byte	0x2
 317 003c 07       		.byte	0x7
 318 003d D5000000 		.4byte	.LASF3
 319 0041 03       		.uleb128 0x3
 320 0042 14000000 		.4byte	.LASF9
 321 0046 02       		.byte	0x2
 322 0047 3F       		.byte	0x3f
 323 0048 4C000000 		.4byte	0x4c
 324 004c 02       		.uleb128 0x2
 325 004d 04       		.byte	0x4
 326 004e 05       		.byte	0x5
 327 004f E7010000 		.4byte	.LASF4
 328 0053 02       		.uleb128 0x2
 329 0054 04       		.byte	0x4
ARM GAS  C:\Users\dshen\AppData\Local\Temp\cc4y2F8a.s 			page 8


 330 0055 07       		.byte	0x7
 331 0056 C3000000 		.4byte	.LASF5
 332 005a 02       		.uleb128 0x2
 333 005b 08       		.byte	0x8
 334 005c 05       		.byte	0x5
 335 005d B4010000 		.4byte	.LASF6
 336 0061 02       		.uleb128 0x2
 337 0062 08       		.byte	0x8
 338 0063 07       		.byte	0x7
 339 0064 72010000 		.4byte	.LASF7
 340 0068 04       		.uleb128 0x4
 341 0069 04       		.byte	0x4
 342 006a 05       		.byte	0x5
 343 006b 696E7400 		.ascii	"int\000"
 344 006f 02       		.uleb128 0x2
 345 0070 04       		.byte	0x4
 346 0071 07       		.byte	0x7
 347 0072 65010000 		.4byte	.LASF8
 348 0076 03       		.uleb128 0x3
 349 0077 9D010000 		.4byte	.LASF10
 350 007b 03       		.byte	0x3
 351 007c 2C       		.byte	0x2c
 352 007d 41000000 		.4byte	0x41
 353 0081 02       		.uleb128 0x2
 354 0082 04       		.byte	0x4
 355 0083 04       		.byte	0x4
 356 0084 2A000000 		.4byte	.LASF11
 357 0088 02       		.uleb128 0x2
 358 0089 08       		.byte	0x8
 359 008a 04       		.byte	0x4
 360 008b 56010000 		.4byte	.LASF12
 361 008f 02       		.uleb128 0x2
 362 0090 01       		.byte	0x1
 363 0091 08       		.byte	0x8
 364 0092 C2010000 		.4byte	.LASF13
 365 0096 02       		.uleb128 0x2
 366 0097 08       		.byte	0x8
 367 0098 04       		.byte	0x4
 368 0099 F0010000 		.4byte	.LASF14
 369 009d 02       		.uleb128 0x2
 370 009e 04       		.byte	0x4
 371 009f 07       		.byte	0x7
 372 00a0 A5010000 		.4byte	.LASF15
 373 00a4 05       		.uleb128 0x5
 374 00a5 00000000 		.4byte	.LASF30
 375 00a9 14       		.byte	0x14
 376 00aa 04       		.byte	0x4
 377 00ab 0C       		.byte	0xc
 378 00ac ED000000 		.4byte	0xed
 379 00b0 06       		.uleb128 0x6
 380 00b1 35010000 		.4byte	.LASF16
 381 00b5 04       		.byte	0x4
 382 00b6 0E       		.byte	0xe
 383 00b7 68000000 		.4byte	0x68
 384 00bb 00       		.byte	0
 385 00bc 06       		.uleb128 0x6
 386 00bd 1E000000 		.4byte	.LASF17
ARM GAS  C:\Users\dshen\AppData\Local\Temp\cc4y2F8a.s 			page 9


 387 00c1 04       		.byte	0x4
 388 00c2 0E       		.byte	0xe
 389 00c3 68000000 		.4byte	0x68
 390 00c7 04       		.byte	0x4
 391 00c8 06       		.uleb128 0x6
 392 00c9 30000000 		.4byte	.LASF18
 393 00cd 04       		.byte	0x4
 394 00ce 0E       		.byte	0xe
 395 00cf 68000000 		.4byte	0x68
 396 00d3 08       		.byte	0x8
 397 00d4 06       		.uleb128 0x6
 398 00d5 06000000 		.4byte	.LASF19
 399 00d9 04       		.byte	0x4
 400 00da 0F       		.byte	0xf
 401 00db 68000000 		.4byte	0x68
 402 00df 0C       		.byte	0xc
 403 00e0 06       		.uleb128 0x6
 404 00e1 CF010000 		.4byte	.LASF20
 405 00e5 04       		.byte	0x4
 406 00e6 10       		.byte	0x10
 407 00e7 ED000000 		.4byte	0xed
 408 00eb 10       		.byte	0x10
 409 00ec 00       		.byte	0
 410 00ed 07       		.uleb128 0x7
 411 00ee 04       		.byte	0x4
 412 00ef 68000000 		.4byte	0x68
 413 00f3 08       		.uleb128 0x8
 414 00f4 91010000 		.4byte	.LASF21
 415 00f8 01       		.byte	0x1
 416 00f9 0B       		.byte	0xb
 417 00fa 50010000 		.4byte	0x150
 418 00fe 00000000 		.4byte	.LFB64
 419 0102 24000000 		.4byte	.LFE64-.LFB64
 420 0106 01       		.uleb128 0x1
 421 0107 9C       		.byte	0x9c
 422 0108 50010000 		.4byte	0x150
 423 010c 09       		.uleb128 0x9
 424 010d 06000000 		.4byte	.LASF19
 425 0111 01       		.byte	0x1
 426 0112 0B       		.byte	0xb
 427 0113 6F000000 		.4byte	0x6f
 428 0117 00000000 		.4byte	.LLST0
 429 011b 0A       		.uleb128 0xa
 430 011c AE010000 		.4byte	.LASF23
 431 0120 01       		.byte	0x1
 432 0121 0D       		.byte	0xd
 433 0122 50010000 		.4byte	0x150
 434 0126 1E000000 		.4byte	.LLST1
 435 012a 0B       		.uleb128 0xb
 436 012b 0A000000 		.4byte	.LVL2
 437 012f B7020000 		.4byte	0x2b7
 438 0133 3D010000 		.4byte	0x13d
 439 0137 0C       		.uleb128 0xc
 440 0138 01       		.uleb128 0x1
 441 0139 50       		.byte	0x50
 442 013a 01       		.uleb128 0x1
 443 013b 44       		.byte	0x44
ARM GAS  C:\Users\dshen\AppData\Local\Temp\cc4y2F8a.s 			page 10


 444 013c 00       		.byte	0
 445 013d 0D       		.uleb128 0xd
 446 013e 1E000000 		.4byte	.LVL5
 447 0142 B7020000 		.4byte	0x2b7
 448 0146 0C       		.uleb128 0xc
 449 0147 01       		.uleb128 0x1
 450 0148 50       		.byte	0x50
 451 0149 04       		.uleb128 0x4
 452 014a 75       		.byte	0x75
 453 014b 00       		.sleb128 0
 454 014c 32       		.byte	0x32
 455 014d 24       		.byte	0x24
 456 014e 00       		.byte	0
 457 014f 00       		.byte	0
 458 0150 07       		.uleb128 0x7
 459 0151 04       		.byte	0x4
 460 0152 A4000000 		.4byte	0xa4
 461 0156 08       		.uleb128 0x8
 462 0157 23000000 		.4byte	.LASF22
 463 015b 01       		.byte	0x1
 464 015c 17       		.byte	0x17
 465 015d 68000000 		.4byte	0x68
 466 0161 00000000 		.4byte	.LFB65
 467 0165 0E000000 		.4byte	.LFE65-.LFB65
 468 0169 01       		.uleb128 0x1
 469 016a 9C       		.byte	0x9c
 470 016b 7F010000 		.4byte	0x17f
 471 016f 09       		.uleb128 0x9
 472 0170 AE010000 		.4byte	.LASF23
 473 0174 01       		.byte	0x1
 474 0175 17       		.byte	0x17
 475 0176 50010000 		.4byte	0x150
 476 017a 3C000000 		.4byte	.LLST2
 477 017e 00       		.byte	0
 478 017f 08       		.uleb128 0x8
 479 0180 89010000 		.4byte	.LASF24
 480 0184 01       		.byte	0x1
 481 0185 1B       		.byte	0x1b
 482 0186 68000000 		.4byte	0x68
 483 018a 00000000 		.4byte	.LFB66
 484 018e 0A000000 		.4byte	.LFE66-.LFB66
 485 0192 01       		.uleb128 0x1
 486 0193 9C       		.byte	0x9c
 487 0194 A8010000 		.4byte	0x1a8
 488 0198 09       		.uleb128 0x9
 489 0199 AE010000 		.4byte	.LASF23
 490 019d 01       		.byte	0x1
 491 019e 1B       		.byte	0x1b
 492 019f 50010000 		.4byte	0x150
 493 01a3 5D000000 		.4byte	.LLST3
 494 01a7 00       		.byte	0
 495 01a8 0E       		.uleb128 0xe
 496 01a9 C7010000 		.4byte	.LASF31
 497 01ad 01       		.byte	0x1
 498 01ae 20       		.byte	0x20
 499 01af 00000000 		.4byte	.LFB67
 500 01b3 2A000000 		.4byte	.LFE67-.LFB67
ARM GAS  C:\Users\dshen\AppData\Local\Temp\cc4y2F8a.s 			page 11


 501 01b7 01       		.uleb128 0x1
 502 01b8 9C       		.byte	0x9c
 503 01b9 EC010000 		.4byte	0x1ec
 504 01bd 09       		.uleb128 0x9
 505 01be AE010000 		.4byte	.LASF23
 506 01c2 01       		.byte	0x1
 507 01c3 20       		.byte	0x20
 508 01c4 50010000 		.4byte	0x150
 509 01c8 7E000000 		.4byte	.LLST4
 510 01cc 09       		.uleb128 0x9
 511 01cd 0F000000 		.4byte	.LASF25
 512 01d1 01       		.byte	0x1
 513 01d2 20       		.byte	0x20
 514 01d3 68000000 		.4byte	0x68
 515 01d7 9C000000 		.4byte	.LLST5
 516 01db 0D       		.uleb128 0xd
 517 01dc 0A000000 		.4byte	.LVL11
 518 01e0 56010000 		.4byte	0x156
 519 01e4 0C       		.uleb128 0xc
 520 01e5 01       		.uleb128 0x1
 521 01e6 50       		.byte	0x50
 522 01e7 02       		.uleb128 0x2
 523 01e8 74       		.byte	0x74
 524 01e9 00       		.sleb128 0
 525 01ea 00       		.byte	0
 526 01eb 00       		.byte	0
 527 01ec 08       		.uleb128 0x8
 528 01ed DF010000 		.4byte	.LASF26
 529 01f1 01       		.byte	0x1
 530 01f2 2B       		.byte	0x2b
 531 01f3 68000000 		.4byte	0x68
 532 01f7 00000000 		.4byte	.LFB68
 533 01fb 2E000000 		.4byte	.LFE68-.LFB68
 534 01ff 01       		.uleb128 0x1
 535 0200 9C       		.byte	0x9c
 536 0201 34020000 		.4byte	0x234
 537 0205 09       		.uleb128 0x9
 538 0206 AE010000 		.4byte	.LASF23
 539 020a 01       		.byte	0x1
 540 020b 2B       		.byte	0x2b
 541 020c 50010000 		.4byte	0x150
 542 0210 BA000000 		.4byte	.LLST6
 543 0214 0A       		.uleb128 0xa
 544 0215 0F000000 		.4byte	.LASF25
 545 0219 01       		.byte	0x1
 546 021a 2F       		.byte	0x2f
 547 021b 68000000 		.4byte	0x68
 548 021f D8000000 		.4byte	.LLST7
 549 0223 0D       		.uleb128 0xd
 550 0224 08000000 		.4byte	.LVL13
 551 0228 7F010000 		.4byte	0x17f
 552 022c 0C       		.uleb128 0xc
 553 022d 01       		.uleb128 0x1
 554 022e 50       		.byte	0x50
 555 022f 02       		.uleb128 0x2
 556 0230 74       		.byte	0x74
 557 0231 00       		.sleb128 0
ARM GAS  C:\Users\dshen\AppData\Local\Temp\cc4y2F8a.s 			page 12


 558 0232 00       		.byte	0
 559 0233 00       		.byte	0
 560 0234 08       		.uleb128 0x8
 561 0235 35010000 		.4byte	.LASF16
 562 0239 01       		.byte	0x1
 563 023a 36       		.byte	0x36
 564 023b 68000000 		.4byte	0x68
 565 023f 00000000 		.4byte	.LFB69
 566 0243 1A000000 		.4byte	.LFE69-.LFB69
 567 0247 01       		.uleb128 0x1
 568 0248 9C       		.byte	0x9c
 569 0249 6D020000 		.4byte	0x26d
 570 024d 09       		.uleb128 0x9
 571 024e AE010000 		.4byte	.LASF23
 572 0252 01       		.byte	0x1
 573 0253 36       		.byte	0x36
 574 0254 50010000 		.4byte	0x150
 575 0258 EB000000 		.4byte	.LLST8
 576 025c 0D       		.uleb128 0xd
 577 025d 08000000 		.4byte	.LVL17
 578 0261 7F010000 		.4byte	0x17f
 579 0265 0C       		.uleb128 0xc
 580 0266 01       		.uleb128 0x1
 581 0267 50       		.byte	0x50
 582 0268 02       		.uleb128 0x2
 583 0269 74       		.byte	0x74
 584 026a 00       		.sleb128 0
 585 026b 00       		.byte	0
 586 026c 00       		.byte	0
 587 026d 08       		.uleb128 0x8
 588 026e 1E000000 		.4byte	.LASF17
 589 0272 01       		.byte	0x1
 590 0273 3E       		.byte	0x3e
 591 0274 68000000 		.4byte	0x68
 592 0278 00000000 		.4byte	.LFB70
 593 027c 1A000000 		.4byte	.LFE70-.LFB70
 594 0280 01       		.uleb128 0x1
 595 0281 9C       		.byte	0x9c
 596 0282 A6020000 		.4byte	0x2a6
 597 0286 09       		.uleb128 0x9
 598 0287 AE010000 		.4byte	.LASF23
 599 028b 01       		.byte	0x1
 600 028c 3E       		.byte	0x3e
 601 028d 50010000 		.4byte	0x150
 602 0291 09010000 		.4byte	.LLST9
 603 0295 0D       		.uleb128 0xd
 604 0296 08000000 		.4byte	.LVL20
 605 029a 7F010000 		.4byte	0x17f
 606 029e 0C       		.uleb128 0xc
 607 029f 01       		.uleb128 0x1
 608 02a0 50       		.byte	0x50
 609 02a1 02       		.uleb128 0x2
 610 02a2 74       		.byte	0x74
 611 02a3 00       		.sleb128 0
 612 02a4 00       		.byte	0
 613 02a5 00       		.byte	0
 614 02a6 0F       		.uleb128 0xf
ARM GAS  C:\Users\dshen\AppData\Local\Temp\cc4y2F8a.s 			page 13


 615 02a7 3B010000 		.4byte	.LASF32
 616 02ab 05       		.byte	0x5
 617 02ac 1207     		.2byte	0x712
 618 02ae B2020000 		.4byte	0x2b2
 619 02b2 10       		.uleb128 0x10
 620 02b3 76000000 		.4byte	0x76
 621 02b7 11       		.uleb128 0x11
 622 02b8 08020000 		.4byte	.LASF33
 623 02bc 08020000 		.4byte	.LASF33
 624 02c0 06       		.byte	0x6
 625 02c1 64       		.byte	0x64
 626 02c2 00       		.byte	0
 627              		.section	.debug_abbrev,"",%progbits
 628              	.Ldebug_abbrev0:
 629 0000 01       		.uleb128 0x1
 630 0001 11       		.uleb128 0x11
 631 0002 01       		.byte	0x1
 632 0003 25       		.uleb128 0x25
 633 0004 0E       		.uleb128 0xe
 634 0005 13       		.uleb128 0x13
 635 0006 0B       		.uleb128 0xb
 636 0007 03       		.uleb128 0x3
 637 0008 0E       		.uleb128 0xe
 638 0009 1B       		.uleb128 0x1b
 639 000a 0E       		.uleb128 0xe
 640 000b 55       		.uleb128 0x55
 641 000c 17       		.uleb128 0x17
 642 000d 11       		.uleb128 0x11
 643 000e 01       		.uleb128 0x1
 644 000f 10       		.uleb128 0x10
 645 0010 17       		.uleb128 0x17
 646 0011 00       		.byte	0
 647 0012 00       		.byte	0
 648 0013 02       		.uleb128 0x2
 649 0014 24       		.uleb128 0x24
 650 0015 00       		.byte	0
 651 0016 0B       		.uleb128 0xb
 652 0017 0B       		.uleb128 0xb
 653 0018 3E       		.uleb128 0x3e
 654 0019 0B       		.uleb128 0xb
 655 001a 03       		.uleb128 0x3
 656 001b 0E       		.uleb128 0xe
 657 001c 00       		.byte	0
 658 001d 00       		.byte	0
 659 001e 03       		.uleb128 0x3
 660 001f 16       		.uleb128 0x16
 661 0020 00       		.byte	0
 662 0021 03       		.uleb128 0x3
 663 0022 0E       		.uleb128 0xe
 664 0023 3A       		.uleb128 0x3a
 665 0024 0B       		.uleb128 0xb
 666 0025 3B       		.uleb128 0x3b
 667 0026 0B       		.uleb128 0xb
 668 0027 49       		.uleb128 0x49
 669 0028 13       		.uleb128 0x13
 670 0029 00       		.byte	0
 671 002a 00       		.byte	0
ARM GAS  C:\Users\dshen\AppData\Local\Temp\cc4y2F8a.s 			page 14


 672 002b 04       		.uleb128 0x4
 673 002c 24       		.uleb128 0x24
 674 002d 00       		.byte	0
 675 002e 0B       		.uleb128 0xb
 676 002f 0B       		.uleb128 0xb
 677 0030 3E       		.uleb128 0x3e
 678 0031 0B       		.uleb128 0xb
 679 0032 03       		.uleb128 0x3
 680 0033 08       		.uleb128 0x8
 681 0034 00       		.byte	0
 682 0035 00       		.byte	0
 683 0036 05       		.uleb128 0x5
 684 0037 13       		.uleb128 0x13
 685 0038 01       		.byte	0x1
 686 0039 03       		.uleb128 0x3
 687 003a 0E       		.uleb128 0xe
 688 003b 0B       		.uleb128 0xb
 689 003c 0B       		.uleb128 0xb
 690 003d 3A       		.uleb128 0x3a
 691 003e 0B       		.uleb128 0xb
 692 003f 3B       		.uleb128 0x3b
 693 0040 0B       		.uleb128 0xb
 694 0041 01       		.uleb128 0x1
 695 0042 13       		.uleb128 0x13
 696 0043 00       		.byte	0
 697 0044 00       		.byte	0
 698 0045 06       		.uleb128 0x6
 699 0046 0D       		.uleb128 0xd
 700 0047 00       		.byte	0
 701 0048 03       		.uleb128 0x3
 702 0049 0E       		.uleb128 0xe
 703 004a 3A       		.uleb128 0x3a
 704 004b 0B       		.uleb128 0xb
 705 004c 3B       		.uleb128 0x3b
 706 004d 0B       		.uleb128 0xb
 707 004e 49       		.uleb128 0x49
 708 004f 13       		.uleb128 0x13
 709 0050 38       		.uleb128 0x38
 710 0051 0B       		.uleb128 0xb
 711 0052 00       		.byte	0
 712 0053 00       		.byte	0
 713 0054 07       		.uleb128 0x7
 714 0055 0F       		.uleb128 0xf
 715 0056 00       		.byte	0
 716 0057 0B       		.uleb128 0xb
 717 0058 0B       		.uleb128 0xb
 718 0059 49       		.uleb128 0x49
 719 005a 13       		.uleb128 0x13
 720 005b 00       		.byte	0
 721 005c 00       		.byte	0
 722 005d 08       		.uleb128 0x8
 723 005e 2E       		.uleb128 0x2e
 724 005f 01       		.byte	0x1
 725 0060 3F       		.uleb128 0x3f
 726 0061 19       		.uleb128 0x19
 727 0062 03       		.uleb128 0x3
 728 0063 0E       		.uleb128 0xe
ARM GAS  C:\Users\dshen\AppData\Local\Temp\cc4y2F8a.s 			page 15


 729 0064 3A       		.uleb128 0x3a
 730 0065 0B       		.uleb128 0xb
 731 0066 3B       		.uleb128 0x3b
 732 0067 0B       		.uleb128 0xb
 733 0068 27       		.uleb128 0x27
 734 0069 19       		.uleb128 0x19
 735 006a 49       		.uleb128 0x49
 736 006b 13       		.uleb128 0x13
 737 006c 11       		.uleb128 0x11
 738 006d 01       		.uleb128 0x1
 739 006e 12       		.uleb128 0x12
 740 006f 06       		.uleb128 0x6
 741 0070 40       		.uleb128 0x40
 742 0071 18       		.uleb128 0x18
 743 0072 9742     		.uleb128 0x2117
 744 0074 19       		.uleb128 0x19
 745 0075 01       		.uleb128 0x1
 746 0076 13       		.uleb128 0x13
 747 0077 00       		.byte	0
 748 0078 00       		.byte	0
 749 0079 09       		.uleb128 0x9
 750 007a 05       		.uleb128 0x5
 751 007b 00       		.byte	0
 752 007c 03       		.uleb128 0x3
 753 007d 0E       		.uleb128 0xe
 754 007e 3A       		.uleb128 0x3a
 755 007f 0B       		.uleb128 0xb
 756 0080 3B       		.uleb128 0x3b
 757 0081 0B       		.uleb128 0xb
 758 0082 49       		.uleb128 0x49
 759 0083 13       		.uleb128 0x13
 760 0084 02       		.uleb128 0x2
 761 0085 17       		.uleb128 0x17
 762 0086 00       		.byte	0
 763 0087 00       		.byte	0
 764 0088 0A       		.uleb128 0xa
 765 0089 34       		.uleb128 0x34
 766 008a 00       		.byte	0
 767 008b 03       		.uleb128 0x3
 768 008c 0E       		.uleb128 0xe
 769 008d 3A       		.uleb128 0x3a
 770 008e 0B       		.uleb128 0xb
 771 008f 3B       		.uleb128 0x3b
 772 0090 0B       		.uleb128 0xb
 773 0091 49       		.uleb128 0x49
 774 0092 13       		.uleb128 0x13
 775 0093 02       		.uleb128 0x2
 776 0094 17       		.uleb128 0x17
 777 0095 00       		.byte	0
 778 0096 00       		.byte	0
 779 0097 0B       		.uleb128 0xb
 780 0098 898201   		.uleb128 0x4109
 781 009b 01       		.byte	0x1
 782 009c 11       		.uleb128 0x11
 783 009d 01       		.uleb128 0x1
 784 009e 31       		.uleb128 0x31
 785 009f 13       		.uleb128 0x13
ARM GAS  C:\Users\dshen\AppData\Local\Temp\cc4y2F8a.s 			page 16


 786 00a0 01       		.uleb128 0x1
 787 00a1 13       		.uleb128 0x13
 788 00a2 00       		.byte	0
 789 00a3 00       		.byte	0
 790 00a4 0C       		.uleb128 0xc
 791 00a5 8A8201   		.uleb128 0x410a
 792 00a8 00       		.byte	0
 793 00a9 02       		.uleb128 0x2
 794 00aa 18       		.uleb128 0x18
 795 00ab 9142     		.uleb128 0x2111
 796 00ad 18       		.uleb128 0x18
 797 00ae 00       		.byte	0
 798 00af 00       		.byte	0
 799 00b0 0D       		.uleb128 0xd
 800 00b1 898201   		.uleb128 0x4109
 801 00b4 01       		.byte	0x1
 802 00b5 11       		.uleb128 0x11
 803 00b6 01       		.uleb128 0x1
 804 00b7 31       		.uleb128 0x31
 805 00b8 13       		.uleb128 0x13
 806 00b9 00       		.byte	0
 807 00ba 00       		.byte	0
 808 00bb 0E       		.uleb128 0xe
 809 00bc 2E       		.uleb128 0x2e
 810 00bd 01       		.byte	0x1
 811 00be 3F       		.uleb128 0x3f
 812 00bf 19       		.uleb128 0x19
 813 00c0 03       		.uleb128 0x3
 814 00c1 0E       		.uleb128 0xe
 815 00c2 3A       		.uleb128 0x3a
 816 00c3 0B       		.uleb128 0xb
 817 00c4 3B       		.uleb128 0x3b
 818 00c5 0B       		.uleb128 0xb
 819 00c6 27       		.uleb128 0x27
 820 00c7 19       		.uleb128 0x19
 821 00c8 11       		.uleb128 0x11
 822 00c9 01       		.uleb128 0x1
 823 00ca 12       		.uleb128 0x12
 824 00cb 06       		.uleb128 0x6
 825 00cc 40       		.uleb128 0x40
 826 00cd 18       		.uleb128 0x18
 827 00ce 9742     		.uleb128 0x2117
 828 00d0 19       		.uleb128 0x19
 829 00d1 01       		.uleb128 0x1
 830 00d2 13       		.uleb128 0x13
 831 00d3 00       		.byte	0
 832 00d4 00       		.byte	0
 833 00d5 0F       		.uleb128 0xf
 834 00d6 34       		.uleb128 0x34
 835 00d7 00       		.byte	0
 836 00d8 03       		.uleb128 0x3
 837 00d9 0E       		.uleb128 0xe
 838 00da 3A       		.uleb128 0x3a
 839 00db 0B       		.uleb128 0xb
 840 00dc 3B       		.uleb128 0x3b
 841 00dd 05       		.uleb128 0x5
 842 00de 49       		.uleb128 0x49
ARM GAS  C:\Users\dshen\AppData\Local\Temp\cc4y2F8a.s 			page 17


 843 00df 13       		.uleb128 0x13
 844 00e0 3F       		.uleb128 0x3f
 845 00e1 19       		.uleb128 0x19
 846 00e2 3C       		.uleb128 0x3c
 847 00e3 19       		.uleb128 0x19
 848 00e4 00       		.byte	0
 849 00e5 00       		.byte	0
 850 00e6 10       		.uleb128 0x10
 851 00e7 35       		.uleb128 0x35
 852 00e8 00       		.byte	0
 853 00e9 49       		.uleb128 0x49
 854 00ea 13       		.uleb128 0x13
 855 00eb 00       		.byte	0
 856 00ec 00       		.byte	0
 857 00ed 11       		.uleb128 0x11
 858 00ee 2E       		.uleb128 0x2e
 859 00ef 00       		.byte	0
 860 00f0 3F       		.uleb128 0x3f
 861 00f1 19       		.uleb128 0x19
 862 00f2 3C       		.uleb128 0x3c
 863 00f3 19       		.uleb128 0x19
 864 00f4 6E       		.uleb128 0x6e
 865 00f5 0E       		.uleb128 0xe
 866 00f6 03       		.uleb128 0x3
 867 00f7 0E       		.uleb128 0xe
 868 00f8 3A       		.uleb128 0x3a
 869 00f9 0B       		.uleb128 0xb
 870 00fa 3B       		.uleb128 0x3b
 871 00fb 0B       		.uleb128 0xb
 872 00fc 00       		.byte	0
 873 00fd 00       		.byte	0
 874 00fe 00       		.byte	0
 875              		.section	.debug_loc,"",%progbits
 876              	.Ldebug_loc0:
 877              	.LLST0:
 878 0000 00000000 		.4byte	.LVL0
 879 0004 06000000 		.4byte	.LVL1
 880 0008 0100     		.2byte	0x1
 881 000a 50       		.byte	0x50
 882 000b 06000000 		.4byte	.LVL1
 883 000f 24000000 		.4byte	.LFE64
 884 0013 0100     		.2byte	0x1
 885 0015 55       		.byte	0x55
 886 0016 00000000 		.4byte	0
 887 001a 00000000 		.4byte	0
 888              	.LLST1:
 889 001e 0C000000 		.4byte	.LVL3
 890 0022 1A000000 		.4byte	.LVL4
 891 0026 0100     		.2byte	0x1
 892 0028 50       		.byte	0x50
 893 0029 1A000000 		.4byte	.LVL4
 894 002d 24000000 		.4byte	.LFE64
 895 0031 0100     		.2byte	0x1
 896 0033 54       		.byte	0x54
 897 0034 00000000 		.4byte	0
 898 0038 00000000 		.4byte	0
 899              	.LLST2:
ARM GAS  C:\Users\dshen\AppData\Local\Temp\cc4y2F8a.s 			page 18


 900 003c 00000000 		.4byte	.LVL6
 901 0040 04000000 		.4byte	.LVL7
 902 0044 0100     		.2byte	0x1
 903 0046 50       		.byte	0x50
 904 0047 04000000 		.4byte	.LVL7
 905 004b 0E000000 		.4byte	.LFE65
 906 004f 0400     		.2byte	0x4
 907 0051 F3       		.byte	0xf3
 908 0052 01       		.uleb128 0x1
 909 0053 50       		.byte	0x50
 910 0054 9F       		.byte	0x9f
 911 0055 00000000 		.4byte	0
 912 0059 00000000 		.4byte	0
 913              	.LLST3:
 914 005d 00000000 		.4byte	.LVL8
 915 0061 02000000 		.4byte	.LVL9
 916 0065 0100     		.2byte	0x1
 917 0067 50       		.byte	0x50
 918 0068 02000000 		.4byte	.LVL9
 919 006c 0A000000 		.4byte	.LFE66
 920 0070 0400     		.2byte	0x4
 921 0072 F3       		.byte	0xf3
 922 0073 01       		.uleb128 0x1
 923 0074 50       		.byte	0x50
 924 0075 9F       		.byte	0x9f
 925 0076 00000000 		.4byte	0
 926 007a 00000000 		.4byte	0
 927              	.LLST4:
 928 007e 00000000 		.4byte	.LVL10
 929 0082 09000000 		.4byte	.LVL11-1
 930 0086 0100     		.2byte	0x1
 931 0088 50       		.byte	0x50
 932 0089 09000000 		.4byte	.LVL11-1
 933 008d 2A000000 		.4byte	.LFE67
 934 0091 0100     		.2byte	0x1
 935 0093 54       		.byte	0x54
 936 0094 00000000 		.4byte	0
 937 0098 00000000 		.4byte	0
 938              	.LLST5:
 939 009c 00000000 		.4byte	.LVL10
 940 00a0 09000000 		.4byte	.LVL11-1
 941 00a4 0100     		.2byte	0x1
 942 00a6 51       		.byte	0x51
 943 00a7 09000000 		.4byte	.LVL11-1
 944 00ab 2A000000 		.4byte	.LFE67
 945 00af 0100     		.2byte	0x1
 946 00b1 55       		.byte	0x55
 947 00b2 00000000 		.4byte	0
 948 00b6 00000000 		.4byte	0
 949              	.LLST6:
 950 00ba 00000000 		.4byte	.LVL12
 951 00be 07000000 		.4byte	.LVL13-1
 952 00c2 0100     		.2byte	0x1
 953 00c4 50       		.byte	0x50
 954 00c5 07000000 		.4byte	.LVL13-1
 955 00c9 2E000000 		.4byte	.LFE68
 956 00cd 0100     		.2byte	0x1
ARM GAS  C:\Users\dshen\AppData\Local\Temp\cc4y2F8a.s 			page 19


 957 00cf 54       		.byte	0x54
 958 00d0 00000000 		.4byte	0
 959 00d4 00000000 		.4byte	0
 960              	.LLST7:
 961 00d8 12000000 		.4byte	.LVL14
 962 00dc 28000000 		.4byte	.LVL15
 963 00e0 0100     		.2byte	0x1
 964 00e2 50       		.byte	0x50
 965 00e3 00000000 		.4byte	0
 966 00e7 00000000 		.4byte	0
 967              	.LLST8:
 968 00eb 00000000 		.4byte	.LVL16
 969 00ef 07000000 		.4byte	.LVL17-1
 970 00f3 0100     		.2byte	0x1
 971 00f5 50       		.byte	0x50
 972 00f6 07000000 		.4byte	.LVL17-1
 973 00fa 1A000000 		.4byte	.LFE69
 974 00fe 0100     		.2byte	0x1
 975 0100 54       		.byte	0x54
 976 0101 00000000 		.4byte	0
 977 0105 00000000 		.4byte	0
 978              	.LLST9:
 979 0109 00000000 		.4byte	.LVL19
 980 010d 07000000 		.4byte	.LVL20-1
 981 0111 0100     		.2byte	0x1
 982 0113 50       		.byte	0x50
 983 0114 07000000 		.4byte	.LVL20-1
 984 0118 1A000000 		.4byte	.LFE70
 985 011c 0100     		.2byte	0x1
 986 011e 54       		.byte	0x54
 987 011f 00000000 		.4byte	0
 988 0123 00000000 		.4byte	0
 989              		.section	.debug_aranges,"",%progbits
 990 0000 4C000000 		.4byte	0x4c
 991 0004 0200     		.2byte	0x2
 992 0006 00000000 		.4byte	.Ldebug_info0
 993 000a 04       		.byte	0x4
 994 000b 00       		.byte	0
 995 000c 0000     		.2byte	0
 996 000e 0000     		.2byte	0
 997 0010 00000000 		.4byte	.LFB64
 998 0014 24000000 		.4byte	.LFE64-.LFB64
 999 0018 00000000 		.4byte	.LFB65
 1000 001c 0E000000 		.4byte	.LFE65-.LFB65
 1001 0020 00000000 		.4byte	.LFB66
 1002 0024 0A000000 		.4byte	.LFE66-.LFB66
 1003 0028 00000000 		.4byte	.LFB67
 1004 002c 2A000000 		.4byte	.LFE67-.LFB67
 1005 0030 00000000 		.4byte	.LFB68
 1006 0034 2E000000 		.4byte	.LFE68-.LFB68
 1007 0038 00000000 		.4byte	.LFB69
 1008 003c 1A000000 		.4byte	.LFE69-.LFB69
 1009 0040 00000000 		.4byte	.LFB70
 1010 0044 1A000000 		.4byte	.LFE70-.LFB70
 1011 0048 00000000 		.4byte	0
 1012 004c 00000000 		.4byte	0
 1013              		.section	.debug_ranges,"",%progbits
ARM GAS  C:\Users\dshen\AppData\Local\Temp\cc4y2F8a.s 			page 20


 1014              	.Ldebug_ranges0:
 1015 0000 00000000 		.4byte	.LFB64
 1016 0004 24000000 		.4byte	.LFE64
 1017 0008 00000000 		.4byte	.LFB65
 1018 000c 0E000000 		.4byte	.LFE65
 1019 0010 00000000 		.4byte	.LFB66
 1020 0014 0A000000 		.4byte	.LFE66
 1021 0018 00000000 		.4byte	.LFB67
 1022 001c 2A000000 		.4byte	.LFE67
 1023 0020 00000000 		.4byte	.LFB68
 1024 0024 2E000000 		.4byte	.LFE68
 1025 0028 00000000 		.4byte	.LFB69
 1026 002c 1A000000 		.4byte	.LFE69
 1027 0030 00000000 		.4byte	.LFB70
 1028 0034 1A000000 		.4byte	.LFE70
 1029 0038 00000000 		.4byte	0
 1030 003c 00000000 		.4byte	0
 1031              		.section	.debug_line,"",%progbits
 1032              	.Ldebug_line0:
 1033 0000 4A020000 		.section	.debug_str,"MS",%progbits,1
 1033      0200BF01 
 1033      00000201 
 1033      FB0E0D00 
 1033      01010101 
 1034              	.LASF30:
 1035 0000 51756575 		.ascii	"Queue\000"
 1035      6500
 1036              	.LASF19:
 1037 0006 63617061 		.ascii	"capacity\000"
 1037      63697479 
 1037      00
 1038              	.LASF25:
 1039 000f 6974656D 		.ascii	"item\000"
 1039      00
 1040              	.LASF9:
 1041 0014 5F5F696E 		.ascii	"__int32_t\000"
 1041      7433325F 
 1041      7400
 1042              	.LASF17:
 1043 001e 72656172 		.ascii	"rear\000"
 1043      00
 1044              	.LASF22:
 1045 0023 69734675 		.ascii	"isFull\000"
 1045      6C6C00
 1046              	.LASF11:
 1047 002a 666C6F61 		.ascii	"float\000"
 1047      7400
 1048              	.LASF18:
 1049 0030 73697A65 		.ascii	"size\000"
 1049      00
 1050              	.LASF27:
 1051 0035 474E5520 		.ascii	"GNU C11 5.4.1 20160609 (release) [ARM/embedded-5-br"
 1051      43313120 
 1051      352E342E 
 1051      31203230 
 1051      31363036 
 1052 0068 616E6368 		.ascii	"anch revision 237715] -mcpu=cortex-m3 -mthumb -g -O"
ARM GAS  C:\Users\dshen\AppData\Local\Temp\cc4y2F8a.s 			page 21


 1052      20726576 
 1052      6973696F 
 1052      6E203233 
 1052      37373135 
 1053 009b 67202D66 		.ascii	"g -ffunction-sections -ffat-lto-objects\000"
 1053      66756E63 
 1053      74696F6E 
 1053      2D736563 
 1053      74696F6E 
 1054              	.LASF5:
 1055 00c3 6C6F6E67 		.ascii	"long unsigned int\000"
 1055      20756E73 
 1055      69676E65 
 1055      6420696E 
 1055      7400
 1056              	.LASF3:
 1057 00d5 73686F72 		.ascii	"short unsigned int\000"
 1057      7420756E 
 1057      7369676E 
 1057      65642069 
 1057      6E7400
 1058              	.LASF29:
 1059 00e8 433A5C55 		.ascii	"C:\\Users\\dshen\\Documents\\school\\me135\\symphon"
 1059      73657273 
 1059      5C647368 
 1059      656E5C44 
 1059      6F63756D 
 1060 0115 6975735C 		.ascii	"ius\\Symphonius\\Symphonius.cydsn\000"
 1060      53796D70 
 1060      686F6E69 
 1060      75735C53 
 1060      796D7068 
 1061              	.LASF16:
 1062 0135 66726F6E 		.ascii	"front\000"
 1062      7400
 1063              	.LASF32:
 1064 013b 49544D5F 		.ascii	"ITM_RxBuffer\000"
 1064      52784275 
 1064      66666572 
 1064      00
 1065              	.LASF1:
 1066 0148 756E7369 		.ascii	"unsigned char\000"
 1066      676E6564 
 1066      20636861 
 1066      7200
 1067              	.LASF12:
 1068 0156 646F7562 		.ascii	"double\000"
 1068      6C6500
 1069              	.LASF28:
 1070 015d 71756575 		.ascii	"queue.c\000"
 1070      652E6300 
 1071              	.LASF8:
 1072 0165 756E7369 		.ascii	"unsigned int\000"
 1072      676E6564 
 1072      20696E74 
 1072      00
 1073              	.LASF7:
ARM GAS  C:\Users\dshen\AppData\Local\Temp\cc4y2F8a.s 			page 22


 1074 0172 6C6F6E67 		.ascii	"long long unsigned int\000"
 1074      206C6F6E 
 1074      6720756E 
 1074      7369676E 
 1074      65642069 
 1075              	.LASF24:
 1076 0189 6973456D 		.ascii	"isEmpty\000"
 1076      70747900 
 1077              	.LASF21:
 1078 0191 63726561 		.ascii	"createQueue\000"
 1078      74655175 
 1078      65756500 
 1079              	.LASF10:
 1080 019d 696E7433 		.ascii	"int32_t\000"
 1080      325F7400 
 1081              	.LASF15:
 1082 01a5 73697A65 		.ascii	"sizetype\000"
 1082      74797065 
 1082      00
 1083              	.LASF23:
 1084 01ae 71756575 		.ascii	"queue\000"
 1084      6500
 1085              	.LASF6:
 1086 01b4 6C6F6E67 		.ascii	"long long int\000"
 1086      206C6F6E 
 1086      6720696E 
 1086      7400
 1087              	.LASF13:
 1088 01c2 63686172 		.ascii	"char\000"
 1088      00
 1089              	.LASF31:
 1090 01c7 656E7175 		.ascii	"enqueue\000"
 1090      65756500 
 1091              	.LASF20:
 1092 01cf 61727261 		.ascii	"array\000"
 1092      7900
 1093              	.LASF2:
 1094 01d5 73686F72 		.ascii	"short int\000"
 1094      7420696E 
 1094      7400
 1095              	.LASF26:
 1096 01df 64657175 		.ascii	"dequeue\000"
 1096      65756500 
 1097              	.LASF4:
 1098 01e7 6C6F6E67 		.ascii	"long int\000"
 1098      20696E74 
 1098      00
 1099              	.LASF14:
 1100 01f0 6C6F6E67 		.ascii	"long double\000"
 1100      20646F75 
 1100      626C6500 
 1101              	.LASF0:
 1102 01fc 7369676E 		.ascii	"signed char\000"
 1102      65642063 
 1102      68617200 
 1103              	.LASF33:
 1104 0208 6D616C6C 		.ascii	"malloc\000"
ARM GAS  C:\Users\dshen\AppData\Local\Temp\cc4y2F8a.s 			page 23


 1104      6F6300
 1105              		.ident	"GCC: (GNU Tools for ARM Embedded Processors) 5.4.1 20160609 (release) [ARM/embedded-5-bran
