ARM GAS  C:\Users\dshen\AppData\Local\Temp\ccHPvX58.s 			page 1


   1              		.syntax unified
   2              		.cpu cortex-m3
   3              		.fpu softvfp
   4              		.eabi_attribute 20, 1
   5              		.eabi_attribute 21, 1
   6              		.eabi_attribute 23, 3
   7              		.eabi_attribute 24, 1
   8              		.eabi_attribute 25, 1
   9              		.eabi_attribute 26, 1
  10              		.eabi_attribute 30, 1
  11              		.eabi_attribute 34, 1
  12              		.eabi_attribute 18, 4
  13              		.thumb
  14              		.syntax unified
  15              		.file	"SpeakerClockConverter.c"
  16              		.text
  17              	.Ltext0:
  18              		.cfi_sections	.debug_frame
  19              		.section	.text.SpeakerClockConverter_Enable,"ax",%progbits
  20              		.align	2
  21              		.global	SpeakerClockConverter_Enable
  22              		.thumb
  23              		.thumb_func
  24              		.type	SpeakerClockConverter_Enable, %function
  25              	SpeakerClockConverter_Enable:
  26              	.LFB1:
  27              		.file 1 "Generated_Source\\PSoC5\\SpeakerClockConverter.c"
   1:Generated_Source\PSoC5/SpeakerClockConverter.c **** /*******************************************************************************
   2:Generated_Source\PSoC5/SpeakerClockConverter.c **** * File Name: SpeakerClockConverter.c  
   3:Generated_Source\PSoC5/SpeakerClockConverter.c **** * Version 3.0
   4:Generated_Source\PSoC5/SpeakerClockConverter.c **** *
   5:Generated_Source\PSoC5/SpeakerClockConverter.c **** *  Description:
   6:Generated_Source\PSoC5/SpeakerClockConverter.c **** *     The Counter component consists of a 8, 16, 24 or 32-bit counter with
   7:Generated_Source\PSoC5/SpeakerClockConverter.c **** *     a selectable period between 2 and 2^Width - 1.  
   8:Generated_Source\PSoC5/SpeakerClockConverter.c **** *
   9:Generated_Source\PSoC5/SpeakerClockConverter.c **** *   Note:
  10:Generated_Source\PSoC5/SpeakerClockConverter.c **** *     None
  11:Generated_Source\PSoC5/SpeakerClockConverter.c **** *
  12:Generated_Source\PSoC5/SpeakerClockConverter.c **** ********************************************************************************
  13:Generated_Source\PSoC5/SpeakerClockConverter.c **** * Copyright 2008-2012, Cypress Semiconductor Corporation.  All rights reserved.
  14:Generated_Source\PSoC5/SpeakerClockConverter.c **** * You may use this file only in accordance with the license, terms, conditions, 
  15:Generated_Source\PSoC5/SpeakerClockConverter.c **** * disclaimers, and limitations in the end user license agreement accompanying 
  16:Generated_Source\PSoC5/SpeakerClockConverter.c **** * the software package with which this file was provided.
  17:Generated_Source\PSoC5/SpeakerClockConverter.c **** *******************************************************************************/
  18:Generated_Source\PSoC5/SpeakerClockConverter.c **** 
  19:Generated_Source\PSoC5/SpeakerClockConverter.c **** #include "SpeakerClockConverter.h"
  20:Generated_Source\PSoC5/SpeakerClockConverter.c **** 
  21:Generated_Source\PSoC5/SpeakerClockConverter.c **** uint8 SpeakerClockConverter_initVar = 0u;
  22:Generated_Source\PSoC5/SpeakerClockConverter.c **** 
  23:Generated_Source\PSoC5/SpeakerClockConverter.c **** 
  24:Generated_Source\PSoC5/SpeakerClockConverter.c **** /*******************************************************************************
  25:Generated_Source\PSoC5/SpeakerClockConverter.c **** * Function Name: SpeakerClockConverter_Init
  26:Generated_Source\PSoC5/SpeakerClockConverter.c **** ********************************************************************************
  27:Generated_Source\PSoC5/SpeakerClockConverter.c **** * Summary:
  28:Generated_Source\PSoC5/SpeakerClockConverter.c **** *     Initialize to the schematic state
  29:Generated_Source\PSoC5/SpeakerClockConverter.c **** * 
  30:Generated_Source\PSoC5/SpeakerClockConverter.c **** * Parameters:  
ARM GAS  C:\Users\dshen\AppData\Local\Temp\ccHPvX58.s 			page 2


  31:Generated_Source\PSoC5/SpeakerClockConverter.c **** *  void  
  32:Generated_Source\PSoC5/SpeakerClockConverter.c **** *
  33:Generated_Source\PSoC5/SpeakerClockConverter.c **** * Return: 
  34:Generated_Source\PSoC5/SpeakerClockConverter.c **** *  void
  35:Generated_Source\PSoC5/SpeakerClockConverter.c **** *
  36:Generated_Source\PSoC5/SpeakerClockConverter.c **** *******************************************************************************/
  37:Generated_Source\PSoC5/SpeakerClockConverter.c **** void SpeakerClockConverter_Init(void) 
  38:Generated_Source\PSoC5/SpeakerClockConverter.c **** {
  39:Generated_Source\PSoC5/SpeakerClockConverter.c ****         #if (!SpeakerClockConverter_UsingFixedFunction && !SpeakerClockConverter_ControlRegRemoved)
  40:Generated_Source\PSoC5/SpeakerClockConverter.c ****             uint8 ctrl;
  41:Generated_Source\PSoC5/SpeakerClockConverter.c ****         #endif /* (!SpeakerClockConverter_UsingFixedFunction && !SpeakerClockConverter_ControlRegRe
  42:Generated_Source\PSoC5/SpeakerClockConverter.c ****         
  43:Generated_Source\PSoC5/SpeakerClockConverter.c ****         #if(!SpeakerClockConverter_UsingFixedFunction) 
  44:Generated_Source\PSoC5/SpeakerClockConverter.c ****             /* Interrupt State Backup for Critical Region*/
  45:Generated_Source\PSoC5/SpeakerClockConverter.c ****             uint8 SpeakerClockConverter_interruptState;
  46:Generated_Source\PSoC5/SpeakerClockConverter.c ****         #endif /* (!SpeakerClockConverter_UsingFixedFunction) */
  47:Generated_Source\PSoC5/SpeakerClockConverter.c ****         
  48:Generated_Source\PSoC5/SpeakerClockConverter.c ****         #if (SpeakerClockConverter_UsingFixedFunction)
  49:Generated_Source\PSoC5/SpeakerClockConverter.c ****             /* Clear all bits but the enable bit (if it's already set for Timer operation */
  50:Generated_Source\PSoC5/SpeakerClockConverter.c ****             SpeakerClockConverter_CONTROL &= SpeakerClockConverter_CTRL_ENABLE;
  51:Generated_Source\PSoC5/SpeakerClockConverter.c ****             
  52:Generated_Source\PSoC5/SpeakerClockConverter.c ****             /* Clear the mode bits for continuous run mode */
  53:Generated_Source\PSoC5/SpeakerClockConverter.c ****             #if (CY_PSOC5A)
  54:Generated_Source\PSoC5/SpeakerClockConverter.c ****                 SpeakerClockConverter_CONTROL2 &= ((uint8)(~SpeakerClockConverter_CTRL_MODE_MASK));
  55:Generated_Source\PSoC5/SpeakerClockConverter.c ****             #endif /* (CY_PSOC5A) */
  56:Generated_Source\PSoC5/SpeakerClockConverter.c ****             #if (CY_PSOC3 || CY_PSOC5LP)
  57:Generated_Source\PSoC5/SpeakerClockConverter.c ****                 SpeakerClockConverter_CONTROL3 &= ((uint8)(~SpeakerClockConverter_CTRL_MODE_MASK));
  58:Generated_Source\PSoC5/SpeakerClockConverter.c ****             #endif /* (CY_PSOC3 || CY_PSOC5LP) */
  59:Generated_Source\PSoC5/SpeakerClockConverter.c ****             /* Check if One Shot mode is enabled i.e. RunMode !=0*/
  60:Generated_Source\PSoC5/SpeakerClockConverter.c ****             #if (SpeakerClockConverter_RunModeUsed != 0x0u)
  61:Generated_Source\PSoC5/SpeakerClockConverter.c ****                 /* Set 3rd bit of Control register to enable one shot mode */
  62:Generated_Source\PSoC5/SpeakerClockConverter.c ****                 SpeakerClockConverter_CONTROL |= SpeakerClockConverter_ONESHOT;
  63:Generated_Source\PSoC5/SpeakerClockConverter.c ****             #endif /* (SpeakerClockConverter_RunModeUsed != 0x0u) */
  64:Generated_Source\PSoC5/SpeakerClockConverter.c ****             
  65:Generated_Source\PSoC5/SpeakerClockConverter.c ****             /* Set the IRQ to use the status register interrupts */
  66:Generated_Source\PSoC5/SpeakerClockConverter.c ****             SpeakerClockConverter_CONTROL2 |= SpeakerClockConverter_CTRL2_IRQ_SEL;
  67:Generated_Source\PSoC5/SpeakerClockConverter.c ****             
  68:Generated_Source\PSoC5/SpeakerClockConverter.c ****             /* Clear and Set SYNCTC and SYNCCMP bits of RT1 register */
  69:Generated_Source\PSoC5/SpeakerClockConverter.c ****             SpeakerClockConverter_RT1 &= ((uint8)(~SpeakerClockConverter_RT1_MASK));
  70:Generated_Source\PSoC5/SpeakerClockConverter.c ****             SpeakerClockConverter_RT1 |= SpeakerClockConverter_SYNC;     
  71:Generated_Source\PSoC5/SpeakerClockConverter.c ****                     
  72:Generated_Source\PSoC5/SpeakerClockConverter.c ****             /*Enable DSI Sync all all inputs of the Timer*/
  73:Generated_Source\PSoC5/SpeakerClockConverter.c ****             SpeakerClockConverter_RT1 &= ((uint8)(~SpeakerClockConverter_SYNCDSI_MASK));
  74:Generated_Source\PSoC5/SpeakerClockConverter.c ****             SpeakerClockConverter_RT1 |= SpeakerClockConverter_SYNCDSI_EN;
  75:Generated_Source\PSoC5/SpeakerClockConverter.c **** 
  76:Generated_Source\PSoC5/SpeakerClockConverter.c ****         #else
  77:Generated_Source\PSoC5/SpeakerClockConverter.c ****             #if(!SpeakerClockConverter_ControlRegRemoved)
  78:Generated_Source\PSoC5/SpeakerClockConverter.c ****             /* Set the default compare mode defined in the parameter */
  79:Generated_Source\PSoC5/SpeakerClockConverter.c ****             ctrl = SpeakerClockConverter_CONTROL & ((uint8)(~SpeakerClockConverter_CTRL_CMPMODE_MAS
  80:Generated_Source\PSoC5/SpeakerClockConverter.c ****             SpeakerClockConverter_CONTROL = ctrl | SpeakerClockConverter_DEFAULT_COMPARE_MODE;
  81:Generated_Source\PSoC5/SpeakerClockConverter.c ****             
  82:Generated_Source\PSoC5/SpeakerClockConverter.c ****             /* Set the default capture mode defined in the parameter */
  83:Generated_Source\PSoC5/SpeakerClockConverter.c ****             ctrl = SpeakerClockConverter_CONTROL & ((uint8)(~SpeakerClockConverter_CTRL_CAPMODE_MAS
  84:Generated_Source\PSoC5/SpeakerClockConverter.c ****             
  85:Generated_Source\PSoC5/SpeakerClockConverter.c ****             #if( 0 != SpeakerClockConverter_CAPTURE_MODE_CONF)
  86:Generated_Source\PSoC5/SpeakerClockConverter.c ****                 SpeakerClockConverter_CONTROL = ctrl | SpeakerClockConverter_DEFAULT_CAPTURE_MODE;
  87:Generated_Source\PSoC5/SpeakerClockConverter.c ****             #else
ARM GAS  C:\Users\dshen\AppData\Local\Temp\ccHPvX58.s 			page 3


  88:Generated_Source\PSoC5/SpeakerClockConverter.c ****                 SpeakerClockConverter_CONTROL = ctrl;
  89:Generated_Source\PSoC5/SpeakerClockConverter.c ****             #endif /* 0 != SpeakerClockConverter_CAPTURE_MODE */ 
  90:Generated_Source\PSoC5/SpeakerClockConverter.c ****             
  91:Generated_Source\PSoC5/SpeakerClockConverter.c ****             #endif /* (!SpeakerClockConverter_ControlRegRemoved) */
  92:Generated_Source\PSoC5/SpeakerClockConverter.c ****         #endif /* (SpeakerClockConverter_UsingFixedFunction) */
  93:Generated_Source\PSoC5/SpeakerClockConverter.c ****         
  94:Generated_Source\PSoC5/SpeakerClockConverter.c ****         /* Clear all data in the FIFO's */
  95:Generated_Source\PSoC5/SpeakerClockConverter.c ****         #if (!SpeakerClockConverter_UsingFixedFunction)
  96:Generated_Source\PSoC5/SpeakerClockConverter.c ****             SpeakerClockConverter_ClearFIFO();
  97:Generated_Source\PSoC5/SpeakerClockConverter.c ****         #endif /* (!SpeakerClockConverter_UsingFixedFunction) */
  98:Generated_Source\PSoC5/SpeakerClockConverter.c ****         
  99:Generated_Source\PSoC5/SpeakerClockConverter.c ****         /* Set Initial values from Configuration */
 100:Generated_Source\PSoC5/SpeakerClockConverter.c ****         SpeakerClockConverter_WritePeriod(SpeakerClockConverter_INIT_PERIOD_VALUE);
 101:Generated_Source\PSoC5/SpeakerClockConverter.c ****         #if (!(SpeakerClockConverter_UsingFixedFunction && (CY_PSOC5A)))
 102:Generated_Source\PSoC5/SpeakerClockConverter.c ****             SpeakerClockConverter_WriteCounter(SpeakerClockConverter_INIT_COUNTER_VALUE);
 103:Generated_Source\PSoC5/SpeakerClockConverter.c ****         #endif /* (!(SpeakerClockConverter_UsingFixedFunction && (CY_PSOC5A))) */
 104:Generated_Source\PSoC5/SpeakerClockConverter.c ****         SpeakerClockConverter_SetInterruptMode(SpeakerClockConverter_INIT_INTERRUPTS_MASK);
 105:Generated_Source\PSoC5/SpeakerClockConverter.c ****         
 106:Generated_Source\PSoC5/SpeakerClockConverter.c ****         #if (!SpeakerClockConverter_UsingFixedFunction)
 107:Generated_Source\PSoC5/SpeakerClockConverter.c ****             /* Read the status register to clear the unwanted interrupts */
 108:Generated_Source\PSoC5/SpeakerClockConverter.c ****             (void)SpeakerClockConverter_ReadStatusRegister();
 109:Generated_Source\PSoC5/SpeakerClockConverter.c ****             /* Set the compare value (only available to non-fixed function implementation */
 110:Generated_Source\PSoC5/SpeakerClockConverter.c ****             SpeakerClockConverter_WriteCompare(SpeakerClockConverter_INIT_COMPARE_VALUE);
 111:Generated_Source\PSoC5/SpeakerClockConverter.c ****             /* Use the interrupt output of the status register for IRQ output */
 112:Generated_Source\PSoC5/SpeakerClockConverter.c ****             
 113:Generated_Source\PSoC5/SpeakerClockConverter.c ****             /* CyEnterCriticalRegion and CyExitCriticalRegion are used to mark following region cri
 114:Generated_Source\PSoC5/SpeakerClockConverter.c ****             /* Enter Critical Region*/
 115:Generated_Source\PSoC5/SpeakerClockConverter.c ****             SpeakerClockConverter_interruptState = CyEnterCriticalSection();
 116:Generated_Source\PSoC5/SpeakerClockConverter.c ****             
 117:Generated_Source\PSoC5/SpeakerClockConverter.c ****             SpeakerClockConverter_STATUS_AUX_CTRL |= SpeakerClockConverter_STATUS_ACTL_INT_EN_MASK;
 118:Generated_Source\PSoC5/SpeakerClockConverter.c ****             
 119:Generated_Source\PSoC5/SpeakerClockConverter.c ****             /* Exit Critical Region*/
 120:Generated_Source\PSoC5/SpeakerClockConverter.c ****             CyExitCriticalSection(SpeakerClockConverter_interruptState);
 121:Generated_Source\PSoC5/SpeakerClockConverter.c ****             
 122:Generated_Source\PSoC5/SpeakerClockConverter.c ****         #endif /* (!SpeakerClockConverter_UsingFixedFunction) */
 123:Generated_Source\PSoC5/SpeakerClockConverter.c **** }
 124:Generated_Source\PSoC5/SpeakerClockConverter.c **** 
 125:Generated_Source\PSoC5/SpeakerClockConverter.c **** 
 126:Generated_Source\PSoC5/SpeakerClockConverter.c **** /*******************************************************************************
 127:Generated_Source\PSoC5/SpeakerClockConverter.c **** * Function Name: SpeakerClockConverter_Enable
 128:Generated_Source\PSoC5/SpeakerClockConverter.c **** ********************************************************************************
 129:Generated_Source\PSoC5/SpeakerClockConverter.c **** * Summary:
 130:Generated_Source\PSoC5/SpeakerClockConverter.c **** *     Enable the Counter
 131:Generated_Source\PSoC5/SpeakerClockConverter.c **** * 
 132:Generated_Source\PSoC5/SpeakerClockConverter.c **** * Parameters:  
 133:Generated_Source\PSoC5/SpeakerClockConverter.c **** *  void  
 134:Generated_Source\PSoC5/SpeakerClockConverter.c **** *
 135:Generated_Source\PSoC5/SpeakerClockConverter.c **** * Return: 
 136:Generated_Source\PSoC5/SpeakerClockConverter.c **** *  void
 137:Generated_Source\PSoC5/SpeakerClockConverter.c **** *
 138:Generated_Source\PSoC5/SpeakerClockConverter.c **** * Side Effects: 
 139:Generated_Source\PSoC5/SpeakerClockConverter.c **** *   If the Enable mode is set to Hardware only then this function has no effect 
 140:Generated_Source\PSoC5/SpeakerClockConverter.c **** *   on the operation of the counter.
 141:Generated_Source\PSoC5/SpeakerClockConverter.c **** *
 142:Generated_Source\PSoC5/SpeakerClockConverter.c **** *******************************************************************************/
 143:Generated_Source\PSoC5/SpeakerClockConverter.c **** void SpeakerClockConverter_Enable(void) 
 144:Generated_Source\PSoC5/SpeakerClockConverter.c **** {
ARM GAS  C:\Users\dshen\AppData\Local\Temp\ccHPvX58.s 			page 4


  28              		.loc 1 144 0
  29              		.cfi_startproc
  30              		@ args = 0, pretend = 0, frame = 0
  31              		@ frame_needed = 0, uses_anonymous_args = 0
  32              		@ link register save eliminated.
 145:Generated_Source\PSoC5/SpeakerClockConverter.c ****     /* Globally Enable the Fixed Function Block chosen */
 146:Generated_Source\PSoC5/SpeakerClockConverter.c ****     #if (SpeakerClockConverter_UsingFixedFunction)
 147:Generated_Source\PSoC5/SpeakerClockConverter.c ****         SpeakerClockConverter_GLOBAL_ENABLE |= SpeakerClockConverter_BLOCK_EN_MASK;
  33              		.loc 1 147 0
  34 0000 084A     		ldr	r2, .L2
  35 0002 1378     		ldrb	r3, [r2]	@ zero_extendqisi2
  36 0004 43F00403 		orr	r3, r3, #4
  37 0008 1370     		strb	r3, [r2]
 148:Generated_Source\PSoC5/SpeakerClockConverter.c ****         SpeakerClockConverter_GLOBAL_STBY_ENABLE |= SpeakerClockConverter_BLOCK_STBY_EN_MASK;
  38              		.loc 1 148 0
  39 000a 1032     		adds	r2, r2, #16
  40 000c 1378     		ldrb	r3, [r2]	@ zero_extendqisi2
  41 000e 43F00403 		orr	r3, r3, #4
  42 0012 1370     		strb	r3, [r2]
 149:Generated_Source\PSoC5/SpeakerClockConverter.c ****     #endif /* (SpeakerClockConverter_UsingFixedFunction) */  
 150:Generated_Source\PSoC5/SpeakerClockConverter.c ****         
 151:Generated_Source\PSoC5/SpeakerClockConverter.c ****     /* Enable the counter from the control register  */
 152:Generated_Source\PSoC5/SpeakerClockConverter.c ****     /* If Fixed Function then make sure Mode is set correctly */
 153:Generated_Source\PSoC5/SpeakerClockConverter.c ****     /* else make sure reset is clear */
 154:Generated_Source\PSoC5/SpeakerClockConverter.c ****     #if(!SpeakerClockConverter_ControlRegRemoved || SpeakerClockConverter_UsingFixedFunction)
 155:Generated_Source\PSoC5/SpeakerClockConverter.c ****         SpeakerClockConverter_CONTROL |= SpeakerClockConverter_CTRL_ENABLE;                
  43              		.loc 1 155 0
  44 0014 02F66532 		addw	r2, r2, #2917
  45 0018 1378     		ldrb	r3, [r2]	@ zero_extendqisi2
  46 001a 43F00103 		orr	r3, r3, #1
  47 001e 1370     		strb	r3, [r2]
  48 0020 7047     		bx	lr
  49              	.L3:
  50 0022 00BF     		.align	2
  51              	.L2:
  52 0024 A3430040 		.word	1073759139
  53              		.cfi_endproc
  54              	.LFE1:
  55              		.size	SpeakerClockConverter_Enable, .-SpeakerClockConverter_Enable
  56              		.section	.text.SpeakerClockConverter_Stop,"ax",%progbits
  57              		.align	2
  58              		.global	SpeakerClockConverter_Stop
  59              		.thumb
  60              		.thumb_func
  61              		.type	SpeakerClockConverter_Stop, %function
  62              	SpeakerClockConverter_Stop:
  63              	.LFB3:
 156:Generated_Source\PSoC5/SpeakerClockConverter.c ****     #endif /* (!SpeakerClockConverter_ControlRegRemoved || SpeakerClockConverter_UsingFixedFunction
 157:Generated_Source\PSoC5/SpeakerClockConverter.c ****     
 158:Generated_Source\PSoC5/SpeakerClockConverter.c **** }
 159:Generated_Source\PSoC5/SpeakerClockConverter.c **** 
 160:Generated_Source\PSoC5/SpeakerClockConverter.c **** 
 161:Generated_Source\PSoC5/SpeakerClockConverter.c **** /*******************************************************************************
 162:Generated_Source\PSoC5/SpeakerClockConverter.c **** * Function Name: SpeakerClockConverter_Start
 163:Generated_Source\PSoC5/SpeakerClockConverter.c **** ********************************************************************************
 164:Generated_Source\PSoC5/SpeakerClockConverter.c **** * Summary:
 165:Generated_Source\PSoC5/SpeakerClockConverter.c **** *  Enables the counter for operation 
ARM GAS  C:\Users\dshen\AppData\Local\Temp\ccHPvX58.s 			page 5


 166:Generated_Source\PSoC5/SpeakerClockConverter.c **** *
 167:Generated_Source\PSoC5/SpeakerClockConverter.c **** * Parameters:  
 168:Generated_Source\PSoC5/SpeakerClockConverter.c **** *  void  
 169:Generated_Source\PSoC5/SpeakerClockConverter.c **** *
 170:Generated_Source\PSoC5/SpeakerClockConverter.c **** * Return: 
 171:Generated_Source\PSoC5/SpeakerClockConverter.c **** *  void
 172:Generated_Source\PSoC5/SpeakerClockConverter.c **** *
 173:Generated_Source\PSoC5/SpeakerClockConverter.c **** * Global variables:
 174:Generated_Source\PSoC5/SpeakerClockConverter.c **** *  SpeakerClockConverter_initVar: Is modified when this function is called for the  
 175:Generated_Source\PSoC5/SpeakerClockConverter.c **** *   first time. Is used to ensure that initialization happens only once.
 176:Generated_Source\PSoC5/SpeakerClockConverter.c **** *
 177:Generated_Source\PSoC5/SpeakerClockConverter.c **** *******************************************************************************/
 178:Generated_Source\PSoC5/SpeakerClockConverter.c **** void SpeakerClockConverter_Start(void) 
 179:Generated_Source\PSoC5/SpeakerClockConverter.c **** {
 180:Generated_Source\PSoC5/SpeakerClockConverter.c ****     if(SpeakerClockConverter_initVar == 0u)
 181:Generated_Source\PSoC5/SpeakerClockConverter.c ****     {
 182:Generated_Source\PSoC5/SpeakerClockConverter.c ****         SpeakerClockConverter_Init();
 183:Generated_Source\PSoC5/SpeakerClockConverter.c ****         
 184:Generated_Source\PSoC5/SpeakerClockConverter.c ****         SpeakerClockConverter_initVar = 1u; /* Clear this bit for Initialization */        
 185:Generated_Source\PSoC5/SpeakerClockConverter.c ****     }
 186:Generated_Source\PSoC5/SpeakerClockConverter.c ****     
 187:Generated_Source\PSoC5/SpeakerClockConverter.c ****     /* Enable the Counter */
 188:Generated_Source\PSoC5/SpeakerClockConverter.c ****     SpeakerClockConverter_Enable();        
 189:Generated_Source\PSoC5/SpeakerClockConverter.c **** }
 190:Generated_Source\PSoC5/SpeakerClockConverter.c **** 
 191:Generated_Source\PSoC5/SpeakerClockConverter.c **** 
 192:Generated_Source\PSoC5/SpeakerClockConverter.c **** /*******************************************************************************
 193:Generated_Source\PSoC5/SpeakerClockConverter.c **** * Function Name: SpeakerClockConverter_Stop
 194:Generated_Source\PSoC5/SpeakerClockConverter.c **** ********************************************************************************
 195:Generated_Source\PSoC5/SpeakerClockConverter.c **** * Summary:
 196:Generated_Source\PSoC5/SpeakerClockConverter.c **** * Halts the counter, but does not change any modes or disable interrupts.
 197:Generated_Source\PSoC5/SpeakerClockConverter.c **** *
 198:Generated_Source\PSoC5/SpeakerClockConverter.c **** * Parameters:  
 199:Generated_Source\PSoC5/SpeakerClockConverter.c **** *  void  
 200:Generated_Source\PSoC5/SpeakerClockConverter.c **** *
 201:Generated_Source\PSoC5/SpeakerClockConverter.c **** * Return: 
 202:Generated_Source\PSoC5/SpeakerClockConverter.c **** *  void
 203:Generated_Source\PSoC5/SpeakerClockConverter.c **** *
 204:Generated_Source\PSoC5/SpeakerClockConverter.c **** * Side Effects: If the Enable mode is set to Hardware only then this function
 205:Generated_Source\PSoC5/SpeakerClockConverter.c **** *               has no effect on the operation of the counter.
 206:Generated_Source\PSoC5/SpeakerClockConverter.c **** *
 207:Generated_Source\PSoC5/SpeakerClockConverter.c **** *******************************************************************************/
 208:Generated_Source\PSoC5/SpeakerClockConverter.c **** void SpeakerClockConverter_Stop(void) 
 209:Generated_Source\PSoC5/SpeakerClockConverter.c **** {
  64              		.loc 1 209 0
  65              		.cfi_startproc
  66              		@ args = 0, pretend = 0, frame = 0
  67              		@ frame_needed = 0, uses_anonymous_args = 0
  68              		@ link register save eliminated.
 210:Generated_Source\PSoC5/SpeakerClockConverter.c ****     /* Disable Counter */
 211:Generated_Source\PSoC5/SpeakerClockConverter.c ****     #if(!SpeakerClockConverter_ControlRegRemoved || SpeakerClockConverter_UsingFixedFunction)
 212:Generated_Source\PSoC5/SpeakerClockConverter.c ****         SpeakerClockConverter_CONTROL &= ((uint8)(~SpeakerClockConverter_CTRL_ENABLE));        
  69              		.loc 1 212 0
  70 0000 084A     		ldr	r2, .L5
  71 0002 1378     		ldrb	r3, [r2]	@ zero_extendqisi2
  72 0004 03F0FE03 		and	r3, r3, #254
  73 0008 1370     		strb	r3, [r2]
ARM GAS  C:\Users\dshen\AppData\Local\Temp\ccHPvX58.s 			page 6


 213:Generated_Source\PSoC5/SpeakerClockConverter.c ****     #endif /* (!SpeakerClockConverter_ControlRegRemoved || SpeakerClockConverter_UsingFixedFunction
 214:Generated_Source\PSoC5/SpeakerClockConverter.c ****     
 215:Generated_Source\PSoC5/SpeakerClockConverter.c ****     /* Globally disable the Fixed Function Block chosen */
 216:Generated_Source\PSoC5/SpeakerClockConverter.c ****     #if (SpeakerClockConverter_UsingFixedFunction)
 217:Generated_Source\PSoC5/SpeakerClockConverter.c ****         SpeakerClockConverter_GLOBAL_ENABLE &= ((uint8)(~SpeakerClockConverter_BLOCK_EN_MASK));
  74              		.loc 1 217 0
  75 000a A2F67532 		subw	r2, r2, #2933
  76 000e 1378     		ldrb	r3, [r2]	@ zero_extendqisi2
  77 0010 03F0FB03 		and	r3, r3, #251
  78 0014 1370     		strb	r3, [r2]
 218:Generated_Source\PSoC5/SpeakerClockConverter.c ****         SpeakerClockConverter_GLOBAL_STBY_ENABLE &= ((uint8)(~SpeakerClockConverter_BLOCK_STBY_EN_M
  79              		.loc 1 218 0
  80 0016 1032     		adds	r2, r2, #16
  81 0018 1378     		ldrb	r3, [r2]	@ zero_extendqisi2
  82 001a 03F0FB03 		and	r3, r3, #251
  83 001e 1370     		strb	r3, [r2]
  84 0020 7047     		bx	lr
  85              	.L6:
  86 0022 00BF     		.align	2
  87              	.L5:
  88 0024 184F0040 		.word	1073762072
  89              		.cfi_endproc
  90              	.LFE3:
  91              		.size	SpeakerClockConverter_Stop, .-SpeakerClockConverter_Stop
  92              		.section	.text.SpeakerClockConverter_SetInterruptMode,"ax",%progbits
  93              		.align	2
  94              		.global	SpeakerClockConverter_SetInterruptMode
  95              		.thumb
  96              		.thumb_func
  97              		.type	SpeakerClockConverter_SetInterruptMode, %function
  98              	SpeakerClockConverter_SetInterruptMode:
  99              	.LFB4:
 219:Generated_Source\PSoC5/SpeakerClockConverter.c ****     #endif /* (SpeakerClockConverter_UsingFixedFunction) */
 220:Generated_Source\PSoC5/SpeakerClockConverter.c **** }
 221:Generated_Source\PSoC5/SpeakerClockConverter.c **** 
 222:Generated_Source\PSoC5/SpeakerClockConverter.c **** 
 223:Generated_Source\PSoC5/SpeakerClockConverter.c **** /*******************************************************************************
 224:Generated_Source\PSoC5/SpeakerClockConverter.c **** * Function Name: SpeakerClockConverter_SetInterruptMode
 225:Generated_Source\PSoC5/SpeakerClockConverter.c **** ********************************************************************************
 226:Generated_Source\PSoC5/SpeakerClockConverter.c **** * Summary:
 227:Generated_Source\PSoC5/SpeakerClockConverter.c **** * Configures which interrupt sources are enabled to generate the final interrupt
 228:Generated_Source\PSoC5/SpeakerClockConverter.c **** *
 229:Generated_Source\PSoC5/SpeakerClockConverter.c **** * Parameters:  
 230:Generated_Source\PSoC5/SpeakerClockConverter.c **** *  InterruptsMask: This parameter is an or'd collection of the status bits
 231:Generated_Source\PSoC5/SpeakerClockConverter.c **** *                   which will be allowed to generate the counters interrupt.   
 232:Generated_Source\PSoC5/SpeakerClockConverter.c **** *
 233:Generated_Source\PSoC5/SpeakerClockConverter.c **** * Return: 
 234:Generated_Source\PSoC5/SpeakerClockConverter.c **** *  void
 235:Generated_Source\PSoC5/SpeakerClockConverter.c **** *
 236:Generated_Source\PSoC5/SpeakerClockConverter.c **** *******************************************************************************/
 237:Generated_Source\PSoC5/SpeakerClockConverter.c **** void SpeakerClockConverter_SetInterruptMode(uint8 interruptsMask) 
 238:Generated_Source\PSoC5/SpeakerClockConverter.c **** {
 100              		.loc 1 238 0
 101              		.cfi_startproc
 102              		@ args = 0, pretend = 0, frame = 0
 103              		@ frame_needed = 0, uses_anonymous_args = 0
 104              		@ link register save eliminated.
ARM GAS  C:\Users\dshen\AppData\Local\Temp\ccHPvX58.s 			page 7


 105              	.LVL0:
 239:Generated_Source\PSoC5/SpeakerClockConverter.c ****     SpeakerClockConverter_STATUS_MASK = interruptsMask;
 106              		.loc 1 239 0
 107 0000 014B     		ldr	r3, .L8
 108 0002 1870     		strb	r0, [r3]
 109 0004 7047     		bx	lr
 110              	.L9:
 111 0006 00BF     		.align	2
 112              	.L8:
 113 0008 1B4F0040 		.word	1073762075
 114              		.cfi_endproc
 115              	.LFE4:
 116              		.size	SpeakerClockConverter_SetInterruptMode, .-SpeakerClockConverter_SetInterruptMode
 117              		.section	.text.SpeakerClockConverter_ReadStatusRegister,"ax",%progbits
 118              		.align	2
 119              		.global	SpeakerClockConverter_ReadStatusRegister
 120              		.thumb
 121              		.thumb_func
 122              		.type	SpeakerClockConverter_ReadStatusRegister, %function
 123              	SpeakerClockConverter_ReadStatusRegister:
 124              	.LFB5:
 240:Generated_Source\PSoC5/SpeakerClockConverter.c **** }
 241:Generated_Source\PSoC5/SpeakerClockConverter.c **** 
 242:Generated_Source\PSoC5/SpeakerClockConverter.c **** 
 243:Generated_Source\PSoC5/SpeakerClockConverter.c **** /*******************************************************************************
 244:Generated_Source\PSoC5/SpeakerClockConverter.c **** * Function Name: SpeakerClockConverter_ReadStatusRegister
 245:Generated_Source\PSoC5/SpeakerClockConverter.c **** ********************************************************************************
 246:Generated_Source\PSoC5/SpeakerClockConverter.c **** * Summary:
 247:Generated_Source\PSoC5/SpeakerClockConverter.c **** *   Reads the status register and returns it's state. This function should use
 248:Generated_Source\PSoC5/SpeakerClockConverter.c **** *       defined types for the bit-field information as the bits in this
 249:Generated_Source\PSoC5/SpeakerClockConverter.c **** *       register may be permuteable.
 250:Generated_Source\PSoC5/SpeakerClockConverter.c **** *
 251:Generated_Source\PSoC5/SpeakerClockConverter.c **** * Parameters:  
 252:Generated_Source\PSoC5/SpeakerClockConverter.c **** *  void
 253:Generated_Source\PSoC5/SpeakerClockConverter.c **** *
 254:Generated_Source\PSoC5/SpeakerClockConverter.c **** * Return: 
 255:Generated_Source\PSoC5/SpeakerClockConverter.c **** *  (uint8) The contents of the status register
 256:Generated_Source\PSoC5/SpeakerClockConverter.c **** *
 257:Generated_Source\PSoC5/SpeakerClockConverter.c **** * Side Effects:
 258:Generated_Source\PSoC5/SpeakerClockConverter.c **** *   Status register bits may be clear on read. 
 259:Generated_Source\PSoC5/SpeakerClockConverter.c **** *
 260:Generated_Source\PSoC5/SpeakerClockConverter.c **** *******************************************************************************/
 261:Generated_Source\PSoC5/SpeakerClockConverter.c **** uint8   SpeakerClockConverter_ReadStatusRegister(void) 
 262:Generated_Source\PSoC5/SpeakerClockConverter.c **** {
 125              		.loc 1 262 0
 126              		.cfi_startproc
 127              		@ args = 0, pretend = 0, frame = 0
 128              		@ frame_needed = 0, uses_anonymous_args = 0
 129              		@ link register save eliminated.
 263:Generated_Source\PSoC5/SpeakerClockConverter.c ****     return SpeakerClockConverter_STATUS;
 130              		.loc 1 263 0
 131 0000 014B     		ldr	r3, .L11
 132 0002 1878     		ldrb	r0, [r3]	@ zero_extendqisi2
 264:Generated_Source\PSoC5/SpeakerClockConverter.c **** }
 133              		.loc 1 264 0
 134 0004 7047     		bx	lr
 135              	.L12:
ARM GAS  C:\Users\dshen\AppData\Local\Temp\ccHPvX58.s 			page 8


 136 0006 00BF     		.align	2
 137              	.L11:
 138 0008 1B4F0040 		.word	1073762075
 139              		.cfi_endproc
 140              	.LFE5:
 141              		.size	SpeakerClockConverter_ReadStatusRegister, .-SpeakerClockConverter_ReadStatusRegister
 142              		.section	.text.SpeakerClockConverter_ReadControlRegister,"ax",%progbits
 143              		.align	2
 144              		.global	SpeakerClockConverter_ReadControlRegister
 145              		.thumb
 146              		.thumb_func
 147              		.type	SpeakerClockConverter_ReadControlRegister, %function
 148              	SpeakerClockConverter_ReadControlRegister:
 149              	.LFB6:
 265:Generated_Source\PSoC5/SpeakerClockConverter.c **** 
 266:Generated_Source\PSoC5/SpeakerClockConverter.c **** 
 267:Generated_Source\PSoC5/SpeakerClockConverter.c **** #if(!SpeakerClockConverter_ControlRegRemoved)
 268:Generated_Source\PSoC5/SpeakerClockConverter.c **** /*******************************************************************************
 269:Generated_Source\PSoC5/SpeakerClockConverter.c **** * Function Name: SpeakerClockConverter_ReadControlRegister
 270:Generated_Source\PSoC5/SpeakerClockConverter.c **** ********************************************************************************
 271:Generated_Source\PSoC5/SpeakerClockConverter.c **** * Summary:
 272:Generated_Source\PSoC5/SpeakerClockConverter.c **** *   Reads the control register and returns it's state. This function should use
 273:Generated_Source\PSoC5/SpeakerClockConverter.c **** *       defined types for the bit-field information as the bits in this
 274:Generated_Source\PSoC5/SpeakerClockConverter.c **** *       register may be permuteable.
 275:Generated_Source\PSoC5/SpeakerClockConverter.c **** *
 276:Generated_Source\PSoC5/SpeakerClockConverter.c **** * Parameters:  
 277:Generated_Source\PSoC5/SpeakerClockConverter.c **** *  void
 278:Generated_Source\PSoC5/SpeakerClockConverter.c **** *
 279:Generated_Source\PSoC5/SpeakerClockConverter.c **** * Return: 
 280:Generated_Source\PSoC5/SpeakerClockConverter.c **** *  (uint8) The contents of the control register
 281:Generated_Source\PSoC5/SpeakerClockConverter.c **** *
 282:Generated_Source\PSoC5/SpeakerClockConverter.c **** *******************************************************************************/
 283:Generated_Source\PSoC5/SpeakerClockConverter.c **** uint8   SpeakerClockConverter_ReadControlRegister(void) 
 284:Generated_Source\PSoC5/SpeakerClockConverter.c **** {
 150              		.loc 1 284 0
 151              		.cfi_startproc
 152              		@ args = 0, pretend = 0, frame = 0
 153              		@ frame_needed = 0, uses_anonymous_args = 0
 154              		@ link register save eliminated.
 285:Generated_Source\PSoC5/SpeakerClockConverter.c ****     return SpeakerClockConverter_CONTROL;
 155              		.loc 1 285 0
 156 0000 014B     		ldr	r3, .L14
 157 0002 1878     		ldrb	r0, [r3]	@ zero_extendqisi2
 286:Generated_Source\PSoC5/SpeakerClockConverter.c **** }
 158              		.loc 1 286 0
 159 0004 7047     		bx	lr
 160              	.L15:
 161 0006 00BF     		.align	2
 162              	.L14:
 163 0008 184F0040 		.word	1073762072
 164              		.cfi_endproc
 165              	.LFE6:
 166              		.size	SpeakerClockConverter_ReadControlRegister, .-SpeakerClockConverter_ReadControlRegister
 167              		.section	.text.SpeakerClockConverter_WriteControlRegister,"ax",%progbits
 168              		.align	2
 169              		.global	SpeakerClockConverter_WriteControlRegister
 170              		.thumb
ARM GAS  C:\Users\dshen\AppData\Local\Temp\ccHPvX58.s 			page 9


 171              		.thumb_func
 172              		.type	SpeakerClockConverter_WriteControlRegister, %function
 173              	SpeakerClockConverter_WriteControlRegister:
 174              	.LFB7:
 287:Generated_Source\PSoC5/SpeakerClockConverter.c **** 
 288:Generated_Source\PSoC5/SpeakerClockConverter.c **** 
 289:Generated_Source\PSoC5/SpeakerClockConverter.c **** /*******************************************************************************
 290:Generated_Source\PSoC5/SpeakerClockConverter.c **** * Function Name: SpeakerClockConverter_WriteControlRegister
 291:Generated_Source\PSoC5/SpeakerClockConverter.c **** ********************************************************************************
 292:Generated_Source\PSoC5/SpeakerClockConverter.c **** * Summary:
 293:Generated_Source\PSoC5/SpeakerClockConverter.c **** *   Sets the bit-field of the control register.  This function should use
 294:Generated_Source\PSoC5/SpeakerClockConverter.c **** *       defined types for the bit-field information as the bits in this
 295:Generated_Source\PSoC5/SpeakerClockConverter.c **** *       register may be permuteable.
 296:Generated_Source\PSoC5/SpeakerClockConverter.c **** *
 297:Generated_Source\PSoC5/SpeakerClockConverter.c **** * Parameters:  
 298:Generated_Source\PSoC5/SpeakerClockConverter.c **** *  void
 299:Generated_Source\PSoC5/SpeakerClockConverter.c **** *
 300:Generated_Source\PSoC5/SpeakerClockConverter.c **** * Return: 
 301:Generated_Source\PSoC5/SpeakerClockConverter.c **** *  (uint8) The contents of the control register
 302:Generated_Source\PSoC5/SpeakerClockConverter.c **** *
 303:Generated_Source\PSoC5/SpeakerClockConverter.c **** *******************************************************************************/
 304:Generated_Source\PSoC5/SpeakerClockConverter.c **** void    SpeakerClockConverter_WriteControlRegister(uint8 control) 
 305:Generated_Source\PSoC5/SpeakerClockConverter.c **** {
 175              		.loc 1 305 0
 176              		.cfi_startproc
 177              		@ args = 0, pretend = 0, frame = 0
 178              		@ frame_needed = 0, uses_anonymous_args = 0
 179              		@ link register save eliminated.
 180              	.LVL1:
 306:Generated_Source\PSoC5/SpeakerClockConverter.c ****     SpeakerClockConverter_CONTROL = control;
 181              		.loc 1 306 0
 182 0000 014B     		ldr	r3, .L17
 183 0002 1870     		strb	r0, [r3]
 184 0004 7047     		bx	lr
 185              	.L18:
 186 0006 00BF     		.align	2
 187              	.L17:
 188 0008 184F0040 		.word	1073762072
 189              		.cfi_endproc
 190              	.LFE7:
 191              		.size	SpeakerClockConverter_WriteControlRegister, .-SpeakerClockConverter_WriteControlRegister
 192              		.section	.text.SpeakerClockConverter_WriteCounter,"ax",%progbits
 193              		.align	2
 194              		.global	SpeakerClockConverter_WriteCounter
 195              		.thumb
 196              		.thumb_func
 197              		.type	SpeakerClockConverter_WriteCounter, %function
 198              	SpeakerClockConverter_WriteCounter:
 199              	.LFB8:
 307:Generated_Source\PSoC5/SpeakerClockConverter.c **** }
 308:Generated_Source\PSoC5/SpeakerClockConverter.c **** 
 309:Generated_Source\PSoC5/SpeakerClockConverter.c **** #endif  /* (!SpeakerClockConverter_ControlRegRemoved) */
 310:Generated_Source\PSoC5/SpeakerClockConverter.c **** 
 311:Generated_Source\PSoC5/SpeakerClockConverter.c **** 
 312:Generated_Source\PSoC5/SpeakerClockConverter.c **** #if (!(SpeakerClockConverter_UsingFixedFunction && (CY_PSOC5A)))
 313:Generated_Source\PSoC5/SpeakerClockConverter.c **** /*******************************************************************************
 314:Generated_Source\PSoC5/SpeakerClockConverter.c **** * Function Name: SpeakerClockConverter_WriteCounter
ARM GAS  C:\Users\dshen\AppData\Local\Temp\ccHPvX58.s 			page 10


 315:Generated_Source\PSoC5/SpeakerClockConverter.c **** ********************************************************************************
 316:Generated_Source\PSoC5/SpeakerClockConverter.c **** * Summary:
 317:Generated_Source\PSoC5/SpeakerClockConverter.c **** *   This funtion is used to set the counter to a specific value
 318:Generated_Source\PSoC5/SpeakerClockConverter.c **** *
 319:Generated_Source\PSoC5/SpeakerClockConverter.c **** * Parameters:  
 320:Generated_Source\PSoC5/SpeakerClockConverter.c **** *  counter:  New counter value. 
 321:Generated_Source\PSoC5/SpeakerClockConverter.c **** *
 322:Generated_Source\PSoC5/SpeakerClockConverter.c **** * Return: 
 323:Generated_Source\PSoC5/SpeakerClockConverter.c **** *  void 
 324:Generated_Source\PSoC5/SpeakerClockConverter.c **** *
 325:Generated_Source\PSoC5/SpeakerClockConverter.c **** *******************************************************************************/
 326:Generated_Source\PSoC5/SpeakerClockConverter.c **** void SpeakerClockConverter_WriteCounter(uint16 counter) \
 327:Generated_Source\PSoC5/SpeakerClockConverter.c ****                                    
 328:Generated_Source\PSoC5/SpeakerClockConverter.c **** {
 200              		.loc 1 328 0
 201              		.cfi_startproc
 202              		@ args = 0, pretend = 0, frame = 0
 203              		@ frame_needed = 0, uses_anonymous_args = 0
 204              	.LVL2:
 205 0000 10B5     		push	{r4, lr}
 206              		.cfi_def_cfa_offset 8
 207              		.cfi_offset 4, -8
 208              		.cfi_offset 14, -4
 209 0002 0446     		mov	r4, r0
 329:Generated_Source\PSoC5/SpeakerClockConverter.c ****     #if(SpeakerClockConverter_UsingFixedFunction)
 330:Generated_Source\PSoC5/SpeakerClockConverter.c ****         /* assert if block is already enabled */
 331:Generated_Source\PSoC5/SpeakerClockConverter.c ****         CYASSERT (0u == (SpeakerClockConverter_GLOBAL_ENABLE & SpeakerClockConverter_BLOCK_EN_MASK)
 210              		.loc 1 331 0
 211 0004 094B     		ldr	r3, .L22
 212 0006 1B78     		ldrb	r3, [r3]	@ zero_extendqisi2
 213 0008 13F0040F 		tst	r3, #4
 214 000c 02D0     		beq	.L20
 215              		.loc 1 331 0 is_stmt 0 discriminator 1
 216 000e 0020     		movs	r0, #0
 217              	.LVL3:
 218 0010 FFF7FEFF 		bl	CyHalt
 219              	.LVL4:
 220              	.L20:
 332:Generated_Source\PSoC5/SpeakerClockConverter.c ****         /* If block is disabled, enable it and then write the counter */
 333:Generated_Source\PSoC5/SpeakerClockConverter.c ****         SpeakerClockConverter_GLOBAL_ENABLE |= SpeakerClockConverter_BLOCK_EN_MASK;
 221              		.loc 1 333 0 is_stmt 1
 222 0014 054B     		ldr	r3, .L22
 223 0016 1A78     		ldrb	r2, [r3]	@ zero_extendqisi2
 224 0018 42F00402 		orr	r2, r2, #4
 225 001c 1A70     		strb	r2, [r3]
 334:Generated_Source\PSoC5/SpeakerClockConverter.c ****         CY_SET_REG16(SpeakerClockConverter_COUNTER_LSB_PTR, (uint16)counter);
 226              		.loc 1 334 0
 227 001e 044A     		ldr	r2, .L22+4
 228 0020 1480     		strh	r4, [r2]	@ movhi
 335:Generated_Source\PSoC5/SpeakerClockConverter.c ****         SpeakerClockConverter_GLOBAL_ENABLE &= ((uint8)(~SpeakerClockConverter_BLOCK_EN_MASK));
 229              		.loc 1 335 0
 230 0022 1A78     		ldrb	r2, [r3]	@ zero_extendqisi2
 231 0024 02F0FB02 		and	r2, r2, #251
 232 0028 1A70     		strb	r2, [r3]
 233 002a 10BD     		pop	{r4, pc}
 234              	.L23:
 235              		.align	2
ARM GAS  C:\Users\dshen\AppData\Local\Temp\ccHPvX58.s 			page 11


 236              	.L22:
 237 002c A3430040 		.word	1073759139
 238 0030 1E4F0040 		.word	1073762078
 239              		.cfi_endproc
 240              	.LFE8:
 241              		.size	SpeakerClockConverter_WriteCounter, .-SpeakerClockConverter_WriteCounter
 242              		.section	.text.SpeakerClockConverter_ReadCounter,"ax",%progbits
 243              		.align	2
 244              		.global	SpeakerClockConverter_ReadCounter
 245              		.thumb
 246              		.thumb_func
 247              		.type	SpeakerClockConverter_ReadCounter, %function
 248              	SpeakerClockConverter_ReadCounter:
 249              	.LFB9:
 336:Generated_Source\PSoC5/SpeakerClockConverter.c ****     #else
 337:Generated_Source\PSoC5/SpeakerClockConverter.c ****         CY_SET_REG16(SpeakerClockConverter_COUNTER_LSB_PTR, counter);
 338:Generated_Source\PSoC5/SpeakerClockConverter.c ****     #endif /* (SpeakerClockConverter_UsingFixedFunction) */
 339:Generated_Source\PSoC5/SpeakerClockConverter.c **** }
 340:Generated_Source\PSoC5/SpeakerClockConverter.c **** #endif /* (!(SpeakerClockConverter_UsingFixedFunction && (CY_PSOC5A))) */
 341:Generated_Source\PSoC5/SpeakerClockConverter.c **** 
 342:Generated_Source\PSoC5/SpeakerClockConverter.c **** 
 343:Generated_Source\PSoC5/SpeakerClockConverter.c **** /*******************************************************************************
 344:Generated_Source\PSoC5/SpeakerClockConverter.c **** * Function Name: SpeakerClockConverter_ReadCounter
 345:Generated_Source\PSoC5/SpeakerClockConverter.c **** ********************************************************************************
 346:Generated_Source\PSoC5/SpeakerClockConverter.c **** * Summary:
 347:Generated_Source\PSoC5/SpeakerClockConverter.c **** * Returns the current value of the counter.  It doesn't matter
 348:Generated_Source\PSoC5/SpeakerClockConverter.c **** * if the counter is enabled or running.
 349:Generated_Source\PSoC5/SpeakerClockConverter.c **** *
 350:Generated_Source\PSoC5/SpeakerClockConverter.c **** * Parameters:  
 351:Generated_Source\PSoC5/SpeakerClockConverter.c **** *  void:  
 352:Generated_Source\PSoC5/SpeakerClockConverter.c **** *
 353:Generated_Source\PSoC5/SpeakerClockConverter.c **** * Return: 
 354:Generated_Source\PSoC5/SpeakerClockConverter.c **** *  (uint16) The present value of the counter.
 355:Generated_Source\PSoC5/SpeakerClockConverter.c **** *
 356:Generated_Source\PSoC5/SpeakerClockConverter.c **** *******************************************************************************/
 357:Generated_Source\PSoC5/SpeakerClockConverter.c **** uint16 SpeakerClockConverter_ReadCounter(void) 
 358:Generated_Source\PSoC5/SpeakerClockConverter.c **** {
 250              		.loc 1 358 0
 251              		.cfi_startproc
 252              		@ args = 0, pretend = 0, frame = 0
 253              		@ frame_needed = 0, uses_anonymous_args = 0
 254              		@ link register save eliminated.
 359:Generated_Source\PSoC5/SpeakerClockConverter.c ****     /* Force capture by reading Accumulator */
 360:Generated_Source\PSoC5/SpeakerClockConverter.c ****     /* Must first do a software capture to be able to read the counter */
 361:Generated_Source\PSoC5/SpeakerClockConverter.c ****     /* It is up to the user code to make sure there isn't already captured data in the FIFO */
 362:Generated_Source\PSoC5/SpeakerClockConverter.c ****     #if(SpeakerClockConverter_UsingFixedFunction)
 363:Generated_Source\PSoC5/SpeakerClockConverter.c **** 		(void)CY_GET_REG16(SpeakerClockConverter_COUNTER_LSB_PTR);
 255              		.loc 1 363 0
 256 0000 024B     		ldr	r3, .L25
 257 0002 1B88     		ldrh	r3, [r3]
 364:Generated_Source\PSoC5/SpeakerClockConverter.c **** 	#else
 365:Generated_Source\PSoC5/SpeakerClockConverter.c **** 		(void)CY_GET_REG8(SpeakerClockConverter_COUNTER_LSB_PTR_8BIT);
 366:Generated_Source\PSoC5/SpeakerClockConverter.c **** 	#endif/* (SpeakerClockConverter_UsingFixedFunction) */
 367:Generated_Source\PSoC5/SpeakerClockConverter.c ****     
 368:Generated_Source\PSoC5/SpeakerClockConverter.c ****     /* Read the data from the FIFO (or capture register for Fixed Function)*/
 369:Generated_Source\PSoC5/SpeakerClockConverter.c ****     #if(SpeakerClockConverter_UsingFixedFunction)
 370:Generated_Source\PSoC5/SpeakerClockConverter.c ****         return ((uint16)CY_GET_REG16(SpeakerClockConverter_STATICCOUNT_LSB_PTR));
ARM GAS  C:\Users\dshen\AppData\Local\Temp\ccHPvX58.s 			page 12


 258              		.loc 1 370 0
 259 0004 024B     		ldr	r3, .L25+4
 260 0006 1888     		ldrh	r0, [r3]
 371:Generated_Source\PSoC5/SpeakerClockConverter.c ****     #else
 372:Generated_Source\PSoC5/SpeakerClockConverter.c ****         return (CY_GET_REG16(SpeakerClockConverter_STATICCOUNT_LSB_PTR));
 373:Generated_Source\PSoC5/SpeakerClockConverter.c ****     #endif /* (SpeakerClockConverter_UsingFixedFunction) */
 374:Generated_Source\PSoC5/SpeakerClockConverter.c **** }
 261              		.loc 1 374 0
 262 0008 80B2     		uxth	r0, r0
 263 000a 7047     		bx	lr
 264              	.L26:
 265              		.align	2
 266              	.L25:
 267 000c 1E4F0040 		.word	1073762078
 268 0010 204F0040 		.word	1073762080
 269              		.cfi_endproc
 270              	.LFE9:
 271              		.size	SpeakerClockConverter_ReadCounter, .-SpeakerClockConverter_ReadCounter
 272              		.section	.text.SpeakerClockConverter_ReadCapture,"ax",%progbits
 273              		.align	2
 274              		.global	SpeakerClockConverter_ReadCapture
 275              		.thumb
 276              		.thumb_func
 277              		.type	SpeakerClockConverter_ReadCapture, %function
 278              	SpeakerClockConverter_ReadCapture:
 279              	.LFB10:
 375:Generated_Source\PSoC5/SpeakerClockConverter.c **** 
 376:Generated_Source\PSoC5/SpeakerClockConverter.c **** 
 377:Generated_Source\PSoC5/SpeakerClockConverter.c **** /*******************************************************************************
 378:Generated_Source\PSoC5/SpeakerClockConverter.c **** * Function Name: SpeakerClockConverter_ReadCapture
 379:Generated_Source\PSoC5/SpeakerClockConverter.c **** ********************************************************************************
 380:Generated_Source\PSoC5/SpeakerClockConverter.c **** * Summary:
 381:Generated_Source\PSoC5/SpeakerClockConverter.c **** *   This function returns the last value captured.
 382:Generated_Source\PSoC5/SpeakerClockConverter.c **** *
 383:Generated_Source\PSoC5/SpeakerClockConverter.c **** * Parameters:  
 384:Generated_Source\PSoC5/SpeakerClockConverter.c **** *  void
 385:Generated_Source\PSoC5/SpeakerClockConverter.c **** *
 386:Generated_Source\PSoC5/SpeakerClockConverter.c **** * Return: 
 387:Generated_Source\PSoC5/SpeakerClockConverter.c **** *  (uint16) Present Capture value.
 388:Generated_Source\PSoC5/SpeakerClockConverter.c **** *
 389:Generated_Source\PSoC5/SpeakerClockConverter.c **** *******************************************************************************/
 390:Generated_Source\PSoC5/SpeakerClockConverter.c **** uint16 SpeakerClockConverter_ReadCapture(void) 
 391:Generated_Source\PSoC5/SpeakerClockConverter.c **** {
 280              		.loc 1 391 0
 281              		.cfi_startproc
 282              		@ args = 0, pretend = 0, frame = 0
 283              		@ frame_needed = 0, uses_anonymous_args = 0
 284              		@ link register save eliminated.
 392:Generated_Source\PSoC5/SpeakerClockConverter.c ****     #if(SpeakerClockConverter_UsingFixedFunction)
 393:Generated_Source\PSoC5/SpeakerClockConverter.c ****         return ((uint16)CY_GET_REG16(SpeakerClockConverter_STATICCOUNT_LSB_PTR));
 285              		.loc 1 393 0
 286 0000 014B     		ldr	r3, .L28
 287 0002 1888     		ldrh	r0, [r3]
 394:Generated_Source\PSoC5/SpeakerClockConverter.c ****     #else
 395:Generated_Source\PSoC5/SpeakerClockConverter.c ****         return (CY_GET_REG16(SpeakerClockConverter_STATICCOUNT_LSB_PTR));
 396:Generated_Source\PSoC5/SpeakerClockConverter.c ****     #endif /* (SpeakerClockConverter_UsingFixedFunction) */
 397:Generated_Source\PSoC5/SpeakerClockConverter.c **** }
ARM GAS  C:\Users\dshen\AppData\Local\Temp\ccHPvX58.s 			page 13


 288              		.loc 1 397 0
 289 0004 80B2     		uxth	r0, r0
 290 0006 7047     		bx	lr
 291              	.L29:
 292              		.align	2
 293              	.L28:
 294 0008 204F0040 		.word	1073762080
 295              		.cfi_endproc
 296              	.LFE10:
 297              		.size	SpeakerClockConverter_ReadCapture, .-SpeakerClockConverter_ReadCapture
 298              		.section	.text.SpeakerClockConverter_WritePeriod,"ax",%progbits
 299              		.align	2
 300              		.global	SpeakerClockConverter_WritePeriod
 301              		.thumb
 302              		.thumb_func
 303              		.type	SpeakerClockConverter_WritePeriod, %function
 304              	SpeakerClockConverter_WritePeriod:
 305              	.LFB11:
 398:Generated_Source\PSoC5/SpeakerClockConverter.c **** 
 399:Generated_Source\PSoC5/SpeakerClockConverter.c **** 
 400:Generated_Source\PSoC5/SpeakerClockConverter.c **** /*******************************************************************************
 401:Generated_Source\PSoC5/SpeakerClockConverter.c **** * Function Name: SpeakerClockConverter_WritePeriod
 402:Generated_Source\PSoC5/SpeakerClockConverter.c **** ********************************************************************************
 403:Generated_Source\PSoC5/SpeakerClockConverter.c **** * Summary:
 404:Generated_Source\PSoC5/SpeakerClockConverter.c **** * Changes the period of the counter.  The new period 
 405:Generated_Source\PSoC5/SpeakerClockConverter.c **** * will be loaded the next time terminal count is detected.
 406:Generated_Source\PSoC5/SpeakerClockConverter.c **** *
 407:Generated_Source\PSoC5/SpeakerClockConverter.c **** * Parameters:  
 408:Generated_Source\PSoC5/SpeakerClockConverter.c **** *  period: (uint16) A value of 0 will result in
 409:Generated_Source\PSoC5/SpeakerClockConverter.c **** *         the counter remaining at zero.  
 410:Generated_Source\PSoC5/SpeakerClockConverter.c **** *
 411:Generated_Source\PSoC5/SpeakerClockConverter.c **** * Return: 
 412:Generated_Source\PSoC5/SpeakerClockConverter.c **** *  void
 413:Generated_Source\PSoC5/SpeakerClockConverter.c **** *
 414:Generated_Source\PSoC5/SpeakerClockConverter.c **** *******************************************************************************/
 415:Generated_Source\PSoC5/SpeakerClockConverter.c **** void SpeakerClockConverter_WritePeriod(uint16 period) 
 416:Generated_Source\PSoC5/SpeakerClockConverter.c **** {
 306              		.loc 1 416 0
 307              		.cfi_startproc
 308              		@ args = 0, pretend = 0, frame = 0
 309              		@ frame_needed = 0, uses_anonymous_args = 0
 310              		@ link register save eliminated.
 311              	.LVL5:
 417:Generated_Source\PSoC5/SpeakerClockConverter.c ****     #if(SpeakerClockConverter_UsingFixedFunction)
 418:Generated_Source\PSoC5/SpeakerClockConverter.c ****         CY_SET_REG16(SpeakerClockConverter_PERIOD_LSB_PTR,(uint16)period);
 312              		.loc 1 418 0
 313 0000 014B     		ldr	r3, .L31
 314 0002 1880     		strh	r0, [r3]	@ movhi
 315 0004 7047     		bx	lr
 316              	.L32:
 317 0006 00BF     		.align	2
 318              	.L31:
 319 0008 1C4F0040 		.word	1073762076
 320              		.cfi_endproc
 321              	.LFE11:
 322              		.size	SpeakerClockConverter_WritePeriod, .-SpeakerClockConverter_WritePeriod
 323              		.section	.text.SpeakerClockConverter_Init,"ax",%progbits
ARM GAS  C:\Users\dshen\AppData\Local\Temp\ccHPvX58.s 			page 14


 324              		.align	2
 325              		.global	SpeakerClockConverter_Init
 326              		.thumb
 327              		.thumb_func
 328              		.type	SpeakerClockConverter_Init, %function
 329              	SpeakerClockConverter_Init:
 330              	.LFB0:
  38:Generated_Source\PSoC5/SpeakerClockConverter.c ****         #if (!SpeakerClockConverter_UsingFixedFunction && !SpeakerClockConverter_ControlRegRemoved)
 331              		.loc 1 38 0
 332              		.cfi_startproc
 333              		@ args = 0, pretend = 0, frame = 0
 334              		@ frame_needed = 0, uses_anonymous_args = 0
 335 0000 08B5     		push	{r3, lr}
 336              		.cfi_def_cfa_offset 8
 337              		.cfi_offset 3, -8
 338              		.cfi_offset 14, -4
  50:Generated_Source\PSoC5/SpeakerClockConverter.c ****             
 339              		.loc 1 50 0
 340 0002 154A     		ldr	r2, .L35
 341 0004 1378     		ldrb	r3, [r2]	@ zero_extendqisi2
 342 0006 03F00103 		and	r3, r3, #1
 343 000a 1370     		strb	r3, [r2]
  57:Generated_Source\PSoC5/SpeakerClockConverter.c ****             #endif /* (CY_PSOC3 || CY_PSOC5LP) */
 344              		.loc 1 57 0
 345 000c 0232     		adds	r2, r2, #2
 346 000e 1378     		ldrb	r3, [r2]	@ zero_extendqisi2
 347 0010 03F0FC03 		and	r3, r3, #252
 348 0014 1370     		strb	r3, [r2]
  66:Generated_Source\PSoC5/SpeakerClockConverter.c ****             
 349              		.loc 1 66 0
 350 0016 013A     		subs	r2, r2, #1
 351 0018 1378     		ldrb	r3, [r2]	@ zero_extendqisi2
 352 001a 43F00103 		orr	r3, r3, #1
 353 001e 1370     		strb	r3, [r2]
  69:Generated_Source\PSoC5/SpeakerClockConverter.c ****             SpeakerClockConverter_RT1 |= SpeakerClockConverter_SYNC;     
 354              		.loc 1 69 0
 355 0020 0E4B     		ldr	r3, .L35+4
 356 0022 1A78     		ldrb	r2, [r3]	@ zero_extendqisi2
 357 0024 02F0CF02 		and	r2, r2, #207
 358 0028 1A70     		strb	r2, [r3]
  70:Generated_Source\PSoC5/SpeakerClockConverter.c ****                     
 359              		.loc 1 70 0
 360 002a 1A78     		ldrb	r2, [r3]	@ zero_extendqisi2
 361 002c 42F03002 		orr	r2, r2, #48
 362 0030 1A70     		strb	r2, [r3]
  73:Generated_Source\PSoC5/SpeakerClockConverter.c ****             SpeakerClockConverter_RT1 |= SpeakerClockConverter_SYNCDSI_EN;
 363              		.loc 1 73 0
 364 0032 1A78     		ldrb	r2, [r3]	@ zero_extendqisi2
 365 0034 02F0F002 		and	r2, r2, #240
 366 0038 1A70     		strb	r2, [r3]
  74:Generated_Source\PSoC5/SpeakerClockConverter.c **** 
 367              		.loc 1 74 0
 368 003a 1A78     		ldrb	r2, [r3]	@ zero_extendqisi2
 369 003c 42F00F02 		orr	r2, r2, #15
 370 0040 1A70     		strb	r2, [r3]
 100:Generated_Source\PSoC5/SpeakerClockConverter.c ****         #if (!(SpeakerClockConverter_UsingFixedFunction && (CY_PSOC5A)))
 371              		.loc 1 100 0
ARM GAS  C:\Users\dshen\AppData\Local\Temp\ccHPvX58.s 			page 15


 372 0042 0120     		movs	r0, #1
 373 0044 FFF7FEFF 		bl	SpeakerClockConverter_WritePeriod
 374              	.LVL6:
 102:Generated_Source\PSoC5/SpeakerClockConverter.c ****         #endif /* (!(SpeakerClockConverter_UsingFixedFunction && (CY_PSOC5A))) */
 375              		.loc 1 102 0
 376 0048 0020     		movs	r0, #0
 377 004a FFF7FEFF 		bl	SpeakerClockConverter_WriteCounter
 378              	.LVL7:
 104:Generated_Source\PSoC5/SpeakerClockConverter.c ****         
 379              		.loc 1 104 0
 380 004e 0020     		movs	r0, #0
 381 0050 FFF7FEFF 		bl	SpeakerClockConverter_SetInterruptMode
 382              	.LVL8:
 383 0054 08BD     		pop	{r3, pc}
 384              	.L36:
 385 0056 00BF     		.align	2
 386              	.L35:
 387 0058 184F0040 		.word	1073762072
 388 005c 234F0040 		.word	1073762083
 389              		.cfi_endproc
 390              	.LFE0:
 391              		.size	SpeakerClockConverter_Init, .-SpeakerClockConverter_Init
 392              		.section	.text.SpeakerClockConverter_Start,"ax",%progbits
 393              		.align	2
 394              		.global	SpeakerClockConverter_Start
 395              		.thumb
 396              		.thumb_func
 397              		.type	SpeakerClockConverter_Start, %function
 398              	SpeakerClockConverter_Start:
 399              	.LFB2:
 179:Generated_Source\PSoC5/SpeakerClockConverter.c ****     if(SpeakerClockConverter_initVar == 0u)
 400              		.loc 1 179 0
 401              		.cfi_startproc
 402              		@ args = 0, pretend = 0, frame = 0
 403              		@ frame_needed = 0, uses_anonymous_args = 0
 404 0000 08B5     		push	{r3, lr}
 405              		.cfi_def_cfa_offset 8
 406              		.cfi_offset 3, -8
 407              		.cfi_offset 14, -4
 180:Generated_Source\PSoC5/SpeakerClockConverter.c ****     {
 408              		.loc 1 180 0
 409 0002 054B     		ldr	r3, .L40
 410 0004 1B78     		ldrb	r3, [r3]	@ zero_extendqisi2
 411 0006 23B9     		cbnz	r3, .L38
 182:Generated_Source\PSoC5/SpeakerClockConverter.c ****         
 412              		.loc 1 182 0
 413 0008 FFF7FEFF 		bl	SpeakerClockConverter_Init
 414              	.LVL9:
 184:Generated_Source\PSoC5/SpeakerClockConverter.c ****     }
 415              		.loc 1 184 0
 416 000c 0122     		movs	r2, #1
 417 000e 024B     		ldr	r3, .L40
 418 0010 1A70     		strb	r2, [r3]
 419              	.L38:
 188:Generated_Source\PSoC5/SpeakerClockConverter.c **** }
 420              		.loc 1 188 0
 421 0012 FFF7FEFF 		bl	SpeakerClockConverter_Enable
ARM GAS  C:\Users\dshen\AppData\Local\Temp\ccHPvX58.s 			page 16


 422              	.LVL10:
 423 0016 08BD     		pop	{r3, pc}
 424              	.L41:
 425              		.align	2
 426              	.L40:
 427 0018 00000000 		.word	.LANCHOR0
 428              		.cfi_endproc
 429              	.LFE2:
 430              		.size	SpeakerClockConverter_Start, .-SpeakerClockConverter_Start
 431              		.section	.text.SpeakerClockConverter_ReadPeriod,"ax",%progbits
 432              		.align	2
 433              		.global	SpeakerClockConverter_ReadPeriod
 434              		.thumb
 435              		.thumb_func
 436              		.type	SpeakerClockConverter_ReadPeriod, %function
 437              	SpeakerClockConverter_ReadPeriod:
 438              	.LFB12:
 419:Generated_Source\PSoC5/SpeakerClockConverter.c ****     #else
 420:Generated_Source\PSoC5/SpeakerClockConverter.c ****         CY_SET_REG16(SpeakerClockConverter_PERIOD_LSB_PTR, period);
 421:Generated_Source\PSoC5/SpeakerClockConverter.c ****     #endif /* (SpeakerClockConverter_UsingFixedFunction) */
 422:Generated_Source\PSoC5/SpeakerClockConverter.c **** }
 423:Generated_Source\PSoC5/SpeakerClockConverter.c **** 
 424:Generated_Source\PSoC5/SpeakerClockConverter.c **** 
 425:Generated_Source\PSoC5/SpeakerClockConverter.c **** /*******************************************************************************
 426:Generated_Source\PSoC5/SpeakerClockConverter.c **** * Function Name: SpeakerClockConverter_ReadPeriod
 427:Generated_Source\PSoC5/SpeakerClockConverter.c **** ********************************************************************************
 428:Generated_Source\PSoC5/SpeakerClockConverter.c **** * Summary:
 429:Generated_Source\PSoC5/SpeakerClockConverter.c **** * Reads the current period value without affecting counter operation.
 430:Generated_Source\PSoC5/SpeakerClockConverter.c **** *
 431:Generated_Source\PSoC5/SpeakerClockConverter.c **** * Parameters:  
 432:Generated_Source\PSoC5/SpeakerClockConverter.c **** *  void:  
 433:Generated_Source\PSoC5/SpeakerClockConverter.c **** *
 434:Generated_Source\PSoC5/SpeakerClockConverter.c **** * Return: 
 435:Generated_Source\PSoC5/SpeakerClockConverter.c **** *  (uint16) Present period value.
 436:Generated_Source\PSoC5/SpeakerClockConverter.c **** *
 437:Generated_Source\PSoC5/SpeakerClockConverter.c **** *******************************************************************************/
 438:Generated_Source\PSoC5/SpeakerClockConverter.c **** uint16 SpeakerClockConverter_ReadPeriod(void) 
 439:Generated_Source\PSoC5/SpeakerClockConverter.c **** {
 439              		.loc 1 439 0
 440              		.cfi_startproc
 441              		@ args = 0, pretend = 0, frame = 0
 442              		@ frame_needed = 0, uses_anonymous_args = 0
 443              		@ link register save eliminated.
 440:Generated_Source\PSoC5/SpeakerClockConverter.c ****     #if(SpeakerClockConverter_UsingFixedFunction)
 441:Generated_Source\PSoC5/SpeakerClockConverter.c ****         return ((uint16)CY_GET_REG16(SpeakerClockConverter_PERIOD_LSB_PTR));
 444              		.loc 1 441 0
 445 0000 014B     		ldr	r3, .L43
 446 0002 1888     		ldrh	r0, [r3]
 442:Generated_Source\PSoC5/SpeakerClockConverter.c ****     #else
 443:Generated_Source\PSoC5/SpeakerClockConverter.c ****         return (CY_GET_REG16(SpeakerClockConverter_PERIOD_LSB_PTR));
 444:Generated_Source\PSoC5/SpeakerClockConverter.c ****     #endif /* (SpeakerClockConverter_UsingFixedFunction) */
 445:Generated_Source\PSoC5/SpeakerClockConverter.c **** }
 447              		.loc 1 445 0
 448 0004 80B2     		uxth	r0, r0
 449 0006 7047     		bx	lr
 450              	.L44:
 451              		.align	2
ARM GAS  C:\Users\dshen\AppData\Local\Temp\ccHPvX58.s 			page 17


 452              	.L43:
 453 0008 1C4F0040 		.word	1073762076
 454              		.cfi_endproc
 455              	.LFE12:
 456              		.size	SpeakerClockConverter_ReadPeriod, .-SpeakerClockConverter_ReadPeriod
 457              		.global	SpeakerClockConverter_initVar
 458              		.bss
 459              		.set	.LANCHOR0,. + 0
 460              		.type	SpeakerClockConverter_initVar, %object
 461              		.size	SpeakerClockConverter_initVar, 1
 462              	SpeakerClockConverter_initVar:
 463 0000 00       		.space	1
 464              		.text
 465              	.Letext0:
 466              		.file 2 "Generated_Source\\PSoC5\\cytypes.h"
 467              		.file 3 "Generated_Source\\PSoC5\\CyLib.h"
 468              		.section	.debug_info,"",%progbits
 469              	.Ldebug_info0:
 470 0000 87020000 		.4byte	0x287
 471 0004 0400     		.2byte	0x4
 472 0006 00000000 		.4byte	.Ldebug_abbrev0
 473 000a 04       		.byte	0x4
 474 000b 01       		.uleb128 0x1
 475 000c 7F000000 		.4byte	.LASF35
 476 0010 0C       		.byte	0xc
 477 0011 7D020000 		.4byte	.LASF36
 478 0015 41010000 		.4byte	.LASF37
 479 0019 00000000 		.4byte	.Ldebug_ranges0+0
 480 001d 00000000 		.4byte	0
 481 0021 00000000 		.4byte	.Ldebug_line0
 482 0025 02       		.uleb128 0x2
 483 0026 01       		.byte	0x1
 484 0027 06       		.byte	0x6
 485 0028 7C030000 		.4byte	.LASF0
 486 002c 02       		.uleb128 0x2
 487 002d 01       		.byte	0x1
 488 002e 08       		.byte	0x8
 489 002f 71000000 		.4byte	.LASF1
 490 0033 02       		.uleb128 0x2
 491 0034 02       		.byte	0x2
 492 0035 05       		.byte	0x5
 493 0036 D3020000 		.4byte	.LASF2
 494 003a 02       		.uleb128 0x2
 495 003b 02       		.byte	0x2
 496 003c 07       		.byte	0x7
 497 003d 2F000000 		.4byte	.LASF3
 498 0041 02       		.uleb128 0x2
 499 0042 04       		.byte	0x4
 500 0043 05       		.byte	0x5
 501 0044 67030000 		.4byte	.LASF4
 502 0048 02       		.uleb128 0x2
 503 0049 04       		.byte	0x4
 504 004a 07       		.byte	0x7
 505 004b 12010000 		.4byte	.LASF5
 506 004f 02       		.uleb128 0x2
 507 0050 08       		.byte	0x8
 508 0051 05       		.byte	0x5
ARM GAS  C:\Users\dshen\AppData\Local\Temp\ccHPvX58.s 			page 18


 509 0052 6F020000 		.4byte	.LASF6
 510 0056 02       		.uleb128 0x2
 511 0057 08       		.byte	0x8
 512 0058 07       		.byte	0x7
 513 0059 48020000 		.4byte	.LASF7
 514 005d 03       		.uleb128 0x3
 515 005e 04       		.byte	0x4
 516 005f 05       		.byte	0x5
 517 0060 696E7400 		.ascii	"int\000"
 518 0064 02       		.uleb128 0x2
 519 0065 04       		.byte	0x4
 520 0066 07       		.byte	0x7
 521 0067 19020000 		.4byte	.LASF8
 522 006b 04       		.uleb128 0x4
 523 006c 24010000 		.4byte	.LASF9
 524 0070 02       		.byte	0x2
 525 0071 E401     		.2byte	0x1e4
 526 0073 2C000000 		.4byte	0x2c
 527 0077 04       		.uleb128 0x4
 528 0078 B0010000 		.4byte	.LASF10
 529 007c 02       		.byte	0x2
 530 007d E501     		.2byte	0x1e5
 531 007f 3A000000 		.4byte	0x3a
 532 0083 02       		.uleb128 0x2
 533 0084 04       		.byte	0x4
 534 0085 04       		.byte	0x4
 535 0086 42000000 		.4byte	.LASF11
 536 008a 02       		.uleb128 0x2
 537 008b 08       		.byte	0x8
 538 008c 04       		.byte	0x4
 539 008d 8E010000 		.4byte	.LASF12
 540 0091 02       		.uleb128 0x2
 541 0092 01       		.byte	0x1
 542 0093 08       		.byte	0x8
 543 0094 AC020000 		.4byte	.LASF13
 544 0098 04       		.uleb128 0x4
 545 0099 0D010000 		.4byte	.LASF14
 546 009d 02       		.byte	0x2
 547 009e 8E02     		.2byte	0x28e
 548 00a0 A4000000 		.4byte	0xa4
 549 00a4 05       		.uleb128 0x5
 550 00a5 6B000000 		.4byte	0x6b
 551 00a9 04       		.uleb128 0x4
 552 00aa 00000000 		.4byte	.LASF15
 553 00ae 02       		.byte	0x2
 554 00af 8F02     		.2byte	0x28f
 555 00b1 B5000000 		.4byte	0xb5
 556 00b5 05       		.uleb128 0x5
 557 00b6 77000000 		.4byte	0x77
 558 00ba 02       		.uleb128 0x2
 559 00bb 08       		.byte	0x8
 560 00bc 04       		.byte	0x4
 561 00bd 70030000 		.4byte	.LASF16
 562 00c1 02       		.uleb128 0x2
 563 00c2 04       		.byte	0x4
 564 00c3 07       		.byte	0x7
 565 00c4 66020000 		.4byte	.LASF17
ARM GAS  C:\Users\dshen\AppData\Local\Temp\ccHPvX58.s 			page 19


 566 00c8 06       		.uleb128 0x6
 567 00c9 DE010000 		.4byte	.LASF18
 568 00cd 01       		.byte	0x1
 569 00ce 8F       		.byte	0x8f
 570 00cf 00000000 		.4byte	.LFB1
 571 00d3 28000000 		.4byte	.LFE1-.LFB1
 572 00d7 01       		.uleb128 0x1
 573 00d8 9C       		.byte	0x9c
 574 00d9 06       		.uleb128 0x6
 575 00da 06030000 		.4byte	.LASF19
 576 00de 01       		.byte	0x1
 577 00df D0       		.byte	0xd0
 578 00e0 00000000 		.4byte	.LFB3
 579 00e4 28000000 		.4byte	.LFE3-.LFB3
 580 00e8 01       		.uleb128 0x1
 581 00e9 9C       		.byte	0x9c
 582 00ea 07       		.uleb128 0x7
 583 00eb B7010000 		.4byte	.LASF22
 584 00ef 01       		.byte	0x1
 585 00f0 ED       		.byte	0xed
 586 00f1 00000000 		.4byte	.LFB4
 587 00f5 0C000000 		.4byte	.LFE4-.LFB4
 588 00f9 01       		.uleb128 0x1
 589 00fa 9C       		.byte	0x9c
 590 00fb 0D010000 		.4byte	0x10d
 591 00ff 08       		.uleb128 0x8
 592 0100 32010000 		.4byte	.LASF24
 593 0104 01       		.byte	0x1
 594 0105 ED       		.byte	0xed
 595 0106 6B000000 		.4byte	0x6b
 596 010a 01       		.uleb128 0x1
 597 010b 50       		.byte	0x50
 598 010c 00       		.byte	0
 599 010d 09       		.uleb128 0x9
 600 010e DD020000 		.4byte	.LASF20
 601 0112 01       		.byte	0x1
 602 0113 0501     		.2byte	0x105
 603 0115 6B000000 		.4byte	0x6b
 604 0119 00000000 		.4byte	.LFB5
 605 011d 0C000000 		.4byte	.LFE5-.LFB5
 606 0121 01       		.uleb128 0x1
 607 0122 9C       		.byte	0x9c
 608 0123 09       		.uleb128 0x9
 609 0124 3D030000 		.4byte	.LASF21
 610 0128 01       		.byte	0x1
 611 0129 1B01     		.2byte	0x11b
 612 012b 6B000000 		.4byte	0x6b
 613 012f 00000000 		.4byte	.LFB6
 614 0133 0C000000 		.4byte	.LFE6-.LFB6
 615 0137 01       		.uleb128 0x1
 616 0138 9C       		.byte	0x9c
 617 0139 0A       		.uleb128 0xa
 618 013a AB030000 		.4byte	.LASF23
 619 013e 01       		.byte	0x1
 620 013f 3001     		.2byte	0x130
 621 0141 00000000 		.4byte	.LFB7
 622 0145 0C000000 		.4byte	.LFE7-.LFB7
ARM GAS  C:\Users\dshen\AppData\Local\Temp\ccHPvX58.s 			page 20


 623 0149 01       		.uleb128 0x1
 624 014a 9C       		.byte	0x9c
 625 014b 5E010000 		.4byte	0x15e
 626 014f 0B       		.uleb128 0xb
 627 0150 2A010000 		.4byte	.LASF25
 628 0154 01       		.byte	0x1
 629 0155 3001     		.2byte	0x130
 630 0157 6B000000 		.4byte	0x6b
 631 015b 01       		.uleb128 0x1
 632 015c 50       		.byte	0x50
 633 015d 00       		.byte	0
 634 015e 0A       		.uleb128 0xa
 635 015f 88030000 		.4byte	.LASF26
 636 0163 01       		.byte	0x1
 637 0164 4601     		.2byte	0x146
 638 0166 00000000 		.4byte	.LFB8
 639 016a 34000000 		.4byte	.LFE8-.LFB8
 640 016e 01       		.uleb128 0x1
 641 016f 9C       		.byte	0x9c
 642 0170 94010000 		.4byte	0x194
 643 0174 0C       		.uleb128 0xc
 644 0175 48000000 		.4byte	.LASF27
 645 0179 01       		.byte	0x1
 646 017a 4601     		.2byte	0x146
 647 017c 77000000 		.4byte	0x77
 648 0180 00000000 		.4byte	.LLST0
 649 0184 0D       		.uleb128 0xd
 650 0185 14000000 		.4byte	.LVL4
 651 0189 7F020000 		.4byte	0x27f
 652 018d 0E       		.uleb128 0xe
 653 018e 01       		.uleb128 0x1
 654 018f 50       		.byte	0x50
 655 0190 01       		.uleb128 0x1
 656 0191 30       		.byte	0x30
 657 0192 00       		.byte	0
 658 0193 00       		.byte	0
 659 0194 09       		.uleb128 0x9
 660 0195 B1020000 		.4byte	.LASF28
 661 0199 01       		.byte	0x1
 662 019a 6501     		.2byte	0x165
 663 019c 77000000 		.4byte	0x77
 664 01a0 00000000 		.4byte	.LFB9
 665 01a4 14000000 		.4byte	.LFE9-.LFB9
 666 01a8 01       		.uleb128 0x1
 667 01a9 9C       		.byte	0x9c
 668 01aa 09       		.uleb128 0x9
 669 01ab 26020000 		.4byte	.LASF29
 670 01af 01       		.byte	0x1
 671 01b0 8601     		.2byte	0x186
 672 01b2 77000000 		.4byte	0x77
 673 01b6 00000000 		.4byte	.LFB10
 674 01ba 0C000000 		.4byte	.LFE10-.LFB10
 675 01be 01       		.uleb128 0x1
 676 01bf 9C       		.byte	0x9c
 677 01c0 0A       		.uleb128 0xa
 678 01c1 06000000 		.4byte	.LASF30
 679 01c5 01       		.byte	0x1
ARM GAS  C:\Users\dshen\AppData\Local\Temp\ccHPvX58.s 			page 21


 680 01c6 9F01     		.2byte	0x19f
 681 01c8 00000000 		.4byte	.LFB11
 682 01cc 0C000000 		.4byte	.LFE11-.LFB11
 683 01d0 01       		.uleb128 0x1
 684 01d1 9C       		.byte	0x9c
 685 01d2 E5010000 		.4byte	0x1e5
 686 01d6 0B       		.uleb128 0xb
 687 01d7 28000000 		.4byte	.LASF31
 688 01db 01       		.byte	0x1
 689 01dc 9F01     		.2byte	0x19f
 690 01de 77000000 		.4byte	0x77
 691 01e2 01       		.uleb128 0x1
 692 01e3 50       		.byte	0x50
 693 01e4 00       		.byte	0
 694 01e5 07       		.uleb128 0x7
 695 01e6 95010000 		.4byte	.LASF32
 696 01ea 01       		.byte	0x1
 697 01eb 25       		.byte	0x25
 698 01ec 00000000 		.4byte	.LFB0
 699 01f0 60000000 		.4byte	.LFE0-.LFB0
 700 01f4 01       		.uleb128 0x1
 701 01f5 9C       		.byte	0x9c
 702 01f6 30020000 		.4byte	0x230
 703 01fa 0F       		.uleb128 0xf
 704 01fb 48000000 		.4byte	.LVL6
 705 01ff C0010000 		.4byte	0x1c0
 706 0203 0D020000 		.4byte	0x20d
 707 0207 0E       		.uleb128 0xe
 708 0208 01       		.uleb128 0x1
 709 0209 50       		.byte	0x50
 710 020a 01       		.uleb128 0x1
 711 020b 31       		.byte	0x31
 712 020c 00       		.byte	0
 713 020d 0F       		.uleb128 0xf
 714 020e 4E000000 		.4byte	.LVL7
 715 0212 5E010000 		.4byte	0x15e
 716 0216 20020000 		.4byte	0x220
 717 021a 0E       		.uleb128 0xe
 718 021b 01       		.uleb128 0x1
 719 021c 50       		.byte	0x50
 720 021d 01       		.uleb128 0x1
 721 021e 30       		.byte	0x30
 722 021f 00       		.byte	0
 723 0220 0D       		.uleb128 0xd
 724 0221 54000000 		.4byte	.LVL8
 725 0225 EA000000 		.4byte	0xea
 726 0229 0E       		.uleb128 0xe
 727 022a 01       		.uleb128 0x1
 728 022b 50       		.byte	0x50
 729 022c 01       		.uleb128 0x1
 730 022d 30       		.byte	0x30
 731 022e 00       		.byte	0
 732 022f 00       		.byte	0
 733 0230 07       		.uleb128 0x7
 734 0231 21030000 		.4byte	.LASF33
 735 0235 01       		.byte	0x1
 736 0236 B2       		.byte	0xb2
ARM GAS  C:\Users\dshen\AppData\Local\Temp\ccHPvX58.s 			page 22


 737 0237 00000000 		.4byte	.LFB2
 738 023b 1C000000 		.4byte	.LFE2-.LFB2
 739 023f 01       		.uleb128 0x1
 740 0240 9C       		.byte	0x9c
 741 0241 58020000 		.4byte	0x258
 742 0245 10       		.uleb128 0x10
 743 0246 0C000000 		.4byte	.LVL9
 744 024a E5010000 		.4byte	0x1e5
 745 024e 10       		.uleb128 0x10
 746 024f 16000000 		.4byte	.LVL10
 747 0253 C8000000 		.4byte	0xc8
 748 0257 00       		.byte	0
 749 0258 09       		.uleb128 0x9
 750 0259 50000000 		.4byte	.LASF34
 751 025d 01       		.byte	0x1
 752 025e B601     		.2byte	0x1b6
 753 0260 77000000 		.4byte	0x77
 754 0264 00000000 		.4byte	.LFB12
 755 0268 0C000000 		.4byte	.LFE12-.LFB12
 756 026c 01       		.uleb128 0x1
 757 026d 9C       		.byte	0x9c
 758 026e 11       		.uleb128 0x11
 759 026f FB010000 		.4byte	.LASF38
 760 0273 01       		.byte	0x1
 761 0274 15       		.byte	0x15
 762 0275 6B000000 		.4byte	0x6b
 763 0279 05       		.uleb128 0x5
 764 027a 03       		.byte	0x3
 765 027b 00000000 		.4byte	SpeakerClockConverter_initVar
 766 027f 12       		.uleb128 0x12
 767 0280 5F020000 		.4byte	.LASF39
 768 0284 5F020000 		.4byte	.LASF39
 769 0288 03       		.byte	0x3
 770 0289 7F       		.byte	0x7f
 771 028a 00       		.byte	0
 772              		.section	.debug_abbrev,"",%progbits
 773              	.Ldebug_abbrev0:
 774 0000 01       		.uleb128 0x1
 775 0001 11       		.uleb128 0x11
 776 0002 01       		.byte	0x1
 777 0003 25       		.uleb128 0x25
 778 0004 0E       		.uleb128 0xe
 779 0005 13       		.uleb128 0x13
 780 0006 0B       		.uleb128 0xb
 781 0007 03       		.uleb128 0x3
 782 0008 0E       		.uleb128 0xe
 783 0009 1B       		.uleb128 0x1b
 784 000a 0E       		.uleb128 0xe
 785 000b 55       		.uleb128 0x55
 786 000c 17       		.uleb128 0x17
 787 000d 11       		.uleb128 0x11
 788 000e 01       		.uleb128 0x1
 789 000f 10       		.uleb128 0x10
 790 0010 17       		.uleb128 0x17
 791 0011 00       		.byte	0
 792 0012 00       		.byte	0
 793 0013 02       		.uleb128 0x2
ARM GAS  C:\Users\dshen\AppData\Local\Temp\ccHPvX58.s 			page 23


 794 0014 24       		.uleb128 0x24
 795 0015 00       		.byte	0
 796 0016 0B       		.uleb128 0xb
 797 0017 0B       		.uleb128 0xb
 798 0018 3E       		.uleb128 0x3e
 799 0019 0B       		.uleb128 0xb
 800 001a 03       		.uleb128 0x3
 801 001b 0E       		.uleb128 0xe
 802 001c 00       		.byte	0
 803 001d 00       		.byte	0
 804 001e 03       		.uleb128 0x3
 805 001f 24       		.uleb128 0x24
 806 0020 00       		.byte	0
 807 0021 0B       		.uleb128 0xb
 808 0022 0B       		.uleb128 0xb
 809 0023 3E       		.uleb128 0x3e
 810 0024 0B       		.uleb128 0xb
 811 0025 03       		.uleb128 0x3
 812 0026 08       		.uleb128 0x8
 813 0027 00       		.byte	0
 814 0028 00       		.byte	0
 815 0029 04       		.uleb128 0x4
 816 002a 16       		.uleb128 0x16
 817 002b 00       		.byte	0
 818 002c 03       		.uleb128 0x3
 819 002d 0E       		.uleb128 0xe
 820 002e 3A       		.uleb128 0x3a
 821 002f 0B       		.uleb128 0xb
 822 0030 3B       		.uleb128 0x3b
 823 0031 05       		.uleb128 0x5
 824 0032 49       		.uleb128 0x49
 825 0033 13       		.uleb128 0x13
 826 0034 00       		.byte	0
 827 0035 00       		.byte	0
 828 0036 05       		.uleb128 0x5
 829 0037 35       		.uleb128 0x35
 830 0038 00       		.byte	0
 831 0039 49       		.uleb128 0x49
 832 003a 13       		.uleb128 0x13
 833 003b 00       		.byte	0
 834 003c 00       		.byte	0
 835 003d 06       		.uleb128 0x6
 836 003e 2E       		.uleb128 0x2e
 837 003f 00       		.byte	0
 838 0040 3F       		.uleb128 0x3f
 839 0041 19       		.uleb128 0x19
 840 0042 03       		.uleb128 0x3
 841 0043 0E       		.uleb128 0xe
 842 0044 3A       		.uleb128 0x3a
 843 0045 0B       		.uleb128 0xb
 844 0046 3B       		.uleb128 0x3b
 845 0047 0B       		.uleb128 0xb
 846 0048 27       		.uleb128 0x27
 847 0049 19       		.uleb128 0x19
 848 004a 11       		.uleb128 0x11
 849 004b 01       		.uleb128 0x1
 850 004c 12       		.uleb128 0x12
ARM GAS  C:\Users\dshen\AppData\Local\Temp\ccHPvX58.s 			page 24


 851 004d 06       		.uleb128 0x6
 852 004e 40       		.uleb128 0x40
 853 004f 18       		.uleb128 0x18
 854 0050 9742     		.uleb128 0x2117
 855 0052 19       		.uleb128 0x19
 856 0053 00       		.byte	0
 857 0054 00       		.byte	0
 858 0055 07       		.uleb128 0x7
 859 0056 2E       		.uleb128 0x2e
 860 0057 01       		.byte	0x1
 861 0058 3F       		.uleb128 0x3f
 862 0059 19       		.uleb128 0x19
 863 005a 03       		.uleb128 0x3
 864 005b 0E       		.uleb128 0xe
 865 005c 3A       		.uleb128 0x3a
 866 005d 0B       		.uleb128 0xb
 867 005e 3B       		.uleb128 0x3b
 868 005f 0B       		.uleb128 0xb
 869 0060 27       		.uleb128 0x27
 870 0061 19       		.uleb128 0x19
 871 0062 11       		.uleb128 0x11
 872 0063 01       		.uleb128 0x1
 873 0064 12       		.uleb128 0x12
 874 0065 06       		.uleb128 0x6
 875 0066 40       		.uleb128 0x40
 876 0067 18       		.uleb128 0x18
 877 0068 9742     		.uleb128 0x2117
 878 006a 19       		.uleb128 0x19
 879 006b 01       		.uleb128 0x1
 880 006c 13       		.uleb128 0x13
 881 006d 00       		.byte	0
 882 006e 00       		.byte	0
 883 006f 08       		.uleb128 0x8
 884 0070 05       		.uleb128 0x5
 885 0071 00       		.byte	0
 886 0072 03       		.uleb128 0x3
 887 0073 0E       		.uleb128 0xe
 888 0074 3A       		.uleb128 0x3a
 889 0075 0B       		.uleb128 0xb
 890 0076 3B       		.uleb128 0x3b
 891 0077 0B       		.uleb128 0xb
 892 0078 49       		.uleb128 0x49
 893 0079 13       		.uleb128 0x13
 894 007a 02       		.uleb128 0x2
 895 007b 18       		.uleb128 0x18
 896 007c 00       		.byte	0
 897 007d 00       		.byte	0
 898 007e 09       		.uleb128 0x9
 899 007f 2E       		.uleb128 0x2e
 900 0080 00       		.byte	0
 901 0081 3F       		.uleb128 0x3f
 902 0082 19       		.uleb128 0x19
 903 0083 03       		.uleb128 0x3
 904 0084 0E       		.uleb128 0xe
 905 0085 3A       		.uleb128 0x3a
 906 0086 0B       		.uleb128 0xb
 907 0087 3B       		.uleb128 0x3b
ARM GAS  C:\Users\dshen\AppData\Local\Temp\ccHPvX58.s 			page 25


 908 0088 05       		.uleb128 0x5
 909 0089 27       		.uleb128 0x27
 910 008a 19       		.uleb128 0x19
 911 008b 49       		.uleb128 0x49
 912 008c 13       		.uleb128 0x13
 913 008d 11       		.uleb128 0x11
 914 008e 01       		.uleb128 0x1
 915 008f 12       		.uleb128 0x12
 916 0090 06       		.uleb128 0x6
 917 0091 40       		.uleb128 0x40
 918 0092 18       		.uleb128 0x18
 919 0093 9742     		.uleb128 0x2117
 920 0095 19       		.uleb128 0x19
 921 0096 00       		.byte	0
 922 0097 00       		.byte	0
 923 0098 0A       		.uleb128 0xa
 924 0099 2E       		.uleb128 0x2e
 925 009a 01       		.byte	0x1
 926 009b 3F       		.uleb128 0x3f
 927 009c 19       		.uleb128 0x19
 928 009d 03       		.uleb128 0x3
 929 009e 0E       		.uleb128 0xe
 930 009f 3A       		.uleb128 0x3a
 931 00a0 0B       		.uleb128 0xb
 932 00a1 3B       		.uleb128 0x3b
 933 00a2 05       		.uleb128 0x5
 934 00a3 27       		.uleb128 0x27
 935 00a4 19       		.uleb128 0x19
 936 00a5 11       		.uleb128 0x11
 937 00a6 01       		.uleb128 0x1
 938 00a7 12       		.uleb128 0x12
 939 00a8 06       		.uleb128 0x6
 940 00a9 40       		.uleb128 0x40
 941 00aa 18       		.uleb128 0x18
 942 00ab 9742     		.uleb128 0x2117
 943 00ad 19       		.uleb128 0x19
 944 00ae 01       		.uleb128 0x1
 945 00af 13       		.uleb128 0x13
 946 00b0 00       		.byte	0
 947 00b1 00       		.byte	0
 948 00b2 0B       		.uleb128 0xb
 949 00b3 05       		.uleb128 0x5
 950 00b4 00       		.byte	0
 951 00b5 03       		.uleb128 0x3
 952 00b6 0E       		.uleb128 0xe
 953 00b7 3A       		.uleb128 0x3a
 954 00b8 0B       		.uleb128 0xb
 955 00b9 3B       		.uleb128 0x3b
 956 00ba 05       		.uleb128 0x5
 957 00bb 49       		.uleb128 0x49
 958 00bc 13       		.uleb128 0x13
 959 00bd 02       		.uleb128 0x2
 960 00be 18       		.uleb128 0x18
 961 00bf 00       		.byte	0
 962 00c0 00       		.byte	0
 963 00c1 0C       		.uleb128 0xc
 964 00c2 05       		.uleb128 0x5
ARM GAS  C:\Users\dshen\AppData\Local\Temp\ccHPvX58.s 			page 26


 965 00c3 00       		.byte	0
 966 00c4 03       		.uleb128 0x3
 967 00c5 0E       		.uleb128 0xe
 968 00c6 3A       		.uleb128 0x3a
 969 00c7 0B       		.uleb128 0xb
 970 00c8 3B       		.uleb128 0x3b
 971 00c9 05       		.uleb128 0x5
 972 00ca 49       		.uleb128 0x49
 973 00cb 13       		.uleb128 0x13
 974 00cc 02       		.uleb128 0x2
 975 00cd 17       		.uleb128 0x17
 976 00ce 00       		.byte	0
 977 00cf 00       		.byte	0
 978 00d0 0D       		.uleb128 0xd
 979 00d1 898201   		.uleb128 0x4109
 980 00d4 01       		.byte	0x1
 981 00d5 11       		.uleb128 0x11
 982 00d6 01       		.uleb128 0x1
 983 00d7 31       		.uleb128 0x31
 984 00d8 13       		.uleb128 0x13
 985 00d9 00       		.byte	0
 986 00da 00       		.byte	0
 987 00db 0E       		.uleb128 0xe
 988 00dc 8A8201   		.uleb128 0x410a
 989 00df 00       		.byte	0
 990 00e0 02       		.uleb128 0x2
 991 00e1 18       		.uleb128 0x18
 992 00e2 9142     		.uleb128 0x2111
 993 00e4 18       		.uleb128 0x18
 994 00e5 00       		.byte	0
 995 00e6 00       		.byte	0
 996 00e7 0F       		.uleb128 0xf
 997 00e8 898201   		.uleb128 0x4109
 998 00eb 01       		.byte	0x1
 999 00ec 11       		.uleb128 0x11
 1000 00ed 01       		.uleb128 0x1
 1001 00ee 31       		.uleb128 0x31
 1002 00ef 13       		.uleb128 0x13
 1003 00f0 01       		.uleb128 0x1
 1004 00f1 13       		.uleb128 0x13
 1005 00f2 00       		.byte	0
 1006 00f3 00       		.byte	0
 1007 00f4 10       		.uleb128 0x10
 1008 00f5 898201   		.uleb128 0x4109
 1009 00f8 00       		.byte	0
 1010 00f9 11       		.uleb128 0x11
 1011 00fa 01       		.uleb128 0x1
 1012 00fb 31       		.uleb128 0x31
 1013 00fc 13       		.uleb128 0x13
 1014 00fd 00       		.byte	0
 1015 00fe 00       		.byte	0
 1016 00ff 11       		.uleb128 0x11
 1017 0100 34       		.uleb128 0x34
 1018 0101 00       		.byte	0
 1019 0102 03       		.uleb128 0x3
 1020 0103 0E       		.uleb128 0xe
 1021 0104 3A       		.uleb128 0x3a
ARM GAS  C:\Users\dshen\AppData\Local\Temp\ccHPvX58.s 			page 27


 1022 0105 0B       		.uleb128 0xb
 1023 0106 3B       		.uleb128 0x3b
 1024 0107 0B       		.uleb128 0xb
 1025 0108 49       		.uleb128 0x49
 1026 0109 13       		.uleb128 0x13
 1027 010a 3F       		.uleb128 0x3f
 1028 010b 19       		.uleb128 0x19
 1029 010c 02       		.uleb128 0x2
 1030 010d 18       		.uleb128 0x18
 1031 010e 00       		.byte	0
 1032 010f 00       		.byte	0
 1033 0110 12       		.uleb128 0x12
 1034 0111 2E       		.uleb128 0x2e
 1035 0112 00       		.byte	0
 1036 0113 3F       		.uleb128 0x3f
 1037 0114 19       		.uleb128 0x19
 1038 0115 3C       		.uleb128 0x3c
 1039 0116 19       		.uleb128 0x19
 1040 0117 6E       		.uleb128 0x6e
 1041 0118 0E       		.uleb128 0xe
 1042 0119 03       		.uleb128 0x3
 1043 011a 0E       		.uleb128 0xe
 1044 011b 3A       		.uleb128 0x3a
 1045 011c 0B       		.uleb128 0xb
 1046 011d 3B       		.uleb128 0x3b
 1047 011e 0B       		.uleb128 0xb
 1048 011f 00       		.byte	0
 1049 0120 00       		.byte	0
 1050 0121 00       		.byte	0
 1051              		.section	.debug_loc,"",%progbits
 1052              	.Ldebug_loc0:
 1053              	.LLST0:
 1054 0000 00000000 		.4byte	.LVL2
 1055 0004 10000000 		.4byte	.LVL3
 1056 0008 0100     		.2byte	0x1
 1057 000a 50       		.byte	0x50
 1058 000b 10000000 		.4byte	.LVL3
 1059 000f 34000000 		.4byte	.LFE8
 1060 0013 0400     		.2byte	0x4
 1061 0015 F3       		.byte	0xf3
 1062 0016 01       		.uleb128 0x1
 1063 0017 50       		.byte	0x50
 1064 0018 9F       		.byte	0x9f
 1065 0019 00000000 		.4byte	0
 1066 001d 00000000 		.4byte	0
 1067              		.section	.debug_aranges,"",%progbits
 1068 0000 7C000000 		.4byte	0x7c
 1069 0004 0200     		.2byte	0x2
 1070 0006 00000000 		.4byte	.Ldebug_info0
 1071 000a 04       		.byte	0x4
 1072 000b 00       		.byte	0
 1073 000c 0000     		.2byte	0
 1074 000e 0000     		.2byte	0
 1075 0010 00000000 		.4byte	.LFB1
 1076 0014 28000000 		.4byte	.LFE1-.LFB1
 1077 0018 00000000 		.4byte	.LFB3
 1078 001c 28000000 		.4byte	.LFE3-.LFB3
ARM GAS  C:\Users\dshen\AppData\Local\Temp\ccHPvX58.s 			page 28


 1079 0020 00000000 		.4byte	.LFB4
 1080 0024 0C000000 		.4byte	.LFE4-.LFB4
 1081 0028 00000000 		.4byte	.LFB5
 1082 002c 0C000000 		.4byte	.LFE5-.LFB5
 1083 0030 00000000 		.4byte	.LFB6
 1084 0034 0C000000 		.4byte	.LFE6-.LFB6
 1085 0038 00000000 		.4byte	.LFB7
 1086 003c 0C000000 		.4byte	.LFE7-.LFB7
 1087 0040 00000000 		.4byte	.LFB8
 1088 0044 34000000 		.4byte	.LFE8-.LFB8
 1089 0048 00000000 		.4byte	.LFB9
 1090 004c 14000000 		.4byte	.LFE9-.LFB9
 1091 0050 00000000 		.4byte	.LFB10
 1092 0054 0C000000 		.4byte	.LFE10-.LFB10
 1093 0058 00000000 		.4byte	.LFB11
 1094 005c 0C000000 		.4byte	.LFE11-.LFB11
 1095 0060 00000000 		.4byte	.LFB0
 1096 0064 60000000 		.4byte	.LFE0-.LFB0
 1097 0068 00000000 		.4byte	.LFB2
 1098 006c 1C000000 		.4byte	.LFE2-.LFB2
 1099 0070 00000000 		.4byte	.LFB12
 1100 0074 0C000000 		.4byte	.LFE12-.LFB12
 1101 0078 00000000 		.4byte	0
 1102 007c 00000000 		.4byte	0
 1103              		.section	.debug_ranges,"",%progbits
 1104              	.Ldebug_ranges0:
 1105 0000 00000000 		.4byte	.LFB1
 1106 0004 28000000 		.4byte	.LFE1
 1107 0008 00000000 		.4byte	.LFB3
 1108 000c 28000000 		.4byte	.LFE3
 1109 0010 00000000 		.4byte	.LFB4
 1110 0014 0C000000 		.4byte	.LFE4
 1111 0018 00000000 		.4byte	.LFB5
 1112 001c 0C000000 		.4byte	.LFE5
 1113 0020 00000000 		.4byte	.LFB6
 1114 0024 0C000000 		.4byte	.LFE6
 1115 0028 00000000 		.4byte	.LFB7
 1116 002c 0C000000 		.4byte	.LFE7
 1117 0030 00000000 		.4byte	.LFB8
 1118 0034 34000000 		.4byte	.LFE8
 1119 0038 00000000 		.4byte	.LFB9
 1120 003c 14000000 		.4byte	.LFE9
 1121 0040 00000000 		.4byte	.LFB10
 1122 0044 0C000000 		.4byte	.LFE10
 1123 0048 00000000 		.4byte	.LFB11
 1124 004c 0C000000 		.4byte	.LFE11
 1125 0050 00000000 		.4byte	.LFB0
 1126 0054 60000000 		.4byte	.LFE0
 1127 0058 00000000 		.4byte	.LFB2
 1128 005c 1C000000 		.4byte	.LFE2
 1129 0060 00000000 		.4byte	.LFB12
 1130 0064 0C000000 		.4byte	.LFE12
 1131 0068 00000000 		.4byte	0
 1132 006c 00000000 		.4byte	0
 1133              		.section	.debug_line,"",%progbits
 1134              	.Ldebug_line0:
 1135 0000 65010000 		.section	.debug_str,"MS",%progbits,1
ARM GAS  C:\Users\dshen\AppData\Local\Temp\ccHPvX58.s 			page 29


 1135      02005D00 
 1135      00000201 
 1135      FB0E0D00 
 1135      01010101 
 1136              	.LASF15:
 1137 0000 72656731 		.ascii	"reg16\000"
 1137      3600
 1138              	.LASF30:
 1139 0006 53706561 		.ascii	"SpeakerClockConverter_WritePeriod\000"
 1139      6B657243 
 1139      6C6F636B 
 1139      436F6E76 
 1139      65727465 
 1140              	.LASF31:
 1141 0028 70657269 		.ascii	"period\000"
 1141      6F6400
 1142              	.LASF3:
 1143 002f 73686F72 		.ascii	"short unsigned int\000"
 1143      7420756E 
 1143      7369676E 
 1143      65642069 
 1143      6E7400
 1144              	.LASF11:
 1145 0042 666C6F61 		.ascii	"float\000"
 1145      7400
 1146              	.LASF27:
 1147 0048 636F756E 		.ascii	"counter\000"
 1147      74657200 
 1148              	.LASF34:
 1149 0050 53706561 		.ascii	"SpeakerClockConverter_ReadPeriod\000"
 1149      6B657243 
 1149      6C6F636B 
 1149      436F6E76 
 1149      65727465 
 1150              	.LASF1:
 1151 0071 756E7369 		.ascii	"unsigned char\000"
 1151      676E6564 
 1151      20636861 
 1151      7200
 1152              	.LASF35:
 1153 007f 474E5520 		.ascii	"GNU C11 5.4.1 20160609 (release) [ARM/embedded-5-br"
 1153      43313120 
 1153      352E342E 
 1153      31203230 
 1153      31363036 
 1154 00b2 616E6368 		.ascii	"anch revision 237715] -mcpu=cortex-m3 -mthumb -g -O"
 1154      20726576 
 1154      6973696F 
 1154      6E203233 
 1154      37373135 
 1155 00e5 67202D66 		.ascii	"g -ffunction-sections -ffat-lto-objects\000"
 1155      66756E63 
 1155      74696F6E 
 1155      2D736563 
 1155      74696F6E 
 1156              	.LASF14:
 1157 010d 72656738 		.ascii	"reg8\000"
ARM GAS  C:\Users\dshen\AppData\Local\Temp\ccHPvX58.s 			page 30


 1157      00
 1158              	.LASF5:
 1159 0112 6C6F6E67 		.ascii	"long unsigned int\000"
 1159      20756E73 
 1159      69676E65 
 1159      6420696E 
 1159      7400
 1160              	.LASF9:
 1161 0124 75696E74 		.ascii	"uint8\000"
 1161      3800
 1162              	.LASF25:
 1163 012a 636F6E74 		.ascii	"control\000"
 1163      726F6C00 
 1164              	.LASF24:
 1165 0132 696E7465 		.ascii	"interruptsMask\000"
 1165      72727570 
 1165      74734D61 
 1165      736B00
 1166              	.LASF37:
 1167 0141 433A5C55 		.ascii	"C:\\Users\\dshen\\Documents\\school\\me135\\symphon"
 1167      73657273 
 1167      5C647368 
 1167      656E5C44 
 1167      6F63756D 
 1168 016e 6975735C 		.ascii	"ius\\Symphonius\\Symphonius.cydsn\000"
 1168      53796D70 
 1168      686F6E69 
 1168      75735C53 
 1168      796D7068 
 1169              	.LASF12:
 1170 018e 646F7562 		.ascii	"double\000"
 1170      6C6500
 1171              	.LASF32:
 1172 0195 53706561 		.ascii	"SpeakerClockConverter_Init\000"
 1172      6B657243 
 1172      6C6F636B 
 1172      436F6E76 
 1172      65727465 
 1173              	.LASF10:
 1174 01b0 75696E74 		.ascii	"uint16\000"
 1174      313600
 1175              	.LASF22:
 1176 01b7 53706561 		.ascii	"SpeakerClockConverter_SetInterruptMode\000"
 1176      6B657243 
 1176      6C6F636B 
 1176      436F6E76 
 1176      65727465 
 1177              	.LASF18:
 1178 01de 53706561 		.ascii	"SpeakerClockConverter_Enable\000"
 1178      6B657243 
 1178      6C6F636B 
 1178      436F6E76 
 1178      65727465 
 1179              	.LASF38:
 1180 01fb 53706561 		.ascii	"SpeakerClockConverter_initVar\000"
 1180      6B657243 
 1180      6C6F636B 
ARM GAS  C:\Users\dshen\AppData\Local\Temp\ccHPvX58.s 			page 31


 1180      436F6E76 
 1180      65727465 
 1181              	.LASF8:
 1182 0219 756E7369 		.ascii	"unsigned int\000"
 1182      676E6564 
 1182      20696E74 
 1182      00
 1183              	.LASF29:
 1184 0226 53706561 		.ascii	"SpeakerClockConverter_ReadCapture\000"
 1184      6B657243 
 1184      6C6F636B 
 1184      436F6E76 
 1184      65727465 
 1185              	.LASF7:
 1186 0248 6C6F6E67 		.ascii	"long long unsigned int\000"
 1186      206C6F6E 
 1186      6720756E 
 1186      7369676E 
 1186      65642069 
 1187              	.LASF39:
 1188 025f 43794861 		.ascii	"CyHalt\000"
 1188      6C7400
 1189              	.LASF17:
 1190 0266 73697A65 		.ascii	"sizetype\000"
 1190      74797065 
 1190      00
 1191              	.LASF6:
 1192 026f 6C6F6E67 		.ascii	"long long int\000"
 1192      206C6F6E 
 1192      6720696E 
 1192      7400
 1193              	.LASF36:
 1194 027d 47656E65 		.ascii	"Generated_Source\\PSoC5\\SpeakerClockConverter.c\000"
 1194      72617465 
 1194      645F536F 
 1194      75726365 
 1194      5C50536F 
 1195              	.LASF13:
 1196 02ac 63686172 		.ascii	"char\000"
 1196      00
 1197              	.LASF28:
 1198 02b1 53706561 		.ascii	"SpeakerClockConverter_ReadCounter\000"
 1198      6B657243 
 1198      6C6F636B 
 1198      436F6E76 
 1198      65727465 
 1199              	.LASF2:
 1200 02d3 73686F72 		.ascii	"short int\000"
 1200      7420696E 
 1200      7400
 1201              	.LASF20:
 1202 02dd 53706561 		.ascii	"SpeakerClockConverter_ReadStatusRegister\000"
 1202      6B657243 
 1202      6C6F636B 
 1202      436F6E76 
 1202      65727465 
 1203              	.LASF19:
ARM GAS  C:\Users\dshen\AppData\Local\Temp\ccHPvX58.s 			page 32


 1204 0306 53706561 		.ascii	"SpeakerClockConverter_Stop\000"
 1204      6B657243 
 1204      6C6F636B 
 1204      436F6E76 
 1204      65727465 
 1205              	.LASF33:
 1206 0321 53706561 		.ascii	"SpeakerClockConverter_Start\000"
 1206      6B657243 
 1206      6C6F636B 
 1206      436F6E76 
 1206      65727465 
 1207              	.LASF21:
 1208 033d 53706561 		.ascii	"SpeakerClockConverter_ReadControlRegister\000"
 1208      6B657243 
 1208      6C6F636B 
 1208      436F6E76 
 1208      65727465 
 1209              	.LASF4:
 1210 0367 6C6F6E67 		.ascii	"long int\000"
 1210      20696E74 
 1210      00
 1211              	.LASF16:
 1212 0370 6C6F6E67 		.ascii	"long double\000"
 1212      20646F75 
 1212      626C6500 
 1213              	.LASF0:
 1214 037c 7369676E 		.ascii	"signed char\000"
 1214      65642063 
 1214      68617200 
 1215              	.LASF26:
 1216 0388 53706561 		.ascii	"SpeakerClockConverter_WriteCounter\000"
 1216      6B657243 
 1216      6C6F636B 
 1216      436F6E76 
 1216      65727465 
 1217              	.LASF23:
 1218 03ab 53706561 		.ascii	"SpeakerClockConverter_WriteControlRegister\000"
 1218      6B657243 
 1218      6C6F636B 
 1218      436F6E76 
 1218      65727465 
 1219              		.ident	"GCC: (GNU Tools for ARM Embedded Processors) 5.4.1 20160609 (release) [ARM/embedded-5-bran
