Loading plugins phase: Elapsed time ==> 0s.927ms
<CYPRESSTAG name="CyDsfit arguments...">
cydsfit arguments: -.fdsnotice -.fdswarpdepfile=warp_dependencies.txt -.fdselabdepfile=elab_dependencies.txt -.fdsbldfile=generated_files.txt -.fdsreffile=referenced_files.txt -p C:\Users\dshen\Documents\school\me135\symphonius\Symphonius\TimerInterrupt.cydsn\TimerInterrupt.cyprj -d CY8C5888LTI-LP097 -s C:\Users\dshen\Documents\school\me135\symphonius\Symphonius\TimerInterrupt.cydsn\Generated_Source\PSoC5 -- -yv2 -q10 -ygs -o2 -v3 -.fftcfgtype=LE
</CYPRESSTAG>
<CYPRESSTAG name="Design elaboration results...">
</CYPRESSTAG>
Elaboration phase: Elapsed time ==> 2s.863ms
<CYPRESSTAG name="HDL generation results...">
</CYPRESSTAG>
HDL generation phase: Elapsed time ==> 0s.094ms
<CYPRESSTAG name="Synthesis results...">

     | | | | | | |
   _________________
  -|               |-
  -|               |-
  -|               |-
  -|    CYPRESS    |-
  -|               |-
  -|               |-   Warp Verilog Synthesis Compiler: Version 6.3 IR 41
  -|               |-   Copyright (C) 1991-2001 Cypress Semiconductor
   |_______________|
     | | | | | | |

======================================================================
Compiling:  TimerInterrupt.v
Program  :   C:\Program Files (x86)\Cypress\PSoC Creator\4.3\PSoC Creator\warp\bin\warp.exe
Options  :    -yv2 -q10 -ygs -o2 -v3 -.fftcfgtype=LE -ya -.fftprj=C:\Users\dshen\Documents\school\me135\symphonius\Symphonius\TimerInterrupt.cydsn\TimerInterrupt.cyprj -dcpsoc3 TimerInterrupt.v -verilog
======================================================================

======================================================================
Compiling:  TimerInterrupt.v
Program  :   C:\Program Files (x86)\Cypress\PSoC Creator\4.3\PSoC Creator\warp\bin\warp.exe
Options  :    -yv2 -q10 -ygs -o2 -v3 -.fftcfgtype=LE -ya -.fftprj=C:\Users\dshen\Documents\school\me135\symphonius\Symphonius\TimerInterrupt.cydsn\TimerInterrupt.cyprj -dcpsoc3 TimerInterrupt.v -verilog
======================================================================

======================================================================
Compiling:  TimerInterrupt.v
Program  :   vlogfe
Options  :    -yv2 -q10 -ygs -o2 -v3 -.fftcfgtype=LE -ya -.fftprj=C:\Users\dshen\Documents\school\me135\symphonius\Symphonius\TimerInterrupt.cydsn\TimerInterrupt.cyprj -dcpsoc3 -verilog TimerInterrupt.v
======================================================================

vlogfe V6.3 IR 41:  Verilog parser
Mon May 04 16:15:12 2020


======================================================================
Compiling:  TimerInterrupt.v
Program  :   vpp
Options  :    -yv2 -q10 TimerInterrupt.v
======================================================================

vpp V6.3 IR 41:  Verilog Pre-Processor
Mon May 04 16:15:12 2020

Flattening file 'C:\Program Files (x86)\Cypress\PSoC Creator\4.3\PSoC Creator\psoc\content\CyPrimitives\cyprimitives.cylib\ZeroTerminal\ZeroTerminal.v'
Flattening file 'C:\Program Files (x86)\Cypress\PSoC Creator\4.3\PSoC Creator\psoc\content\CyPrimitives\cyprimitives.cylib\cy_virtualmux_v1_0\cy_virtualmux_v1_0.v'
Flattening file 'C:\Program Files (x86)\Cypress\PSoC Creator\4.3\PSoC Creator\psoc\content\CyPrimitives\cyprimitives.cylib\OneTerminal\OneTerminal.v'
Flattening file 'C:\Program Files (x86)\Cypress\PSoC Creator\4.3\PSoC Creator\psoc\content\CyComponentLibrary\CyComponentLibrary.cylib\B_PWM_v3_30\B_PWM_v3_30.v'
Flattening file 'C:\Program Files (x86)\Cypress\PSoC Creator\4.3\PSoC Creator\warp\lib\common\cypress.v'
Flattening file 'C:\Program Files (x86)\Cypress\PSoC Creator\4.3\PSoC Creator\warp\lib\common\cy_psoc3_inc.v'

vpp:  No errors.

Library 'work' => directory 'lcpsoc3'
General_symbol_table
General_symbol_table
Linking 'C:\Program Files (x86)\Cypress\PSoC Creator\4.3\PSoC Creator\warp\lib\common\std.vhd'.
Linking 'C:\Program Files (x86)\Cypress\PSoC Creator\4.3\PSoC Creator\warp\lib\common\cypress.vhd'.
Linking 'C:\Program Files (x86)\Cypress\PSoC Creator\4.3\PSoC Creator\warp\lib\common\work\cypress.vif'.
Linking 'C:\Program Files (x86)\Cypress\PSoC Creator\4.3\PSoC Creator\warp\lib\ieee\work\stdlogic.vif'.
Linking 'C:\Program Files (x86)\Cypress\PSoC Creator\4.3\PSoC Creator\warp\lib\common\stdlogic\lpmpkg.vif'.
Linking 'C:\Program Files (x86)\Cypress\PSoC Creator\4.3\PSoC Creator\warp\lib\common\stdlogic\rtlpkg.vif'.
Linking 'C:\Program Files (x86)\Cypress\PSoC Creator\4.3\PSoC Creator\warp\lib\common\stdlogic\mod_cnst.vif'.
Linking 'C:\Program Files (x86)\Cypress\PSoC Creator\4.3\PSoC Creator\warp\lib\common\stdlogic\mod_mthv.vif'.
Linking 'C:\Program Files (x86)\Cypress\PSoC Creator\4.3\PSoC Creator\warp\lib\common\stdlogic\mod_genv.vif'.
Using control file 'TimerInterrupt.ctl'.
C:\Program Files (x86)\Cypress\PSoC Creator\4.3\PSoC Creator\psoc\content\CyComponentLibrary\CyComponentLibrary.cylib\B_PWM_v3_30\B_PWM_v3_30.v (line 947, col 46):  Note: Substituting module 'sub_vi_vv' for '-'.
C:\Program Files (x86)\Cypress\PSoC Creator\4.3\PSoC Creator\psoc\content\CyComponentLibrary\CyComponentLibrary.cylib\B_PWM_v3_30\B_PWM_v3_30.v (line 977, col 46):  Note: Substituting module 'add_vi_vv' for '+'.
Linking 'C:\Program Files (x86)\Cypress\PSoC Creator\4.3\PSoC Creator\warp\lib\common\stdlogic\cy_psoc3pkg.vif'.
Linking 'C:\Program Files (x86)\Cypress\PSoC Creator\4.3\PSoC Creator\warp\lib\common\stdlogic\cy_psoc3.vif'.

vlogfe:  No errors.


======================================================================
Compiling:  TimerInterrupt.v
Program  :   tovif
Options  :    -yv2 -q10 -ygs -o2 -v3 -.fftcfgtype=LE -ya -.fftprj=C:\Users\dshen\Documents\school\me135\symphonius\Symphonius\TimerInterrupt.cydsn\TimerInterrupt.cyprj -dcpsoc3 -verilog TimerInterrupt.v
======================================================================

tovif V6.3 IR 41:  High-level synthesis
Mon May 04 16:15:12 2020

Linking 'C:\Program Files (x86)\Cypress\PSoC Creator\4.3\PSoC Creator\warp\lib\common\std.vhd'.
Linking 'C:\Program Files (x86)\Cypress\PSoC Creator\4.3\PSoC Creator\warp\lib\common\cypress.vhd'.
Linking 'C:\Program Files (x86)\Cypress\PSoC Creator\4.3\PSoC Creator\warp\lib\common\work\cypress.vif'.
Linking 'C:\Program Files (x86)\Cypress\PSoC Creator\4.3\PSoC Creator\warp\lib\ieee\work\stdlogic.vif'.
Linking 'C:\Program Files (x86)\Cypress\PSoC Creator\4.3\PSoC Creator\warp\lib\common\stdlogic\lpmpkg.vif'.
Linking 'C:\Program Files (x86)\Cypress\PSoC Creator\4.3\PSoC Creator\warp\lib\common\stdlogic\rtlpkg.vif'.
Linking 'C:\Program Files (x86)\Cypress\PSoC Creator\4.3\PSoC Creator\warp\lib\common\stdlogic\mod_cnst.vif'.
Linking 'C:\Program Files (x86)\Cypress\PSoC Creator\4.3\PSoC Creator\warp\lib\common\stdlogic\mod_mthv.vif'.
Linking 'C:\Program Files (x86)\Cypress\PSoC Creator\4.3\PSoC Creator\warp\lib\common\stdlogic\mod_genv.vif'.
Linking 'C:\Users\dshen\Documents\school\me135\symphonius\Symphonius\TimerInterrupt.cydsn\codegentemp\TimerInterrupt.ctl'.
Linking 'C:\Program Files (x86)\Cypress\PSoC Creator\4.3\PSoC Creator\psoc\content\CyPrimitives\cyprimitives.cylib\ZeroTerminal\ZeroTerminal.v'.
Linking 'C:\Users\dshen\Documents\school\me135\symphonius\Symphonius\TimerInterrupt.cydsn\codegentemp\TimerInterrupt.v'.
Linking 'C:\Program Files (x86)\Cypress\PSoC Creator\4.3\PSoC Creator\psoc\content\CyPrimitives\cyprimitives.cylib\cy_virtualmux_v1_0\cy_virtualmux_v1_0.v'.
Linking 'C:\Program Files (x86)\Cypress\PSoC Creator\4.3\PSoC Creator\psoc\content\CyPrimitives\cyprimitives.cylib\OneTerminal\OneTerminal.v'.
Linking 'C:\Program Files (x86)\Cypress\PSoC Creator\4.3\PSoC Creator\psoc\content\CyComponentLibrary\CyComponentLibrary.cylib\B_PWM_v3_30\B_PWM_v3_30.v'.
Linking 'C:\Program Files (x86)\Cypress\PSoC Creator\4.3\PSoC Creator\warp\lib\common\cypress.v'.
Linking 'C:\Program Files (x86)\Cypress\PSoC Creator\4.3\PSoC Creator\warp\lib\common\cy_psoc3_inc.v'.
Linking 'C:\Program Files (x86)\Cypress\PSoC Creator\4.3\PSoC Creator\warp\lib\common\stdlogic\cy_psoc3pkg.vif'.
Linking 'C:\Program Files (x86)\Cypress\PSoC Creator\4.3\PSoC Creator\warp\lib\common\stdlogic\cy_psoc3.vif'.
Linking 'C:\Program Files (x86)\Cypress\PSoC Creator\4.3\PSoC Creator\warp\lib\lcpsoc3\stdlogic\mod_cnst.vif'.

tovif:  No errors.


======================================================================
Compiling:  TimerInterrupt.v
Program  :   topld
Options  :    -yv2 -q10 -ygs -o2 -v3 -.fftcfgtype=LE -ya -.fftprj=C:\Users\dshen\Documents\school\me135\symphonius\Symphonius\TimerInterrupt.cydsn\TimerInterrupt.cyprj -dcpsoc3 -verilog TimerInterrupt.v
======================================================================

topld V6.3 IR 41:  Synthesis and optimization
Mon May 04 16:15:13 2020

Linking 'C:\Program Files (x86)\Cypress\PSoC Creator\4.3\PSoC Creator\warp\lib\common\std.vhd'.
Linking 'C:\Program Files (x86)\Cypress\PSoC Creator\4.3\PSoC Creator\warp\lib\common\cypress.vhd'.
Linking 'C:\Program Files (x86)\Cypress\PSoC Creator\4.3\PSoC Creator\warp\lib\common\work\cypress.vif'.
Linking 'C:\Program Files (x86)\Cypress\PSoC Creator\4.3\PSoC Creator\warp\lib\ieee\work\stdlogic.vif'.
Linking 'C:\Program Files (x86)\Cypress\PSoC Creator\4.3\PSoC Creator\warp\lib\common\stdlogic\lpmpkg.vif'.
Linking 'C:\Program Files (x86)\Cypress\PSoC Creator\4.3\PSoC Creator\warp\lib\common\stdlogic\rtlpkg.vif'.
Linking 'C:\Program Files (x86)\Cypress\PSoC Creator\4.3\PSoC Creator\warp\lib\common\stdlogic\mod_cnst.vif'.
Linking 'C:\Program Files (x86)\Cypress\PSoC Creator\4.3\PSoC Creator\warp\lib\common\stdlogic\mod_mthv.vif'.
Linking 'C:\Program Files (x86)\Cypress\PSoC Creator\4.3\PSoC Creator\warp\lib\common\stdlogic\mod_genv.vif'.
Linking 'C:\Users\dshen\Documents\school\me135\symphonius\Symphonius\TimerInterrupt.cydsn\codegentemp\TimerInterrupt.ctl'.
Linking 'C:\Program Files (x86)\Cypress\PSoC Creator\4.3\PSoC Creator\psoc\content\CyPrimitives\cyprimitives.cylib\ZeroTerminal\ZeroTerminal.v'.
Linking 'C:\Users\dshen\Documents\school\me135\symphonius\Symphonius\TimerInterrupt.cydsn\codegentemp\TimerInterrupt.v'.
Linking 'C:\Program Files (x86)\Cypress\PSoC Creator\4.3\PSoC Creator\psoc\content\CyPrimitives\cyprimitives.cylib\cy_virtualmux_v1_0\cy_virtualmux_v1_0.v'.
Linking 'C:\Program Files (x86)\Cypress\PSoC Creator\4.3\PSoC Creator\psoc\content\CyPrimitives\cyprimitives.cylib\OneTerminal\OneTerminal.v'.
Linking 'C:\Program Files (x86)\Cypress\PSoC Creator\4.3\PSoC Creator\psoc\content\CyComponentLibrary\CyComponentLibrary.cylib\B_PWM_v3_30\B_PWM_v3_30.v'.
Linking 'C:\Program Files (x86)\Cypress\PSoC Creator\4.3\PSoC Creator\warp\lib\common\cypress.v'.
Linking 'C:\Program Files (x86)\Cypress\PSoC Creator\4.3\PSoC Creator\warp\lib\common\cy_psoc3_inc.v'.
Linking 'C:\Program Files (x86)\Cypress\PSoC Creator\4.3\PSoC Creator\warp\lib\common\stdlogic\cy_psoc3pkg.vif'.
Linking 'C:\Program Files (x86)\Cypress\PSoC Creator\4.3\PSoC Creator\warp\lib\common\stdlogic\cy_psoc3.vif'.
Linking 'C:\Program Files (x86)\Cypress\PSoC Creator\4.3\PSoC Creator\warp\lib\lcpsoc3\stdlogic\mod_cnst.vif'.
Linking 'C:\Program Files (x86)\Cypress\PSoC Creator\4.3\PSoC Creator\warp\lib\lcpsoc3\stdlogic\cpsoc3.vif'.

----------------------------------------------------------
Detecting unused logic.
----------------------------------------------------------
    User names
	Net_7
	Net_32
	\LEDPWM:PWMUDB:km_run\
	\LEDPWM:PWMUDB:ctrl_cmpmode2_2\
	\LEDPWM:PWMUDB:ctrl_cmpmode2_1\
	\LEDPWM:PWMUDB:ctrl_cmpmode2_0\
	\LEDPWM:PWMUDB:ctrl_cmpmode1_2\
	\LEDPWM:PWMUDB:ctrl_cmpmode1_1\
	\LEDPWM:PWMUDB:ctrl_cmpmode1_0\
	\LEDPWM:PWMUDB:capt_rising\
	\LEDPWM:PWMUDB:capt_falling\
	\LEDPWM:PWMUDB:trig_rise\
	\LEDPWM:PWMUDB:trig_fall\
	\LEDPWM:PWMUDB:sc_kill\
	\LEDPWM:PWMUDB:min_kill\
	\LEDPWM:PWMUDB:km_tc\
	\LEDPWM:PWMUDB:db_tc\
	\LEDPWM:PWMUDB:dith_sel\
	\LEDPWM:Net_101\
	\LEDPWM:Net_96\
	Net_80
	\LEDPWM:PWMUDB:MODULE_1:b_31\
	\LEDPWM:PWMUDB:MODULE_1:b_30\
	\LEDPWM:PWMUDB:MODULE_1:b_29\
	\LEDPWM:PWMUDB:MODULE_1:b_28\
	\LEDPWM:PWMUDB:MODULE_1:b_27\
	\LEDPWM:PWMUDB:MODULE_1:b_26\
	\LEDPWM:PWMUDB:MODULE_1:b_25\
	\LEDPWM:PWMUDB:MODULE_1:b_24\
	\LEDPWM:PWMUDB:MODULE_1:b_23\
	\LEDPWM:PWMUDB:MODULE_1:b_22\
	\LEDPWM:PWMUDB:MODULE_1:b_21\
	\LEDPWM:PWMUDB:MODULE_1:b_20\
	\LEDPWM:PWMUDB:MODULE_1:b_19\
	\LEDPWM:PWMUDB:MODULE_1:b_18\
	\LEDPWM:PWMUDB:MODULE_1:b_17\
	\LEDPWM:PWMUDB:MODULE_1:b_16\
	\LEDPWM:PWMUDB:MODULE_1:b_15\
	\LEDPWM:PWMUDB:MODULE_1:b_14\
	\LEDPWM:PWMUDB:MODULE_1:b_13\
	\LEDPWM:PWMUDB:MODULE_1:b_12\
	\LEDPWM:PWMUDB:MODULE_1:b_11\
	\LEDPWM:PWMUDB:MODULE_1:b_10\
	\LEDPWM:PWMUDB:MODULE_1:b_9\
	\LEDPWM:PWMUDB:MODULE_1:b_8\
	\LEDPWM:PWMUDB:MODULE_1:b_7\
	\LEDPWM:PWMUDB:MODULE_1:b_6\
	\LEDPWM:PWMUDB:MODULE_1:b_5\
	\LEDPWM:PWMUDB:MODULE_1:b_4\
	\LEDPWM:PWMUDB:MODULE_1:b_3\
	\LEDPWM:PWMUDB:MODULE_1:b_2\
	\LEDPWM:PWMUDB:MODULE_1:b_1\
	\LEDPWM:PWMUDB:MODULE_1:b_0\
	\LEDPWM:PWMUDB:MODULE_1:g2:a0:a_31\
	\LEDPWM:PWMUDB:MODULE_1:g2:a0:a_30\
	\LEDPWM:PWMUDB:MODULE_1:g2:a0:a_29\
	\LEDPWM:PWMUDB:MODULE_1:g2:a0:a_28\
	\LEDPWM:PWMUDB:MODULE_1:g2:a0:a_27\
	\LEDPWM:PWMUDB:MODULE_1:g2:a0:a_26\
	\LEDPWM:PWMUDB:MODULE_1:g2:a0:a_25\
	\LEDPWM:PWMUDB:MODULE_1:g2:a0:a_24\
	\LEDPWM:PWMUDB:MODULE_1:g2:a0:b_31\
	\LEDPWM:PWMUDB:MODULE_1:g2:a0:b_30\
	\LEDPWM:PWMUDB:MODULE_1:g2:a0:b_29\
	\LEDPWM:PWMUDB:MODULE_1:g2:a0:b_28\
	\LEDPWM:PWMUDB:MODULE_1:g2:a0:b_27\
	\LEDPWM:PWMUDB:MODULE_1:g2:a0:b_26\
	\LEDPWM:PWMUDB:MODULE_1:g2:a0:b_25\
	\LEDPWM:PWMUDB:MODULE_1:g2:a0:b_24\
	\LEDPWM:PWMUDB:MODULE_1:g2:a0:b_23\
	\LEDPWM:PWMUDB:MODULE_1:g2:a0:b_22\
	\LEDPWM:PWMUDB:MODULE_1:g2:a0:b_21\
	\LEDPWM:PWMUDB:MODULE_1:g2:a0:b_20\
	\LEDPWM:PWMUDB:MODULE_1:g2:a0:b_19\
	\LEDPWM:PWMUDB:MODULE_1:g2:a0:b_18\
	\LEDPWM:PWMUDB:MODULE_1:g2:a0:b_17\
	\LEDPWM:PWMUDB:MODULE_1:g2:a0:b_16\
	\LEDPWM:PWMUDB:MODULE_1:g2:a0:b_15\
	\LEDPWM:PWMUDB:MODULE_1:g2:a0:b_14\
	\LEDPWM:PWMUDB:MODULE_1:g2:a0:b_13\
	\LEDPWM:PWMUDB:MODULE_1:g2:a0:b_12\
	\LEDPWM:PWMUDB:MODULE_1:g2:a0:b_11\
	\LEDPWM:PWMUDB:MODULE_1:g2:a0:b_10\
	\LEDPWM:PWMUDB:MODULE_1:g2:a0:b_9\
	\LEDPWM:PWMUDB:MODULE_1:g2:a0:b_8\
	\LEDPWM:PWMUDB:MODULE_1:g2:a0:b_7\
	\LEDPWM:PWMUDB:MODULE_1:g2:a0:b_6\
	\LEDPWM:PWMUDB:MODULE_1:g2:a0:b_5\
	\LEDPWM:PWMUDB:MODULE_1:g2:a0:b_4\
	\LEDPWM:PWMUDB:MODULE_1:g2:a0:b_3\
	\LEDPWM:PWMUDB:MODULE_1:g2:a0:b_2\
	\LEDPWM:PWMUDB:MODULE_1:g2:a0:b_1\
	\LEDPWM:PWMUDB:MODULE_1:g2:a0:b_0\
	\LEDPWM:PWMUDB:MODULE_1:g2:a0:s_31\
	\LEDPWM:PWMUDB:MODULE_1:g2:a0:s_30\
	\LEDPWM:PWMUDB:MODULE_1:g2:a0:s_29\
	\LEDPWM:PWMUDB:MODULE_1:g2:a0:s_28\
	\LEDPWM:PWMUDB:MODULE_1:g2:a0:s_27\
	\LEDPWM:PWMUDB:MODULE_1:g2:a0:s_26\
	\LEDPWM:PWMUDB:MODULE_1:g2:a0:s_25\
	\LEDPWM:PWMUDB:MODULE_1:g2:a0:s_24\
	\LEDPWM:PWMUDB:MODULE_1:g2:a0:s_23\
	\LEDPWM:PWMUDB:MODULE_1:g2:a0:s_22\
	\LEDPWM:PWMUDB:MODULE_1:g2:a0:s_21\
	\LEDPWM:PWMUDB:MODULE_1:g2:a0:s_20\
	\LEDPWM:PWMUDB:MODULE_1:g2:a0:s_19\
	\LEDPWM:PWMUDB:MODULE_1:g2:a0:s_18\
	\LEDPWM:PWMUDB:MODULE_1:g2:a0:s_17\
	\LEDPWM:PWMUDB:MODULE_1:g2:a0:s_16\
	\LEDPWM:PWMUDB:MODULE_1:g2:a0:s_15\
	\LEDPWM:PWMUDB:MODULE_1:g2:a0:s_14\
	\LEDPWM:PWMUDB:MODULE_1:g2:a0:s_13\
	\LEDPWM:PWMUDB:MODULE_1:g2:a0:s_12\
	\LEDPWM:PWMUDB:MODULE_1:g2:a0:s_11\
	\LEDPWM:PWMUDB:MODULE_1:g2:a0:s_10\
	\LEDPWM:PWMUDB:MODULE_1:g2:a0:s_9\
	\LEDPWM:PWMUDB:MODULE_1:g2:a0:s_8\
	\LEDPWM:PWMUDB:MODULE_1:g2:a0:s_7\
	\LEDPWM:PWMUDB:MODULE_1:g2:a0:s_6\
	\LEDPWM:PWMUDB:MODULE_1:g2:a0:s_5\
	\LEDPWM:PWMUDB:MODULE_1:g2:a0:s_4\
	\LEDPWM:PWMUDB:MODULE_1:g2:a0:s_3\
	\LEDPWM:PWMUDB:MODULE_1:g2:a0:s_2\
	\LEDPWM:PWMUDB:MODULE_1:g2:a0:g1:z1:s0:g1:u0:c_31\
	\LEDPWM:PWMUDB:MODULE_1:g2:a0:g1:z1:s0:g1:u0:c_30\
	\LEDPWM:PWMUDB:MODULE_1:g2:a0:g1:z1:s0:g1:u0:c_29\
	\LEDPWM:PWMUDB:MODULE_1:g2:a0:g1:z1:s0:g1:u0:c_28\
	\LEDPWM:PWMUDB:MODULE_1:g2:a0:g1:z1:s0:g1:u0:c_27\
	\LEDPWM:PWMUDB:MODULE_1:g2:a0:g1:z1:s0:g1:u0:c_26\
	\LEDPWM:PWMUDB:MODULE_1:g2:a0:g1:z1:s0:g1:u0:c_25\
	Net_87
	Net_81
	Net_78
	\LEDPWM:Net_113\
	\LEDPWM:Net_107\
	\LEDPWM:Net_114\

    Synthesized names
	\LEDPWM:PWMUDB:add_vi_vv_MODGEN_1_31\
	\LEDPWM:PWMUDB:add_vi_vv_MODGEN_1_30\
	\LEDPWM:PWMUDB:add_vi_vv_MODGEN_1_29\
	\LEDPWM:PWMUDB:add_vi_vv_MODGEN_1_28\
	\LEDPWM:PWMUDB:add_vi_vv_MODGEN_1_27\
	\LEDPWM:PWMUDB:add_vi_vv_MODGEN_1_26\
	\LEDPWM:PWMUDB:add_vi_vv_MODGEN_1_25\
	\LEDPWM:PWMUDB:add_vi_vv_MODGEN_1_24\
	\LEDPWM:PWMUDB:add_vi_vv_MODGEN_1_23\
	\LEDPWM:PWMUDB:add_vi_vv_MODGEN_1_22\
	\LEDPWM:PWMUDB:add_vi_vv_MODGEN_1_21\
	\LEDPWM:PWMUDB:add_vi_vv_MODGEN_1_20\
	\LEDPWM:PWMUDB:add_vi_vv_MODGEN_1_19\
	\LEDPWM:PWMUDB:add_vi_vv_MODGEN_1_18\
	\LEDPWM:PWMUDB:add_vi_vv_MODGEN_1_17\
	\LEDPWM:PWMUDB:add_vi_vv_MODGEN_1_16\
	\LEDPWM:PWMUDB:add_vi_vv_MODGEN_1_15\
	\LEDPWM:PWMUDB:add_vi_vv_MODGEN_1_14\
	\LEDPWM:PWMUDB:add_vi_vv_MODGEN_1_13\
	\LEDPWM:PWMUDB:add_vi_vv_MODGEN_1_12\
	\LEDPWM:PWMUDB:add_vi_vv_MODGEN_1_11\
	\LEDPWM:PWMUDB:add_vi_vv_MODGEN_1_10\
	\LEDPWM:PWMUDB:add_vi_vv_MODGEN_1_9\
	\LEDPWM:PWMUDB:add_vi_vv_MODGEN_1_8\
	\LEDPWM:PWMUDB:add_vi_vv_MODGEN_1_7\
	\LEDPWM:PWMUDB:add_vi_vv_MODGEN_1_6\
	\LEDPWM:PWMUDB:add_vi_vv_MODGEN_1_5\
	\LEDPWM:PWMUDB:add_vi_vv_MODGEN_1_4\
	\LEDPWM:PWMUDB:add_vi_vv_MODGEN_1_3\
	\LEDPWM:PWMUDB:add_vi_vv_MODGEN_1_2\

Deleted 136 User equations/components.
Deleted 30 Synthesized equations/components.

------------------------------------------------------
Alias Detection
------------------------------------------------------
Aliasing \Timer_1:Net_260\ to Net_12
Aliasing zero to Net_12
Aliasing tmpOE__LED_net_0 to \Timer_1:Net_102\
Aliasing one to \Timer_1:Net_102\
Aliasing \LEDDuration:Net_260\ to Net_12
Aliasing Net_26 to Net_12
Aliasing \LEDDuration:Net_102\ to \Timer_1:Net_102\
Aliasing \LEDPWM:PWMUDB:hwCapture\ to Net_12
Aliasing \LEDPWM:PWMUDB:trig_out\ to \Timer_1:Net_102\
Aliasing \LEDPWM:PWMUDB:runmode_enable\\R\ to Net_12
Aliasing \LEDPWM:PWMUDB:runmode_enable\\S\ to Net_12
Aliasing \LEDPWM:PWMUDB:ltch_kill_reg\\R\ to Net_12
Aliasing \LEDPWM:PWMUDB:ltch_kill_reg\\S\ to Net_12
Aliasing \LEDPWM:PWMUDB:min_kill_reg\\R\ to Net_12
Aliasing \LEDPWM:PWMUDB:min_kill_reg\\S\ to Net_12
Aliasing \LEDPWM:PWMUDB:final_kill\ to \Timer_1:Net_102\
Aliasing \LEDPWM:PWMUDB:dith_count_1\\R\ to Net_12
Aliasing \LEDPWM:PWMUDB:dith_count_1\\S\ to Net_12
Aliasing \LEDPWM:PWMUDB:dith_count_0\\R\ to Net_12
Aliasing \LEDPWM:PWMUDB:dith_count_0\\S\ to Net_12
Aliasing \LEDPWM:PWMUDB:reset\ to Net_12
Aliasing \LEDPWM:PWMUDB:status_6\ to Net_12
Aliasing \LEDPWM:PWMUDB:status_4\ to Net_12
Aliasing \LEDPWM:PWMUDB:cmp1_status_reg\\R\ to Net_12
Aliasing \LEDPWM:PWMUDB:cmp1_status_reg\\S\ to Net_12
Aliasing \LEDPWM:PWMUDB:cmp2_status_reg\\R\ to Net_12
Aliasing \LEDPWM:PWMUDB:cmp2_status_reg\\S\ to Net_12
Aliasing \LEDPWM:PWMUDB:final_kill_reg\\R\ to Net_12
Aliasing \LEDPWM:PWMUDB:final_kill_reg\\S\ to Net_12
Aliasing \LEDPWM:PWMUDB:cs_addr_0\ to Net_12
Aliasing \LEDPWM:PWMUDB:pwm_temp\ to Net_12
Aliasing \LEDPWM:PWMUDB:MODULE_1:g2:a0:a_23\ to Net_12
Aliasing \LEDPWM:PWMUDB:MODULE_1:g2:a0:a_22\ to Net_12
Aliasing \LEDPWM:PWMUDB:MODULE_1:g2:a0:a_21\ to Net_12
Aliasing \LEDPWM:PWMUDB:MODULE_1:g2:a0:a_20\ to Net_12
Aliasing \LEDPWM:PWMUDB:MODULE_1:g2:a0:a_19\ to Net_12
Aliasing \LEDPWM:PWMUDB:MODULE_1:g2:a0:a_18\ to Net_12
Aliasing \LEDPWM:PWMUDB:MODULE_1:g2:a0:a_17\ to Net_12
Aliasing \LEDPWM:PWMUDB:MODULE_1:g2:a0:a_16\ to Net_12
Aliasing \LEDPWM:PWMUDB:MODULE_1:g2:a0:a_15\ to Net_12
Aliasing \LEDPWM:PWMUDB:MODULE_1:g2:a0:a_14\ to Net_12
Aliasing \LEDPWM:PWMUDB:MODULE_1:g2:a0:a_13\ to Net_12
Aliasing \LEDPWM:PWMUDB:MODULE_1:g2:a0:a_12\ to Net_12
Aliasing \LEDPWM:PWMUDB:MODULE_1:g2:a0:a_11\ to Net_12
Aliasing \LEDPWM:PWMUDB:MODULE_1:g2:a0:a_10\ to Net_12
Aliasing \LEDPWM:PWMUDB:MODULE_1:g2:a0:a_9\ to Net_12
Aliasing \LEDPWM:PWMUDB:MODULE_1:g2:a0:a_8\ to Net_12
Aliasing \LEDPWM:PWMUDB:MODULE_1:g2:a0:a_7\ to Net_12
Aliasing \LEDPWM:PWMUDB:MODULE_1:g2:a0:a_6\ to Net_12
Aliasing \LEDPWM:PWMUDB:MODULE_1:g2:a0:a_5\ to Net_12
Aliasing \LEDPWM:PWMUDB:MODULE_1:g2:a0:a_4\ to Net_12
Aliasing \LEDPWM:PWMUDB:MODULE_1:g2:a0:a_3\ to Net_12
Aliasing \LEDPWM:PWMUDB:MODULE_1:g2:a0:a_2\ to Net_12
Aliasing \LEDPWM:PWMUDB:MODULE_1:g2:a0:g1:z1:s0:g1:u0:b_0\ to \Timer_1:Net_102\
Aliasing \LEDPWM:PWMUDB:min_kill_reg\\D\ to \Timer_1:Net_102\
Aliasing \LEDPWM:PWMUDB:prevCapture\\D\ to Net_12
Aliasing \LEDPWM:PWMUDB:trig_last\\D\ to Net_12
Aliasing \LEDPWM:PWMUDB:ltch_kill_reg\\D\ to \Timer_1:Net_102\
Aliasing \LEDPWM:PWMUDB:tc_i_reg\\D\ to \LEDPWM:PWMUDB:status_2\
Removing Lhs of wire \Timer_1:Net_260\[4] = Net_12[2]
Removing Rhs of wire \Timer_1:Net_266\[5] = \Timer_1:Net_102\[12]
Removing Lhs of wire zero[6] = Net_12[2]
Removing Rhs of wire Net_11[10] = \Timer_1:Net_57\[9]
Removing Rhs of wire Net_27[15] = \LEDDuration:Net_57\[31]
Removing Rhs of wire tmpOE__LED_net_0[17] = \Timer_1:Net_266\[5]
Removing Rhs of wire Net_109[18] = \LEDPWM:PWMUDB:pwm1_i_reg\[154]
Removing Lhs of wire one[22] = tmpOE__LED_net_0[17]
Removing Lhs of wire \LEDDuration:Net_260\[26] = Net_12[2]
Removing Lhs of wire \LEDDuration:Net_266\[27] = tmpOE__LED_net_0[17]
Removing Lhs of wire Net_26[28] = Net_12[2]
Removing Lhs of wire \LEDDuration:Net_102\[33] = tmpOE__LED_net_0[17]
Removing Lhs of wire \LEDPWM:PWMUDB:ctrl_enable\[48] = \LEDPWM:PWMUDB:control_7\[40]
Removing Lhs of wire \LEDPWM:PWMUDB:hwCapture\[58] = Net_12[2]
Removing Lhs of wire \LEDPWM:PWMUDB:hwEnable\[59] = \LEDPWM:PWMUDB:control_7\[40]
Removing Lhs of wire \LEDPWM:PWMUDB:trig_out\[63] = tmpOE__LED_net_0[17]
Removing Lhs of wire \LEDPWM:PWMUDB:runmode_enable\\R\[65] = Net_12[2]
Removing Lhs of wire \LEDPWM:PWMUDB:runmode_enable\\S\[66] = Net_12[2]
Removing Lhs of wire \LEDPWM:PWMUDB:final_enable\[67] = \LEDPWM:PWMUDB:runmode_enable\[64]
Removing Lhs of wire \LEDPWM:PWMUDB:ltch_kill_reg\\R\[71] = Net_12[2]
Removing Lhs of wire \LEDPWM:PWMUDB:ltch_kill_reg\\S\[72] = Net_12[2]
Removing Lhs of wire \LEDPWM:PWMUDB:min_kill_reg\\R\[73] = Net_12[2]
Removing Lhs of wire \LEDPWM:PWMUDB:min_kill_reg\\S\[74] = Net_12[2]
Removing Lhs of wire \LEDPWM:PWMUDB:final_kill\[77] = tmpOE__LED_net_0[17]
Removing Lhs of wire \LEDPWM:PWMUDB:add_vi_vv_MODGEN_1_1\[81] = \LEDPWM:PWMUDB:MODULE_1:g2:a0:s_1\[321]
Removing Lhs of wire \LEDPWM:PWMUDB:add_vi_vv_MODGEN_1_0\[83] = \LEDPWM:PWMUDB:MODULE_1:g2:a0:s_0\[322]
Removing Lhs of wire \LEDPWM:PWMUDB:dith_count_1\\R\[84] = Net_12[2]
Removing Lhs of wire \LEDPWM:PWMUDB:dith_count_1\\S\[85] = Net_12[2]
Removing Lhs of wire \LEDPWM:PWMUDB:dith_count_0\\R\[86] = Net_12[2]
Removing Lhs of wire \LEDPWM:PWMUDB:dith_count_0\\S\[87] = Net_12[2]
Removing Lhs of wire \LEDPWM:PWMUDB:reset\[90] = Net_12[2]
Removing Lhs of wire \LEDPWM:PWMUDB:status_6\[91] = Net_12[2]
Removing Rhs of wire \LEDPWM:PWMUDB:status_5\[92] = \LEDPWM:PWMUDB:final_kill_reg\[107]
Removing Lhs of wire \LEDPWM:PWMUDB:status_4\[93] = Net_12[2]
Removing Rhs of wire \LEDPWM:PWMUDB:status_3\[94] = \LEDPWM:PWMUDB:fifo_full\[114]
Removing Rhs of wire \LEDPWM:PWMUDB:status_1\[96] = \LEDPWM:PWMUDB:cmp2_status_reg\[106]
Removing Rhs of wire \LEDPWM:PWMUDB:status_0\[97] = \LEDPWM:PWMUDB:cmp1_status_reg\[105]
Removing Lhs of wire \LEDPWM:PWMUDB:cmp1_status_reg\\R\[108] = Net_12[2]
Removing Lhs of wire \LEDPWM:PWMUDB:cmp1_status_reg\\S\[109] = Net_12[2]
Removing Lhs of wire \LEDPWM:PWMUDB:cmp2_status_reg\\R\[110] = Net_12[2]
Removing Lhs of wire \LEDPWM:PWMUDB:cmp2_status_reg\\S\[111] = Net_12[2]
Removing Lhs of wire \LEDPWM:PWMUDB:final_kill_reg\\R\[112] = Net_12[2]
Removing Lhs of wire \LEDPWM:PWMUDB:final_kill_reg\\S\[113] = Net_12[2]
Removing Lhs of wire \LEDPWM:PWMUDB:cs_addr_2\[115] = \LEDPWM:PWMUDB:tc_i\[69]
Removing Lhs of wire \LEDPWM:PWMUDB:cs_addr_1\[116] = \LEDPWM:PWMUDB:runmode_enable\[64]
Removing Lhs of wire \LEDPWM:PWMUDB:cs_addr_0\[117] = Net_12[2]
Removing Lhs of wire \LEDPWM:PWMUDB:compare1\[150] = \LEDPWM:PWMUDB:cmp1_less\[121]
Removing Lhs of wire \LEDPWM:PWMUDB:compare2\[151] = \LEDPWM:PWMUDB:cmp2_less\[124]
Removing Lhs of wire \LEDPWM:PWMUDB:pwm_temp\[162] = Net_12[2]
Removing Lhs of wire \LEDPWM:PWMUDB:MODULE_1:g2:a0:a_23\[203] = Net_12[2]
Removing Lhs of wire \LEDPWM:PWMUDB:MODULE_1:g2:a0:a_22\[204] = Net_12[2]
Removing Lhs of wire \LEDPWM:PWMUDB:MODULE_1:g2:a0:a_21\[205] = Net_12[2]
Removing Lhs of wire \LEDPWM:PWMUDB:MODULE_1:g2:a0:a_20\[206] = Net_12[2]
Removing Lhs of wire \LEDPWM:PWMUDB:MODULE_1:g2:a0:a_19\[207] = Net_12[2]
Removing Lhs of wire \LEDPWM:PWMUDB:MODULE_1:g2:a0:a_18\[208] = Net_12[2]
Removing Lhs of wire \LEDPWM:PWMUDB:MODULE_1:g2:a0:a_17\[209] = Net_12[2]
Removing Lhs of wire \LEDPWM:PWMUDB:MODULE_1:g2:a0:a_16\[210] = Net_12[2]
Removing Lhs of wire \LEDPWM:PWMUDB:MODULE_1:g2:a0:a_15\[211] = Net_12[2]
Removing Lhs of wire \LEDPWM:PWMUDB:MODULE_1:g2:a0:a_14\[212] = Net_12[2]
Removing Lhs of wire \LEDPWM:PWMUDB:MODULE_1:g2:a0:a_13\[213] = Net_12[2]
Removing Lhs of wire \LEDPWM:PWMUDB:MODULE_1:g2:a0:a_12\[214] = Net_12[2]
Removing Lhs of wire \LEDPWM:PWMUDB:MODULE_1:g2:a0:a_11\[215] = Net_12[2]
Removing Lhs of wire \LEDPWM:PWMUDB:MODULE_1:g2:a0:a_10\[216] = Net_12[2]
Removing Lhs of wire \LEDPWM:PWMUDB:MODULE_1:g2:a0:a_9\[217] = Net_12[2]
Removing Lhs of wire \LEDPWM:PWMUDB:MODULE_1:g2:a0:a_8\[218] = Net_12[2]
Removing Lhs of wire \LEDPWM:PWMUDB:MODULE_1:g2:a0:a_7\[219] = Net_12[2]
Removing Lhs of wire \LEDPWM:PWMUDB:MODULE_1:g2:a0:a_6\[220] = Net_12[2]
Removing Lhs of wire \LEDPWM:PWMUDB:MODULE_1:g2:a0:a_5\[221] = Net_12[2]
Removing Lhs of wire \LEDPWM:PWMUDB:MODULE_1:g2:a0:a_4\[222] = Net_12[2]
Removing Lhs of wire \LEDPWM:PWMUDB:MODULE_1:g2:a0:a_3\[223] = Net_12[2]
Removing Lhs of wire \LEDPWM:PWMUDB:MODULE_1:g2:a0:a_2\[224] = Net_12[2]
Removing Lhs of wire \LEDPWM:PWMUDB:MODULE_1:g2:a0:a_1\[225] = \LEDPWM:PWMUDB:MODIN1_1\[226]
Removing Lhs of wire \LEDPWM:PWMUDB:MODIN1_1\[226] = \LEDPWM:PWMUDB:dith_count_1\[80]
Removing Lhs of wire \LEDPWM:PWMUDB:MODULE_1:g2:a0:a_0\[227] = \LEDPWM:PWMUDB:MODIN1_0\[228]
Removing Lhs of wire \LEDPWM:PWMUDB:MODIN1_0\[228] = \LEDPWM:PWMUDB:dith_count_0\[82]
Removing Lhs of wire \LEDPWM:PWMUDB:MODULE_1:g2:a0:g1:z1:s0:g1:u0:c_0\[360] = tmpOE__LED_net_0[17]
Removing Lhs of wire \LEDPWM:PWMUDB:MODULE_1:g2:a0:g1:z1:s0:g1:u0:b_0\[361] = tmpOE__LED_net_0[17]
Removing Lhs of wire \LEDPWM:PWMUDB:min_kill_reg\\D\[370] = tmpOE__LED_net_0[17]
Removing Lhs of wire \LEDPWM:PWMUDB:prevCapture\\D\[371] = Net_12[2]
Removing Lhs of wire \LEDPWM:PWMUDB:trig_last\\D\[372] = Net_12[2]
Removing Lhs of wire \LEDPWM:PWMUDB:ltch_kill_reg\\D\[375] = tmpOE__LED_net_0[17]
Removing Lhs of wire \LEDPWM:PWMUDB:prevCompare1\\D\[378] = \LEDPWM:PWMUDB:cmp1\[100]
Removing Lhs of wire \LEDPWM:PWMUDB:prevCompare2\\D\[379] = \LEDPWM:PWMUDB:cmp2\[103]
Removing Lhs of wire \LEDPWM:PWMUDB:cmp1_status_reg\\D\[380] = \LEDPWM:PWMUDB:cmp1_status\[101]
Removing Lhs of wire \LEDPWM:PWMUDB:cmp2_status_reg\\D\[381] = \LEDPWM:PWMUDB:cmp2_status\[104]
Removing Lhs of wire \LEDPWM:PWMUDB:pwm_i_reg\\D\[383] = \LEDPWM:PWMUDB:pwm_i\[153]
Removing Lhs of wire \LEDPWM:PWMUDB:pwm1_i_reg\\D\[384] = \LEDPWM:PWMUDB:pwm1_i\[155]
Removing Lhs of wire \LEDPWM:PWMUDB:pwm2_i_reg\\D\[385] = \LEDPWM:PWMUDB:pwm2_i\[157]
Removing Lhs of wire \LEDPWM:PWMUDB:tc_i_reg\\D\[386] = \LEDPWM:PWMUDB:status_2\[95]

------------------------------------------------------
Aliased 0 equations, 89 wires.
------------------------------------------------------

----------------------------------------------------------
Circuit simplification
----------------------------------------------------------

Substituting virtuals - pass 1:

Note:  Expanding virtual equation for 'Net_12' (cost = 0):
Net_12 <=  ('0') ;

Note:  Expanding virtual equation for 'tmpOE__LED_net_0' (cost = 0):
tmpOE__LED_net_0 <=  ('1') ;

Note:  Expanding virtual equation for '\LEDPWM:PWMUDB:cmp1\' (cost = 0):
\LEDPWM:PWMUDB:cmp1\ <= (\LEDPWM:PWMUDB:cmp1_less\);

Note:  Expanding virtual equation for '\LEDPWM:PWMUDB:cmp2\' (cost = 0):
\LEDPWM:PWMUDB:cmp2\ <= (\LEDPWM:PWMUDB:cmp2_less\);

Note:  Expanding virtual equation for '\LEDPWM:PWMUDB:MODULE_1:g2:a0:g1:z1:s0:g1:u0:c_1\' (cost = 0):
\LEDPWM:PWMUDB:MODULE_1:g2:a0:g1:z1:s0:g1:u0:c_1\ <= (\LEDPWM:PWMUDB:dith_count_0\);

Note:  Expanding virtual equation for '\LEDPWM:PWMUDB:MODULE_1:g2:a0:s_0\' (cost = 0):
\LEDPWM:PWMUDB:MODULE_1:g2:a0:s_0\ <= (not \LEDPWM:PWMUDB:dith_count_0\);

Note:  Expanding virtual equation for '\LEDPWM:PWMUDB:MODULE_1:g2:a0:g1:z1:s0:g1:u0:c_17\' (cost = 0):
\LEDPWM:PWMUDB:MODULE_1:g2:a0:g1:z1:s0:g1:u0:c_17\ <=  ('0') ;

Note:  Expanding virtual equation for '\LEDPWM:PWMUDB:MODULE_1:g2:a0:g1:z1:s0:g1:u0:c_9\' (cost = 0):
\LEDPWM:PWMUDB:MODULE_1:g2:a0:g1:z1:s0:g1:u0:c_9\ <=  ('0') ;

Note:  Expanding virtual equation for '\LEDPWM:PWMUDB:MODULE_1:g2:a0:g1:z1:s0:g1:u0:c_2\' (cost = 0):
\LEDPWM:PWMUDB:MODULE_1:g2:a0:g1:z1:s0:g1:u0:c_2\ <= ((\LEDPWM:PWMUDB:dith_count_1\ and \LEDPWM:PWMUDB:dith_count_0\));


Substituting virtuals - pass 2:

Note:  Expanding virtual equation for '\LEDPWM:PWMUDB:MODULE_1:g2:a0:s_1\' (cost = 2):
\LEDPWM:PWMUDB:MODULE_1:g2:a0:s_1\ <= ((not \LEDPWM:PWMUDB:dith_count_0\ and \LEDPWM:PWMUDB:dith_count_1\)
	OR (not \LEDPWM:PWMUDB:dith_count_1\ and \LEDPWM:PWMUDB:dith_count_0\));

Note:  Expanding virtual equation for '\LEDPWM:PWMUDB:MODULE_1:g2:a0:g1:z1:s0:g1:u0:c_18\' (cost = 0):
\LEDPWM:PWMUDB:MODULE_1:g2:a0:g1:z1:s0:g1:u0:c_18\ <=  ('0') ;

Note:  Expanding virtual equation for '\LEDPWM:PWMUDB:MODULE_1:g2:a0:g1:z1:s0:g1:u0:c_10\' (cost = 0):
\LEDPWM:PWMUDB:MODULE_1:g2:a0:g1:z1:s0:g1:u0:c_10\ <=  ('0') ;

Note:  Expanding virtual equation for '\LEDPWM:PWMUDB:MODULE_1:g2:a0:g1:z1:s0:g1:u0:c_3\' (cost = 0):
\LEDPWM:PWMUDB:MODULE_1:g2:a0:g1:z1:s0:g1:u0:c_3\ <=  ('0') ;


Substituting virtuals - pass 3:

Note:  Expanding virtual equation for '\LEDPWM:PWMUDB:MODULE_1:g2:a0:g1:z1:s0:g1:u0:c_19\' (cost = 0):
\LEDPWM:PWMUDB:MODULE_1:g2:a0:g1:z1:s0:g1:u0:c_19\ <=  ('0') ;

Note:  Expanding virtual equation for '\LEDPWM:PWMUDB:MODULE_1:g2:a0:g1:z1:s0:g1:u0:c_11\' (cost = 0):
\LEDPWM:PWMUDB:MODULE_1:g2:a0:g1:z1:s0:g1:u0:c_11\ <=  ('0') ;

Note:  Expanding virtual equation for '\LEDPWM:PWMUDB:MODULE_1:g2:a0:g1:z1:s0:g1:u0:c_4\' (cost = 0):
\LEDPWM:PWMUDB:MODULE_1:g2:a0:g1:z1:s0:g1:u0:c_4\ <=  ('0') ;


Substituting virtuals - pass 4:

Note:  Expanding virtual equation for '\LEDPWM:PWMUDB:MODULE_1:g2:a0:g1:z1:s0:g1:u0:c_20\' (cost = 0):
\LEDPWM:PWMUDB:MODULE_1:g2:a0:g1:z1:s0:g1:u0:c_20\ <=  ('0') ;

Note:  Expanding virtual equation for '\LEDPWM:PWMUDB:MODULE_1:g2:a0:g1:z1:s0:g1:u0:c_12\' (cost = 0):
\LEDPWM:PWMUDB:MODULE_1:g2:a0:g1:z1:s0:g1:u0:c_12\ <=  ('0') ;

Note:  Expanding virtual equation for '\LEDPWM:PWMUDB:MODULE_1:g2:a0:g1:z1:s0:g1:u0:c_5\' (cost = 0):
\LEDPWM:PWMUDB:MODULE_1:g2:a0:g1:z1:s0:g1:u0:c_5\ <=  ('0') ;


Substituting virtuals - pass 5:

Note:  Expanding virtual equation for '\LEDPWM:PWMUDB:MODULE_1:g2:a0:g1:z1:s0:g1:u0:c_21\' (cost = 0):
\LEDPWM:PWMUDB:MODULE_1:g2:a0:g1:z1:s0:g1:u0:c_21\ <=  ('0') ;

Note:  Expanding virtual equation for '\LEDPWM:PWMUDB:MODULE_1:g2:a0:g1:z1:s0:g1:u0:c_13\' (cost = 0):
\LEDPWM:PWMUDB:MODULE_1:g2:a0:g1:z1:s0:g1:u0:c_13\ <=  ('0') ;

Note:  Expanding virtual equation for '\LEDPWM:PWMUDB:MODULE_1:g2:a0:g1:z1:s0:g1:u0:c_6\' (cost = 0):
\LEDPWM:PWMUDB:MODULE_1:g2:a0:g1:z1:s0:g1:u0:c_6\ <=  ('0') ;


Substituting virtuals - pass 6:

Note:  Expanding virtual equation for '\LEDPWM:PWMUDB:MODULE_1:g2:a0:g1:z1:s0:g1:u0:c_22\' (cost = 0):
\LEDPWM:PWMUDB:MODULE_1:g2:a0:g1:z1:s0:g1:u0:c_22\ <=  ('0') ;

Note:  Expanding virtual equation for '\LEDPWM:PWMUDB:MODULE_1:g2:a0:g1:z1:s0:g1:u0:c_14\' (cost = 0):
\LEDPWM:PWMUDB:MODULE_1:g2:a0:g1:z1:s0:g1:u0:c_14\ <=  ('0') ;

Note:  Expanding virtual equation for '\LEDPWM:PWMUDB:MODULE_1:g2:a0:g1:z1:s0:g1:u0:c_7\' (cost = 0):
\LEDPWM:PWMUDB:MODULE_1:g2:a0:g1:z1:s0:g1:u0:c_7\ <=  ('0') ;


Substituting virtuals - pass 7:

Note:  Expanding virtual equation for '\LEDPWM:PWMUDB:MODULE_1:g2:a0:g1:z1:s0:g1:u0:c_23\' (cost = 0):
\LEDPWM:PWMUDB:MODULE_1:g2:a0:g1:z1:s0:g1:u0:c_23\ <=  ('0') ;

Note:  Expanding virtual equation for '\LEDPWM:PWMUDB:MODULE_1:g2:a0:g1:z1:s0:g1:u0:c_15\' (cost = 0):
\LEDPWM:PWMUDB:MODULE_1:g2:a0:g1:z1:s0:g1:u0:c_15\ <=  ('0') ;


Substituting virtuals - pass 8:


----------------------------------------------------------
Circuit simplification results:

	Expanded 27 signals.
	Turned 0 signals into soft nodes.
	Maximum default expansion cost was set at 3.
----------------------------------------------------------

------------------------------------------------------
Alias Detection
------------------------------------------------------
Aliasing \LEDPWM:PWMUDB:final_capture\ to Net_12
Aliasing \LEDPWM:PWMUDB:pwm_i\ to Net_12
Aliasing \LEDPWM:PWMUDB:MODULE_1:g2:a0:g1:z1:s0:g1:u0:b_24\ to Net_12
Aliasing \LEDPWM:PWMUDB:MODULE_1:g2:a0:g1:z1:s0:g1:u0:b_16\ to Net_12
Aliasing \LEDPWM:PWMUDB:MODULE_1:g2:a0:g1:z1:s0:g1:u0:b_8\ to Net_12
Aliasing \LEDPWM:PWMUDB:final_kill_reg\\D\ to Net_12
Removing Lhs of wire \LEDPWM:PWMUDB:final_capture\[119] = Net_12[2]
Removing Lhs of wire \LEDPWM:PWMUDB:pwm_i\[153] = Net_12[2]
Removing Lhs of wire \LEDPWM:PWMUDB:MODULE_1:g2:a0:g1:z1:s0:g1:u0:b_24\[331] = Net_12[2]
Removing Lhs of wire \LEDPWM:PWMUDB:MODULE_1:g2:a0:g1:z1:s0:g1:u0:b_16\[341] = Net_12[2]
Removing Lhs of wire \LEDPWM:PWMUDB:MODULE_1:g2:a0:g1:z1:s0:g1:u0:b_8\[351] = Net_12[2]
Removing Lhs of wire \LEDPWM:PWMUDB:runmode_enable\\D\[373] = \LEDPWM:PWMUDB:control_7\[40]
Removing Lhs of wire \LEDPWM:PWMUDB:final_kill_reg\\D\[382] = Net_12[2]

------------------------------------------------------
Aliased 0 equations, 7 wires.
------------------------------------------------------

----------------------------------------------------------
Circuit simplification
----------------------------------------------------------

Eliminating unused logic - pass 1:


Eliminating unused logic - pass 2:


Substituting virtuals - pass 1:


----------------------------------------------------------
Circuit simplification results:

	Expanded 0 signals.
	Turned 0 signals into soft nodes.
	Maximum default expansion cost was set at 3.
----------------------------------------------------------

topld:  No errors.

CYPRESS_DIR    : C:\Program Files (x86)\Cypress\PSoC Creator\4.3\PSoC Creator\warp
Warp Program   : C:\Program Files (x86)\Cypress\PSoC Creator\4.3\PSoC Creator\warp\bin\warp.exe
Warp Arguments : -yv2 -q10 -ygs -o2 -v3 -.fftcfgtype=LE -ya -.fftprj=C:\Users\dshen\Documents\school\me135\symphonius\Symphonius\TimerInterrupt.cydsn\TimerInterrupt.cyprj -dcpsoc3 TimerInterrupt.v -verilog
</CYPRESSTAG>
Warp synthesis phase: Elapsed time ==> 0s.884ms
<CYPRESSTAG name="Fitter results...">
<CYPRESSTAG name="Fitter startup details...">
cyp3fit: V4.3.0.1445, Family: PSoC3, Started at: Monday, 04 May 2020 16:15:13
Options: -yv2 -q10 -ygs -o2 -v3 -.fftcfgtype=LE -ya -.fftprj=C:\Users\dshen\Documents\school\me135\symphonius\Symphonius\TimerInterrupt.cydsn\TimerInterrupt.cyprj -d CY8C5888LTI-LP097 TimerInterrupt.v -verilog
</CYPRESSTAG>
<CYPRESSTAG name="Design parsing">
Design parsing phase: Elapsed time ==> 0s.006ms
</CYPRESSTAG>
<CYPRESSTAG name="Tech Mapping">
<CYPRESSTAG name="Initial Mapping" icon="FILE_RPT_TECHM">
    Removed wire end \LEDPWM:PWMUDB:MODULE_1:g2:a0:g1:z1:s0:g1:u0:c_24\ kept Net_12
    Removed wire end \LEDPWM:PWMUDB:MODULE_1:g2:a0:g1:z1:s0:g1:u0:c_16\ kept Net_12
    Removed wire end \LEDPWM:PWMUDB:MODULE_1:g2:a0:g1:z1:s0:g1:u0:c_8\ kept Net_12
    Converted constant MacroCell: \LEDPWM:PWMUDB:prevCapture\ from registered to combinatorial
    Converted constant MacroCell: \LEDPWM:PWMUDB:trig_last\ from registered to combinatorial
    Converted constant MacroCell: \LEDPWM:PWMUDB:status_5\ from registered to combinatorial
    Converted constant MacroCell: \LEDPWM:PWMUDB:pwm_i_reg\ from registered to combinatorial
<CYPRESSTAG name="Global Clock Selection" icon="FILE_RPT_TECHM">
    Digital Clock 0: Automatic-assigning  clock 'Clock_1'. Fanout=1, Signal=Net_77
    Digital Clock 1: Automatic-assigning  clock 'Clock_2'. Fanout=1, Signal=Net_33
    Digital Clock 2: Automatic-assigning  clock 'timer_clock'. Fanout=1, Signal=Net_10
</CYPRESSTAG>

Removing unused cells resulting from optimization
Done removing unused cells.
<CYPRESSTAG name="UDB Clock/Enable Remapping Results">
    UDB Clk/Enable \LEDPWM:PWMUDB:clock_enable_block\: with output requested to be synchronous
        ClockIn: Clock_1 was determined to be a global clock that is synchronous to BUS_CLK
        EnableIn: Constant 1 was determined to be synchronous to ClockIn
        ClockOut: Clock_1, EnableOut: Constant 1
</CYPRESSTAG>

Removing unused cells resulting from optimization
Done removing unused cells.
<CYPRESSTAG name="Duplicate Macrocell detection">
</CYPRESSTAG>
</CYPRESSTAG>
<CYPRESSTAG name="Duplicate Macrocell detection">

Removing unused cells resulting from optimization
Done removing unused cells.
</CYPRESSTAG>
<CYPRESSTAG name="Design Equations" icon="FILE_RPT_EQUATION">

------------------------------------------------------------
Design Equations
------------------------------------------------------------
    <CYPRESSTAG name="Pin listing">

    ------------------------------------------------------------
    Pin listing
    ------------------------------------------------------------

    Pin : Name = LED(0)
        Attributes:
            In Group/Port: True
            In Sync Option: AUTO
            Out Sync Option: NOSYNC
            Interrupt generated: False
            Interrupt mode: NONE
            Drive mode: CMOS_OUT
            VTrip: EITHER
            Slew: FAST
            Input Sync needed: False
            Output Sync needed: False
            SC shield enabled: False
            POR State: ANY
            LCD Mode: COMMON
            Register Mode: RegComb
            CaSense Mode: NEITHER
            Treat as pin: True
            Is OE Registered: False
            Uses Analog: False
            Can contain Digital: True
            Is SIO: False
            SIO Output Buf: NONREGULATED
            SIO Input Buf: SINGLE_ENDED
            SIO HiFreq: LOW
            SIO Hyst: DISABLED
            SIO Vtrip: MULTIPLIER_0_5
            SIO Multiplier Index: 0
            SIO RefSel: VCC_IO
            Required Capabilities: DIGITAL, ROUTABLE
            Initial Value: 0
            IO Voltage: 0
        PORT MAP (
            pa_out => LED(0)__PA ,
            pin_input => Net_109 ,
            pad => LED(0)_PAD );
        Properties:
        {
        }
    </CYPRESSTAG>
    <CYPRESSTAG name="Macrocell listing" icon="FILE_RPT_EQUATION">

    ------------------------------------------------------------
    Macrocell listing
    ------------------------------------------------------------

    MacroCell: Name=\LEDPWM:PWMUDB:status_2\, Mode=(Combinatorial)
        Total # of inputs        : 2
        Total # of product terms : 1
            Clock Enable: True
        Main Equation            : 1 pterm
        (
              \LEDPWM:PWMUDB:runmode_enable\ * \LEDPWM:PWMUDB:tc_i\
        );
        Output = \LEDPWM:PWMUDB:status_2\ (fanout=1)

    MacroCell: Name=__ONE__, Mode=(Combinatorial)
        Total # of inputs        : 0
        Total # of product terms : 0
            Clock Enable: True
        Main Equation            : 0 pterms
        !(
            0
        );
        Output = __ONE__ (fanout=2)

    MacroCell: Name=\LEDPWM:PWMUDB:runmode_enable\, Mode=(D-Register)
        Total # of inputs        : 1
        Total # of product terms : 1
        List of special equations: 
            Clock  = (Net_77) => Global
            Clock Enable: True
        Main Equation            : 1 pterm
        (
              \LEDPWM:PWMUDB:control_7\
        );
        Output = \LEDPWM:PWMUDB:runmode_enable\ (fanout=3)

    MacroCell: Name=\LEDPWM:PWMUDB:prevCompare1\, Mode=(D-Register)
        Total # of inputs        : 1
        Total # of product terms : 1
        List of special equations: 
            Clock  = (Net_77) => Global
            Clock Enable: True
        Main Equation            : 1 pterm
        (
              \LEDPWM:PWMUDB:cmp1_less\
        );
        Output = \LEDPWM:PWMUDB:prevCompare1\ (fanout=1)

    MacroCell: Name=\LEDPWM:PWMUDB:prevCompare2\, Mode=(D-Register)
        Total # of inputs        : 1
        Total # of product terms : 1
        List of special equations: 
            Clock  = (Net_77) => Global
            Clock Enable: True
        Main Equation            : 1 pterm
        (
              \LEDPWM:PWMUDB:cmp2_less\
        );
        Output = \LEDPWM:PWMUDB:prevCompare2\ (fanout=1)

    MacroCell: Name=\LEDPWM:PWMUDB:status_0\, Mode=(D-Register)
        Total # of inputs        : 2
        Total # of product terms : 1
        List of special equations: 
            Clock  = (Net_77) => Global
            Clock Enable: True
        Main Equation            : 1 pterm
        (
              !\LEDPWM:PWMUDB:prevCompare1\ * \LEDPWM:PWMUDB:cmp1_less\
        );
        Output = \LEDPWM:PWMUDB:status_0\ (fanout=1)

    MacroCell: Name=\LEDPWM:PWMUDB:status_1\, Mode=(D-Register)
        Total # of inputs        : 2
        Total # of product terms : 1
        List of special equations: 
            Clock  = (Net_77) => Global
            Clock Enable: True
        Main Equation            : 1 pterm
        (
              !\LEDPWM:PWMUDB:prevCompare2\ * \LEDPWM:PWMUDB:cmp2_less\
        );
        Output = \LEDPWM:PWMUDB:status_1\ (fanout=1)

    MacroCell: Name=Net_109, Mode=(D-Register)
        Total # of inputs        : 2
        Total # of product terms : 1
        List of special equations: 
            Clock  = (Net_77) => Global
            Clock Enable: True
        Main Equation            : 1 pterm
        (
              \LEDPWM:PWMUDB:runmode_enable\ * \LEDPWM:PWMUDB:cmp1_less\
        );
        Output = Net_109 (fanout=1)
    </CYPRESSTAG>
    <CYPRESSTAG name="Datapath listing">

    ------------------------------------------------------------
    Datapath listing
    ------------------------------------------------------------

    datapathcell: Name =\LEDPWM:PWMUDB:sP8:pwmdp:u0\
        PORT MAP (
            clock => Net_77 ,
            cs_addr_2 => \LEDPWM:PWMUDB:tc_i\ ,
            cs_addr_1 => \LEDPWM:PWMUDB:runmode_enable\ ,
            cl0_comb => \LEDPWM:PWMUDB:cmp1_less\ ,
            z0_comb => \LEDPWM:PWMUDB:tc_i\ ,
            cl1_comb => \LEDPWM:PWMUDB:cmp2_less\ ,
            f1_blk_stat_comb => \LEDPWM:PWMUDB:status_3\ );
        Properties:
        {
            a0_init = "00000000"
            a1_init = "00000000"
            ce0_sync = 1
            ce1_sync = 1
            cl0_sync = 1
            cl1_sync = 1
            cmsb_sync = 1
            co_msb_sync = 1
            cy_dpconfig = "0000000001000000000000001100000001000000010000000000000011000000000000001100000000000000110000000000000011000000000000001100000011111111000000001111111111111111101000000000000000000100000000000000000000011000"
            d0_init = "00000000"
            d1_init = "00000000"
            f0_blk_sync = 1
            f0_bus_sync = 1
            f1_blk_sync = 1
            f1_bus_sync = 1
            ff0_sync = 1
            ff1_sync = 1
            ov_msb_sync = 1
            so_sync = 1
            z0_sync = 1
            z1_sync = 1
        }
        Clock Polarity: Active High
        Clock Enable: True
    </CYPRESSTAG>
    <CYPRESSTAG name="Status register listing">
    </CYPRESSTAG>
    <CYPRESSTAG name="StatusI register listing">

    ------------------------------------------------------------
    StatusI register listing
    ------------------------------------------------------------

    statusicell: Name =\LEDPWM:PWMUDB:genblk8:stsreg\
        PORT MAP (
            clock => Net_77 ,
            status_3 => \LEDPWM:PWMUDB:status_3\ ,
            status_2 => \LEDPWM:PWMUDB:status_2\ ,
            status_1 => \LEDPWM:PWMUDB:status_1\ ,
            status_0 => \LEDPWM:PWMUDB:status_0\ );
        Properties:
        {
            cy_force_order = 1
            cy_int_mask = "1111111"
            cy_md_select = "0100111"
        }
        Clock Polarity: Active High
        Clock Enable: True
    </CYPRESSTAG>
    <CYPRESSTAG name="Sync listing">
    </CYPRESSTAG>
    <CYPRESSTAG name="Control register listing">

    ------------------------------------------------------------
    Control register listing
    ------------------------------------------------------------

    controlcell: Name =\LEDPWM:PWMUDB:genblk1:ctrlreg\
        PORT MAP (
            clock => Net_77 ,
            control_7 => \LEDPWM:PWMUDB:control_7\ ,
            control_6 => \LEDPWM:PWMUDB:control_6\ ,
            control_5 => \LEDPWM:PWMUDB:control_5\ ,
            control_4 => \LEDPWM:PWMUDB:control_4\ ,
            control_3 => \LEDPWM:PWMUDB:control_3\ ,
            control_2 => \LEDPWM:PWMUDB:control_2\ ,
            control_1 => \LEDPWM:PWMUDB:control_1\ ,
            control_0 => \LEDPWM:PWMUDB:control_0\ );
        Properties:
        {
            cy_ctrl_mode_0 = "11111111"
            cy_ctrl_mode_1 = "00000000"
            cy_ext_reset = 0
            cy_force_order = 1
            cy_init_value = "00000000"
        }
        Clock Polarity: Active High
        Clock Enable: True
    </CYPRESSTAG>
    <CYPRESSTAG name="Count7 listing">
    </CYPRESSTAG>
    <CYPRESSTAG name="DRQ listing">
    </CYPRESSTAG>
    <CYPRESSTAG name="Interrupt listing">

    ------------------------------------------------------------
    Interrupt listing
    ------------------------------------------------------------

    interrupt: Name =TimerInterrupt
        PORT MAP (
            interrupt => Net_11 );
        Properties:
        {
            int_type = "10"
            is_nmi = 0
        }

    interrupt: Name =LEDOffInterrupt
        PORT MAP (
            interrupt => Net_27 );
        Properties:
        {
            int_type = "10"
            is_nmi = 0
        }
    </CYPRESSTAG>
</CYPRESSTAG>
<CYPRESSTAG name="Technology mapping summary" expanded>

------------------------------------------------------------
Technology mapping summary
------------------------------------------------------------

Resource Type                 : Used : Free :  Max :  % Used
============================================================
Digital Clocks                :    3 :    5 :    8 : 37.50 %
Analog Clocks                 :    0 :    4 :    4 :  0.00 %
CapSense Buffers              :    0 :    2 :    2 :  0.00 %
Digital Filter Block          :    0 :    1 :    1 :  0.00 %
Interrupts                    :    2 :   30 :   32 :  6.25 %
IO                            :    4 :   44 :   48 :  8.33 %
Segment LCD                   :    0 :    1 :    1 :  0.00 %
CAN 2.0b                      :    0 :    1 :    1 :  0.00 %
I2C                           :    0 :    1 :    1 :  0.00 %
USB                           :    0 :    1 :    1 :  0.00 %
DMA Channels                  :    0 :   24 :   24 :  0.00 %
Timer                         :    2 :    2 :    4 : 50.00 %
UDB                           :      :      :      :        
  Macrocells                  :    8 :  184 :  192 :  4.17 %
  Unique P-terms              :    7 :  377 :  384 :  1.82 %
  Total P-terms               :    7 :      :      :        
  Datapath Cells              :    1 :   23 :   24 :  4.17 %
  Status Cells                :    1 :   23 :   24 :  4.17 %
    StatusI Registers         :    1 :      :      :        
  Control Cells               :    1 :   23 :   24 :  4.17 %
    Control Registers         :    1 :      :      :        
Opamp                         :    0 :    4 :    4 :  0.00 %
Comparator                    :    0 :    4 :    4 :  0.00 %
Delta-Sigma ADC               :    0 :    1 :    1 :  0.00 %
LPF                           :    0 :    2 :    2 :  0.00 %
SAR ADC                       :    0 :    2 :    2 :  0.00 %
Analog (SC/CT) Blocks         :    0 :    4 :    4 :  0.00 %
DAC                           :      :      :      :        
  VIDAC                       :    0 :    4 :    4 :  0.00 %
</CYPRESSTAG>
Technology Mapping: Elapsed time ==> 0s.034ms
Tech Mapping phase: Elapsed time ==> 0s.107ms
</CYPRESSTAG>
<CYPRESSTAG name="Analog Placement">
Initial Analog Placement Results:
IO_1@[IOP=(2)][IoId=(1)] : LED(0) (fixed)
Analog Placement phase: Elapsed time ==> 0s.014ms
</CYPRESSTAG>
<CYPRESSTAG name="Analog Routing">
Analog Routing phase: Elapsed time ==> 0s.000ms
</CYPRESSTAG>
<CYPRESSTAG name="Analog Code Generation">
============ Analog Final Answer Routes ============
Dump of CyAnalogRoutingResultsDB
Map of net to items {
}
Map of item to net {
}
Mux Info {
}
Dump of CyP35AnalogRoutingResultsDB
IsVddaHalfUsedForComp = False
IsVddaHalfUsedForSar0 = False
IsVddaHalfUsedForSar1 = False
Analog Code Generation phase: Elapsed time ==> 0s.303ms
</CYPRESSTAG>
<CYPRESSTAG name="Digital Placement">
<CYPRESSTAG name="Detailed placement messages">
I2076: Total run-time: 0.5 sec.

</CYPRESSTAG>
<CYPRESSTAG name="PLD Packing">
<CYPRESSTAG name="PLD Packing Summary" expanded>

------------------------------------------------------------
PLD Packing Summary
------------------------------------------------------------
            Resource Type : Used : Free :  Max :  % Used
    ====================================================
                     PLDs :    3 :   45 :   48 :   6.25%

<CYPRESSTAG name="PLD Statistics">

        PLD Resource Type :     Average/LAB
    =======================================
                   Inputs :            2.67
                   Pterms :            2.33
               Macrocells :            2.67
</CYPRESSTAG>
<CYPRESSTAG name="Packed PLD Contents">
Packed PLD Contents not displayed at this verbose level.</CYPRESSTAG>
</CYPRESSTAG>
PLD Packing: Elapsed time ==> 0s.000ms
</CYPRESSTAG>
<CYPRESSTAG name="Partitioning">
<CYPRESSTAG name="Initial Partitioning Summary">
Initial Partitioning Summary not displayed at this verbose level.</CYPRESSTAG>
<CYPRESSTAG name="Final Partitioning Summary">
Final Partitioning Summary not displayed at this verbose level.</CYPRESSTAG>
Partitioning: Elapsed time ==> 0s.008ms
</CYPRESSTAG>
<CYPRESSTAG name="Final Placement Summary">

------------------------------------------------------------
Final Placement Summary
------------------------------------------------------------

       Resource Type :      Count : Avg Inputs : Avg Outputs
    ========================================================
                 UDB :          2 :       3.50 :       4.00
<CYPRESSTAG name="Final Placement Details">
<CYPRESSTAG name="Component Details">

------------------------------------------------------------
Component Placement Details
------------------------------------------------------------
UDB [UDB=(0,0)] is empty.
UDB [UDB=(0,1)] is empty.
UDB [UDB=(0,2)] is empty.
UDB [UDB=(0,3)] contents:
LAB@[UDB=(0,3)][LB=0] #macrocells=1, #inputs=0, #pterms=0
{
    [McSlotId=0]:     MacroCell: Name=__ONE__, Mode=(Combinatorial) @ [UDB=(0,3)][LB=0][MC=0]
        Total # of inputs        : 0
        Total # of product terms : 0
            Clock Enable: True
        Main Equation            : 0 pterms
        !(
            0
        );
        Output = __ONE__ (fanout=2)
        Properties               : 
        {
        }

    [McSlotId=1]: (empty)
    [McSlotId=2]: (empty)
    [McSlotId=3]: (empty)
}

UDB [UDB=(0,4)] is empty.
UDB [UDB=(0,5)] is empty.
UDB [UDB=(1,0)] is empty.
UDB [UDB=(1,1)] is empty.
UDB [UDB=(1,2)] is empty.
UDB [UDB=(1,3)] contents:
LAB@[UDB=(1,3)][LB=0] #macrocells=4, #inputs=4, #pterms=4
{
    [McSlotId=0]:     MacroCell: Name=\LEDPWM:PWMUDB:status_1\, Mode=(D-Register) @ [UDB=(1,3)][LB=0][MC=0]
        Total # of inputs        : 2
        Total # of product terms : 1
        List of special equations: 
            Clock  = (Net_77) => Global
            Clock Enable: True
        Main Equation            : 1 pterm
        (
              !\LEDPWM:PWMUDB:prevCompare2\ * \LEDPWM:PWMUDB:cmp2_less\
        );
        Output = \LEDPWM:PWMUDB:status_1\ (fanout=1)
        Properties               : 
        {
        }

    [McSlotId=1]:     MacroCell: Name=\LEDPWM:PWMUDB:prevCompare2\, Mode=(D-Register) @ [UDB=(1,3)][LB=0][MC=1]
        Total # of inputs        : 1
        Total # of product terms : 1
        List of special equations: 
            Clock  = (Net_77) => Global
            Clock Enable: True
        Main Equation            : 1 pterm
        (
              \LEDPWM:PWMUDB:cmp2_less\
        );
        Output = \LEDPWM:PWMUDB:prevCompare2\ (fanout=1)
        Properties               : 
        {
        }

    [McSlotId=2]:     MacroCell: Name=\LEDPWM:PWMUDB:status_0\, Mode=(D-Register) @ [UDB=(1,3)][LB=0][MC=2]
        Total # of inputs        : 2
        Total # of product terms : 1
        List of special equations: 
            Clock  = (Net_77) => Global
            Clock Enable: True
        Main Equation            : 1 pterm
        (
              !\LEDPWM:PWMUDB:prevCompare1\ * \LEDPWM:PWMUDB:cmp1_less\
        );
        Output = \LEDPWM:PWMUDB:status_0\ (fanout=1)
        Properties               : 
        {
        }

    [McSlotId=3]:     MacroCell: Name=\LEDPWM:PWMUDB:prevCompare1\, Mode=(D-Register) @ [UDB=(1,3)][LB=0][MC=3]
        Total # of inputs        : 1
        Total # of product terms : 1
        List of special equations: 
            Clock  = (Net_77) => Global
            Clock Enable: True
        Main Equation            : 1 pterm
        (
              \LEDPWM:PWMUDB:cmp1_less\
        );
        Output = \LEDPWM:PWMUDB:prevCompare1\ (fanout=1)
        Properties               : 
        {
        }
}

LAB@[UDB=(1,3)][LB=1] #macrocells=3, #inputs=4, #pterms=3
{
    [McSlotId=0]:     MacroCell: Name=Net_109, Mode=(D-Register) @ [UDB=(1,3)][LB=1][MC=0]
        Total # of inputs        : 2
        Total # of product terms : 1
        List of special equations: 
            Clock  = (Net_77) => Global
            Clock Enable: True
        Main Equation            : 1 pterm
        (
              \LEDPWM:PWMUDB:runmode_enable\ * \LEDPWM:PWMUDB:cmp1_less\
        );
        Output = Net_109 (fanout=1)
        Properties               : 
        {
        }

    [McSlotId=1]:     MacroCell: Name=\LEDPWM:PWMUDB:runmode_enable\, Mode=(D-Register) @ [UDB=(1,3)][LB=1][MC=1]
        Total # of inputs        : 1
        Total # of product terms : 1
        List of special equations: 
            Clock  = (Net_77) => Global
            Clock Enable: True
        Main Equation            : 1 pterm
        (
              \LEDPWM:PWMUDB:control_7\
        );
        Output = \LEDPWM:PWMUDB:runmode_enable\ (fanout=3)
        Properties               : 
        {
        }

    [McSlotId=2]:     MacroCell: Name=\LEDPWM:PWMUDB:status_2\, Mode=(Combinatorial) @ [UDB=(1,3)][LB=1][MC=2]
        Total # of inputs        : 2
        Total # of product terms : 1
            Clock Enable: True
        Main Equation            : 1 pterm
        (
              \LEDPWM:PWMUDB:runmode_enable\ * \LEDPWM:PWMUDB:tc_i\
        );
        Output = \LEDPWM:PWMUDB:status_2\ (fanout=1)
        Properties               : 
        {
        }

    [McSlotId=3]: (empty)
}

datapathcell: Name =\LEDPWM:PWMUDB:sP8:pwmdp:u0\
    PORT MAP (
        clock => Net_77 ,
        cs_addr_2 => \LEDPWM:PWMUDB:tc_i\ ,
        cs_addr_1 => \LEDPWM:PWMUDB:runmode_enable\ ,
        cl0_comb => \LEDPWM:PWMUDB:cmp1_less\ ,
        z0_comb => \LEDPWM:PWMUDB:tc_i\ ,
        cl1_comb => \LEDPWM:PWMUDB:cmp2_less\ ,
        f1_blk_stat_comb => \LEDPWM:PWMUDB:status_3\ );
    Properties:
    {
        a0_init = "00000000"
        a1_init = "00000000"
        ce0_sync = 1
        ce1_sync = 1
        cl0_sync = 1
        cl1_sync = 1
        cmsb_sync = 1
        co_msb_sync = 1
        cy_dpconfig = "0000000001000000000000001100000001000000010000000000000011000000000000001100000000000000110000000000000011000000000000001100000011111111000000001111111111111111101000000000000000000100000000000000000000011000"
        d0_init = "00000000"
        d1_init = "00000000"
        f0_blk_sync = 1
        f0_bus_sync = 1
        f1_blk_sync = 1
        f1_bus_sync = 1
        ff0_sync = 1
        ff1_sync = 1
        ov_msb_sync = 1
        so_sync = 1
        z0_sync = 1
        z1_sync = 1
    }
    Clock Polarity: Active High
    Clock Enable: True

statusicell: Name =\LEDPWM:PWMUDB:genblk8:stsreg\
    PORT MAP (
        clock => Net_77 ,
        status_3 => \LEDPWM:PWMUDB:status_3\ ,
        status_2 => \LEDPWM:PWMUDB:status_2\ ,
        status_1 => \LEDPWM:PWMUDB:status_1\ ,
        status_0 => \LEDPWM:PWMUDB:status_0\ );
    Properties:
    {
        cy_force_order = 1
        cy_int_mask = "1111111"
        cy_md_select = "0100111"
    }
    Clock Polarity: Active High
    Clock Enable: True

controlcell: Name =\LEDPWM:PWMUDB:genblk1:ctrlreg\
    PORT MAP (
        clock => Net_77 ,
        control_7 => \LEDPWM:PWMUDB:control_7\ ,
        control_6 => \LEDPWM:PWMUDB:control_6\ ,
        control_5 => \LEDPWM:PWMUDB:control_5\ ,
        control_4 => \LEDPWM:PWMUDB:control_4\ ,
        control_3 => \LEDPWM:PWMUDB:control_3\ ,
        control_2 => \LEDPWM:PWMUDB:control_2\ ,
        control_1 => \LEDPWM:PWMUDB:control_1\ ,
        control_0 => \LEDPWM:PWMUDB:control_0\ );
    Properties:
    {
        cy_ctrl_mode_0 = "11111111"
        cy_ctrl_mode_1 = "00000000"
        cy_ext_reset = 0
        cy_force_order = 1
        cy_init_value = "00000000"
    }
    Clock Polarity: Active High
    Clock Enable: True

UDB [UDB=(1,4)] is empty.
UDB [UDB=(1,5)] is empty.
UDB [UDB=(2,0)] is empty.
UDB [UDB=(2,1)] is empty.
UDB [UDB=(2,2)] is empty.
UDB [UDB=(2,3)] is empty.
UDB [UDB=(2,4)] is empty.
UDB [UDB=(2,5)] is empty.
UDB [UDB=(3,0)] is empty.
UDB [UDB=(3,1)] is empty.
UDB [UDB=(3,2)] is empty.
UDB [UDB=(3,3)] is empty.
UDB [UDB=(3,4)] is empty.
UDB [UDB=(3,5)] is empty.
Intr container @ [IntrContainer=(0)]: 
  Intr@ [IntrContainer=(0)][IntrId=(17)] 
    interrupt: Name =LEDOffInterrupt
        PORT MAP (
            interrupt => Net_27 );
        Properties:
        {
            int_type = "10"
            is_nmi = 0
        }
  Intr@ [IntrContainer=(0)][IntrId=(18)] 
    interrupt: Name =TimerInterrupt
        PORT MAP (
            interrupt => Net_11 );
        Properties:
        {
            int_type = "10"
            is_nmi = 0
        }
Drq container @ [DrqContainer=(0)]: empty
Port 0 contains the following IO cells:
Port 1 contains the following IO cells:
Port 2 contains the following IO cells:
[IoId=1]: 
Pin : Name = LED(0)
    Attributes:
        In Group/Port: True
        In Sync Option: AUTO
        Out Sync Option: NOSYNC
        Interrupt generated: False
        Interrupt mode: NONE
        Drive mode: CMOS_OUT
        VTrip: EITHER
        Slew: FAST
        Input Sync needed: False
        Output Sync needed: False
        SC shield enabled: False
        POR State: ANY
        LCD Mode: COMMON
        Register Mode: RegComb
        CaSense Mode: NEITHER
        Treat as pin: True
        Is OE Registered: False
        Uses Analog: False
        Can contain Digital: True
        Is SIO: False
        SIO Output Buf: NONREGULATED
        SIO Input Buf: SINGLE_ENDED
        SIO HiFreq: LOW
        SIO Hyst: DISABLED
        SIO Vtrip: MULTIPLIER_0_5
        SIO Multiplier Index: 0
        SIO RefSel: VCC_IO
        Required Capabilities: DIGITAL, ROUTABLE
        Initial Value: 0
        IO Voltage: 0
    PORT MAP (
        pa_out => LED(0)__PA ,
        pin_input => Net_109 ,
        pad => LED(0)_PAD );
    Properties:
    {
    }

Port 3 contains the following IO cells:
Port 12 contains the following IO cells:
Port 15 contains the following IO cells:
ARM group 0: empty
CAN group 0: empty
Cache group 0: empty
CapSense group 0: empty
Clock group 0: 
    Clock Block @ F(Clock,0): 
    clockblockcell: Name =ClockBlock
        PORT MAP (
            imo => ClockBlock_IMO ,
            pllout => ClockBlock_PLL_OUT ,
            ilo => ClockBlock_ILO ,
            clk_100k => ClockBlock_100k ,
            clk_1k => ClockBlock_1k ,
            clk_32k => ClockBlock_32k ,
            xtal => ClockBlock_XTAL ,
            clk_32k_xtal => ClockBlock_XTAL_32KHZ ,
            clk_sync => ClockBlock_MASTER_CLK ,
            clk_bus_glb => ClockBlock_BUS_CLK ,
            clk_bus => ClockBlock_BUS_CLK_local ,
            dclk_glb_0 => Net_77 ,
            dclk_0 => Net_77_local ,
            dclk_glb_1 => Net_33 ,
            dclk_1 => Net_33_local ,
            dclk_glb_2 => Net_10 ,
            dclk_2 => Net_10_local );
        Properties:
        {
        }
Comparator group 0: empty
DFB group 0: empty
DSM group 0: empty
Decimator group 0: empty
EMIF group 0: empty
I2C group 0: empty
LCD group 0: empty
LVD group 0: empty
PICU group 0: empty
PM group 0: empty
SC group 0: empty
SPC group 0: empty
Timer group 0: 
    Timer Block @ F(Timer,0): 
    timercell: Name =\LEDDuration:TimerHW\
        PORT MAP (
            clock => Net_33 ,
            enable => __ONE__ ,
            tc => \LEDDuration:Net_51\ ,
            cmp => \LEDDuration:Net_261\ ,
            irq => Net_27 );
        Properties:
        {
            cy_registers = ""
        }
    Timer Block @ F(Timer,1): 
    timercell: Name =\Timer_1:TimerHW\
        PORT MAP (
            clock => Net_10 ,
            enable => __ONE__ ,
            tc => \Timer_1:Net_51\ ,
            cmp => \Timer_1:Net_261\ ,
            irq => Net_11 );
        Properties:
        {
            cy_registers = ""
        }
USB group 0: empty
VIDAC group 0: empty
OpAmp group 0: empty
CsAbuf group 0: empty
Vref group 0: empty
LPF group 0: empty
SAR group 0: empty
ANAIF group 0: empty
PHUB group 0: empty
</CYPRESSTAG>
<CYPRESSTAG name="Port Configuration Details">

------------------------------------------------------------
Port Configuration report
------------------------------------------------------------
     |     |       | Interrupt |                  |        | 
Port | Pin | Fixed |      Type |       Drive Mode |   Name | Connections
-----+-----+-------+-----------+------------------+--------+------------
   2 |   1 |     * |      NONE |         CMOS_OUT | LED(0) | In(Net_109)
------------------------------------------------------------------------
</CYPRESSTAG>
</CYPRESSTAG>
</CYPRESSTAG>
Digital component placer commit/Report: Elapsed time ==> 0s.007ms
Digital Placement phase: Elapsed time ==> 0s.792ms
</CYPRESSTAG>
<CYPRESSTAG name="Digital Routing">
"C:\Program Files (x86)\Cypress\PSoC Creator\4.3\PSoC Creator\bin/sjrouter.exe" --xml-path "C:\Program Files (x86)\Cypress\PSoC Creator\4.3\PSoC Creator\dev\psoc5/psoc5lp/route_arch-rrg.cydata" --vh2-path "TimerInterrupt_r.vh2" --pcf-path "TimerInterrupt.pco" --des-name "TimerInterrupt" --dsf-path "TimerInterrupt.dsf" --sdc-path "TimerInterrupt.sdc" --lib-path "TimerInterrupt_r.lib"
Routing successful.
Digital Routing phase: Elapsed time ==> 1s.100ms
</CYPRESSTAG>
<CYPRESSTAG name="Bitstream Generation">
Bitstream Generation phase: Elapsed time ==> 0s.181ms
</CYPRESSTAG>
<CYPRESSTAG name="Bitstream Verification">
Bitstream Verification phase: Elapsed time ==> 0s.030ms
</CYPRESSTAG>
<CYPRESSTAG name="Static timing analysis">
Timing report is in TimerInterrupt_timing.html.
Static timing analysis phase: Elapsed time ==> 0s.209ms
</CYPRESSTAG>
<CYPRESSTAG name="Data reporting">
Data reporting phase: Elapsed time ==> 0s.000ms
</CYPRESSTAG>
<CYPRESSTAG name="Database update...">
Design database save phase: Elapsed time ==> 0s.153ms
</CYPRESSTAG>
cydsfit: Elapsed time ==> 2s.941ms
</CYPRESSTAG>
Fitter phase: Elapsed time ==> 2s.941ms
API generation phase: Elapsed time ==> 1s.048ms
Dependency generation phase: Elapsed time ==> 0s.024ms
Cleanup phase: Elapsed time ==> 0s.002ms
