--------------- Build Started: 04/30/2020 01:05:56 Project: Symphonius, Configuration: ARM GCC 5.4-2016-q2-update Debug ---------------
cydsfit.exe -.appdatapath "C:\Users\dshen\AppData\Local\Cypress Semiconductor\PSoC Creator\4.3" -.fdsnotice -.fdswarpdepfile=warp_dependencies.txt -.fdselabdepfile=elab_dependencies.txt -.fdsbldfile=generated_files.txt -.fdsreffile=referenced_files.txt -p C:\Users\dshen\Documents\school\me135\symphonius\Symphonius\Symphonius.cydsn\Symphonius.cyprj -d CY8C5888LTI-LP097 -s C:\Users\dshen\Documents\school\me135\symphonius\Symphonius\Symphonius.cydsn\Generated_Source\PSoC5 -- -yv2 -q10 -ygs -o2 -v3 -.fftcfgtype=LE
Elaborating Design...
HDL Generation...
Synthesis...
Tech Mapping...
Analog Placement...
Analog Routing...
Analog Code Generation...
Digital Placement...
Digital Routing...
Bitstream Generation...
Bitstream Verification...
Static timing analysis...
API Generation...
Dependency Generation...
Cleanup...
Unable to add item 'Note_clock' to 'PSoC5'. 'A file of the given name already exists. Please enter a valid name.'
Unable to add item 'Note_clock' to 'PSoC5'. 'A file of the given name already exists. Please enter a valid name.'
--------------- Build Succeeded: 04/30/2020 01:06:27 ---------------
